 execution time: 33.03ms; select count(*) as aggregate from `article` where `status` = "1"

 execution time: 6.66ms; select * from `article` where `status` = "1" order by `update_at` desc limit 3 offset 0

 execution time: 6.21ms; select count(*) as aggregate from `article` where `status` = "1"

 execution time: 6.86ms; select * from `article` where `status` = "1" order by `update_at` desc limit 6 offset 0

 execution time: 6.56ms; select count(*) as aggregate from `article` where `status` = "1"

 execution time: 5.9ms; select * from `article` where `status` = "1" order by `create_at` desc limit 6 offset 0

 execution time: 6.48ms; select count(*) as aggregate from `article` where `status` = "1"

 execution time: 5.89ms; select * from `article` where `status` = "1" order by `browse` desc limit 6 offset 0

 execution time: 34.12ms; select count(*) as aggregate from `article` where `status` = "1"

 execution time: 6.77ms; select * from `article` where `status` = "1" order by `update_at` desc limit 3 offset 0

 execution time: 7.2ms; select count(*) as aggregate from `article` where `status` = "1"

 execution time: 6.89ms; select * from `article` where `status` = "1" order by `update_at` desc limit 6 offset 0

 execution time: 6.51ms; select count(*) as aggregate from `article` where `status` = "1"

 execution time: 5.92ms; select * from `article` where `status` = "1" order by `create_at` desc limit 6 offset 0

 execution time: 6.53ms; select count(*) as aggregate from `article` where `status` = "1"

 execution time: 5.91ms; select * from `article` where `status` = "1" order by `browse` desc limit 6 offset 0

 execution time: 33.06ms; select count(*) as aggregate from `article` where `status` = "1"

 execution time: 6.72ms; select * from `article` where `status` = "1" order by `update_at` desc limit 3 offset 0

 execution time: 6.21ms; select count(*) as aggregate from `article` where `status` = "1"

 execution time: 5.9ms; select * from `article` where `status` = "1" order by `update_at` desc limit 6 offset 0

 execution time: 6.53ms; select count(*) as aggregate from `article` where `status` = "1"

 execution time: 6.92ms; select * from `article` where `status` = "1" order by `create_at` desc limit 6 offset 0

 execution time: 6.45ms; select count(*) as aggregate from `article` where `status` = "1"

 execution time: 6.88ms; select * from `article` where `status` = "1" order by `browse` desc limit 6 offset 0

 execution time: 36.13ms; select count(*) as aggregate from `article` where `status` = "1"

 execution time: 7.76ms; select * from `article` where `status` = "1" order by `update_at` desc limit 3 offset 0

 execution time: 6.27ms; select count(*) as aggregate from `article` where `status` = "1"

 execution time: 6.9ms; select * from `article` where `status` = "1" order by `update_at` desc limit 6 offset 0

 execution time: 7.57ms; select count(*) as aggregate from `article` where `status` = "1"

 execution time: 6.88ms; select * from `article` where `status` = "1" order by `create_at` desc limit 6 offset 0

 execution time: 6.5ms; select count(*) as aggregate from `article` where `status` = "1"

 execution time: 5.88ms; select * from `article` where `status` = "1" order by `browse` desc limit 6 offset 0

 execution time: 35.15ms; select count(*) as aggregate from `article` where `status` = "1"

 execution time: 6.79ms; select * from `article` where `status` = "1" order by `update_at` desc limit 3 offset 0

 execution time: 6.22ms; select count(*) as aggregate from `article` where `status` = "1"

 execution time: 5.91ms; select * from `article` where `status` = "1" order by `update_at` desc limit 6 offset 0

 execution time: 6.55ms; select count(*) as aggregate from `article` where `status` = "1"

 execution time: 6.89ms; select * from `article` where `status` = "1" order by `create_at` desc limit 6 offset 0

 execution time: 6.52ms; select count(*) as aggregate from `article` where `status` = "1"

 execution time: 5.91ms; select * from `article` where `status` = "1" order by `browse` desc limit 6 offset 0

 execution time: 35.07ms; select count(*) as aggregate from `article` where `status` = "1"

 execution time: 7.78ms; select * from `article` where `status` = "1" order by `update_at` desc limit 3 offset 0

 execution time: 7.13ms; select count(*) as aggregate from `article` where `status` = "1"

 execution time: 5.95ms; select * from `article` where `status` = "1" order by `update_at` desc limit 6 offset 0

 execution time: 8.48ms; select count(*) as aggregate from `article` where `status` = "1"

 execution time: 7.9ms; select * from `article` where `status` = "1" order by `create_at` desc limit 6 offset 0

 execution time: 8.46ms; select count(*) as aggregate from `article` where `status` = "1"

 execution time: 10.9ms; select * from `article` where `status` = "1" order by `browse` desc limit 6 offset 0

 execution time: 44.86ms; select count(*) as aggregate from `article` where `status` = "1"

 execution time: 6.77ms; select * from `article` where `status` = "1" order by `update_at` desc limit 3 offset 0

 execution time: 7.23ms; select count(*) as aggregate from `article` where `status` = "1"

 execution time: 6.88ms; select * from `article` where `status` = "1" order by `update_at` desc limit 6 offset 0

 execution time: 7.5ms; select count(*) as aggregate from `article` where `status` = "1"

 execution time: 7.89ms; select * from `article` where `status` = "1" order by `create_at` desc limit 6 offset 0

 execution time: 7.55ms; select count(*) as aggregate from `article` where `status` = "1"

 execution time: 6.92ms; select * from `article` where `status` = "1" order by `browse` desc limit 6 offset 0

 execution time: 36.1ms; select count(*) as aggregate from `article` where `status` = "1"

 execution time: 6.8ms; select * from `article` where `status` = "1" order by `update_at` desc limit 3 offset 0

 execution time: 6.2ms; select count(*) as aggregate from `article` where `status` = "1"

 execution time: 5.93ms; select * from `article` where `status` = "1" order by `update_at` desc limit 6 offset 0

 execution time: 6.53ms; select count(*) as aggregate from `article` where `status` = "1"

 execution time: 5.9ms; select * from `article` where `status` = "1" order by `create_at` desc limit 6 offset 0

 execution time: 7.51ms; select count(*) as aggregate from `article` where `status` = "1"

 execution time: 5.87ms; select * from `article` where `status` = "1" order by `browse` desc limit 6 offset 0

 execution time: 38.07ms; select count(*) as aggregate from `article` where `status` = "1"

 execution time: 6.78ms; select * from `article` where `status` = "1" order by `update_at` desc limit 3 offset 0

 execution time: 8.21ms; select count(*) as aggregate from `article` where `status` = "1"

 execution time: 6.91ms; select * from `article` where `status` = "1" order by `update_at` desc limit 6 offset 0

 execution time: 6.56ms; select count(*) as aggregate from `article` where `status` = "1"

 execution time: 5.93ms; select * from `article` where `status` = "1" order by `create_at` desc limit 6 offset 0

 execution time: 6.6ms; select count(*) as aggregate from `article` where `status` = "1"

 execution time: 5.89ms; select * from `article` where `status` = "1" order by `browse` desc limit 6 offset 0

 execution time: 35.96ms; select count(*) as aggregate from `article` where `status` = "1"

 execution time: 7.77ms; select * from `article` where `status` = "1" order by `update_at` desc limit 3 offset 0

 execution time: 7.23ms; select count(*) as aggregate from `article` where `status` = "1"

 execution time: 6.9ms; select * from `article` where `status` = "1" order by `update_at` desc limit 6 offset 0

 execution time: 6.53ms; select count(*) as aggregate from `article` where `status` = "1"

 execution time: 6.91ms; select * from `article` where `status` = "1" order by `create_at` desc limit 6 offset 0

 execution time: 7.57ms; select count(*) as aggregate from `article` where `status` = "1"

 execution time: 6.9ms; select * from `article` where `status` = "1" order by `browse` desc limit 6 offset 0

 execution time: 28.57ms; select count(*) as aggregate from `article` where `status` = "1"

 execution time: 6.78ms; select * from `article` where `status` = "1" order by `update_at` desc limit 3 offset 0

 execution time: 6.27ms; select count(*) as aggregate from `article` where `status` = "1"

 execution time: 6.83ms; select * from `article` where `status` = "1" order by `update_at` desc limit 6 offset 0

 execution time: 6.5ms; select count(*) as aggregate from `article` where `status` = "1"

 execution time: 5.91ms; select * from `article` where `status` = "1" order by `create_at` desc limit 6 offset 0

 execution time: 6.52ms; select count(*) as aggregate from `article` where `status` = "1"

 execution time: 5.91ms; select * from `article` where `status` = "1" order by `browse` desc limit 6 offset 0

 execution time: 33.99ms; select count(*) as aggregate from `article` where `status` = "1"

 execution time: 3.36ms; select * from `article` where `status` = "1" order by `update_at` desc limit 3 offset 0

 execution time: 8.61ms; select count(*) as aggregate from `article` where `status` = "1"

 execution time: 5.9ms; select * from `article` where `status` = "1" order by `update_at` desc limit 6 offset 0

 execution time: 6.54ms; select count(*) as aggregate from `article` where `status` = "1"

 execution time: 5.93ms; select * from `article` where `status` = "1" order by `create_at` desc limit 6 offset 0

 execution time: 6.49ms; select count(*) as aggregate from `article` where `status` = "1"

 execution time: 5.9ms; select * from `article` where `status` = "1" order by `browse` desc limit 6 offset 0

 execution time: 32.97ms; select count(*) as aggregate from `article` where `status` = "1"

 execution time: 7.76ms; select * from `article` where `status` = "1" order by `update_at` desc limit 3 offset 0

 execution time: 7.29ms; select count(*) as aggregate from `article` where `status` = "1"

 execution time: 6.87ms; select * from `article` where `status` = "1" order by `update_at` desc limit 6 offset 0

 execution time: 7.51ms; select count(*) as aggregate from `article` where `status` = "1"

 execution time: 6.91ms; select * from `article` where `status` = "1" order by `create_at` desc limit 6 offset 0

 execution time: 7.48ms; select count(*) as aggregate from `article` where `status` = "1"

 execution time: 6.92ms; select * from `article` where `status` = "1" order by `browse` desc limit 6 offset 0

 execution time: 37.05ms; select count(*) as aggregate from `article` where `status` = "1"

 execution time: 10.78ms; select * from `article` where `status` = "1" order by `update_at` desc limit 3 offset 0

 execution time: 6.21ms; select count(*) as aggregate from `article` where `status` = "1"

 execution time: 6.86ms; select * from `article` where `status` = "1" order by `update_at` desc limit 6 offset 0

 execution time: 6.59ms; select count(*) as aggregate from `article` where `status` = "1"

 execution time: 4.9ms; select * from `article` where `status` = "1" order by `create_at` desc limit 6 offset 0

 execution time: 6.55ms; select count(*) as aggregate from `article` where `status` = "1"

 execution time: 5.91ms; select * from `article` where `status` = "1" order by `browse` desc limit 6 offset 0

 execution time: 32.16ms; select count(*) as aggregate from `article` where `status` = "1"

 execution time: 6.74ms; select * from `article` where `status` = "1" order by `update_at` desc limit 3 offset 0

 execution time: 6.26ms; select count(*) as aggregate from `article` where `status` = "1"

 execution time: 5.93ms; select * from `article` where `status` = "1" order by `update_at` desc limit 6 offset 0

 execution time: 6.55ms; select count(*) as aggregate from `article` where `status` = "1"

 execution time: 5.9ms; select * from `article` where `status` = "1" order by `create_at` desc limit 6 offset 0

 execution time: 6.56ms; select count(*) as aggregate from `article` where `status` = "1"

 execution time: 5.93ms; select * from `article` where `status` = "1" order by `browse` desc limit 6 offset 0

 execution time: 36.34ms; select count(*) as aggregate from `article` where `status` = "1"

 execution time: 8.77ms; select * from `article` where `status` = "1" order by `update_at` desc limit 3 offset 0

 execution time: 8.13ms; select count(*) as aggregate from `article` where `status` = "1"

 execution time: 6.92ms; select * from `article` where `status` = "1" order by `update_at` desc limit 6 offset 0

 execution time: 7.53ms; select count(*) as aggregate from `article` where `status` = "1"

 execution time: 6.93ms; select * from `article` where `status` = "1" order by `create_at` desc limit 6 offset 0

 execution time: 7.47ms; select count(*) as aggregate from `article` where `status` = "1"

 execution time: 5.9ms; select * from `article` where `status` = "1" order by `browse` desc limit 6 offset 0

 execution time: 35.81ms; select count(*) as aggregate from `article` where `status` = "1"

 execution time: 7.77ms; select * from `article` where `status` = "1" order by `update_at` desc limit 3 offset 0

 execution time: 9.22ms; select count(*) as aggregate from `article` where `status` = "1"

 execution time: 7.84ms; select * from `article` where `status` = "1" order by `update_at` desc limit 6 offset 0

 execution time: 6.48ms; select count(*) as aggregate from `article` where `status` = "1"

 execution time: 7.89ms; select * from `article` where `status` = "1" order by `create_at` desc limit 6 offset 0

 execution time: 7.42ms; select count(*) as aggregate from `article` where `status` = "1"

 execution time: 7.87ms; select * from `article` where `status` = "1" order by `browse` desc limit 6 offset 0

 execution time: 33.11ms; select count(*) as aggregate from `article` where `status` = "1"

 execution time: 6.78ms; select * from `article` where `status` = "1" order by `update_at` desc limit 3 offset 0

 execution time: 7.21ms; select count(*) as aggregate from `article` where `status` = "1"

 execution time: 7.91ms; select * from `article` where `status` = "1" order by `update_at` desc limit 6 offset 0

 execution time: 6.56ms; select count(*) as aggregate from `article` where `status` = "1"

 execution time: 5.92ms; select * from `article` where `status` = "1" order by `create_at` desc limit 6 offset 0

 execution time: 6.62ms; select count(*) as aggregate from `article` where `status` = "1"

 execution time: 5.92ms; select * from `article` where `status` = "1" order by `browse` desc limit 6 offset 0

 execution time: 41.85ms; select count(*) as aggregate from `article` where `status` = "1"

 execution time: 7.76ms; select * from `article` where `status` = "1" order by `update_at` desc limit 3 offset 0

 execution time: 8.21ms; select count(*) as aggregate from `article` where `status` = "1"

 execution time: 7.91ms; select * from `article` where `status` = "1" order by `update_at` desc limit 6 offset 0

 execution time: 7.59ms; select count(*) as aggregate from `article` where `status` = "1"

 execution time: 7.87ms; select * from `article` where `status` = "1" order by `create_at` desc limit 6 offset 0

 execution time: 8.51ms; select count(*) as aggregate from `article` where `status` = "1"

 execution time: 7.91ms; select * from `article` where `status` = "1" order by `browse` desc limit 6 offset 0

 execution time: 38.81ms; select count(*) as aggregate from `article` where `status` = "1"

 execution time: 6.78ms; select * from `article` where `status` = "1" order by `update_at` desc limit 3 offset 0

 execution time: 7.19ms; select count(*) as aggregate from `article` where `status` = "1"

 execution time: 6.96ms; select * from `article` where `status` = "1" order by `update_at` desc limit 6 offset 0

 execution time: 3.63ms; select count(*) as aggregate from `article` where `status` = "1"

 execution time: 7.92ms; select * from `article` where `status` = "1" order by `create_at` desc limit 6 offset 0

 execution time: 7.49ms; select count(*) as aggregate from `article` where `status` = "1"

 execution time: 6.9ms; select * from `article` where `status` = "1" order by `browse` desc limit 6 offset 0

 execution time: 39.81ms; select count(*) as aggregate from `article` where `status` = "1"

 execution time: 7.75ms; select * from `article` where `status` = "1" order by `update_at` desc limit 3 offset 0

 execution time: 7.24ms; select count(*) as aggregate from `article` where `status` = "1"

 execution time: 6.91ms; select * from `article` where `status` = "1" order by `update_at` desc limit 6 offset 0

 execution time: 7.54ms; select count(*) as aggregate from `article` where `status` = "1"

 execution time: 6.85ms; select * from `article` where `status` = "1" order by `create_at` desc limit 6 offset 0

 execution time: 7.46ms; select count(*) as aggregate from `article` where `status` = "1"

 execution time: 6.89ms; select * from `article` where `status` = "1" order by `browse` desc limit 6 offset 0

 execution time: 28.92ms; select count(*) as aggregate from `article` where `status` = "1"

 execution time: 6.76ms; select * from `article` where `status` = "1" order by `update_at` desc limit 3 offset 0

 execution time: 6.23ms; select count(*) as aggregate from `article` where `status` = "1"

 execution time: 6.89ms; select * from `article` where `status` = "1" order by `update_at` desc limit 6 offset 0

 execution time: 6.53ms; select count(*) as aggregate from `article` where `status` = "1"

 execution time: 6.87ms; select * from `article` where `status` = "1" order by `create_at` desc limit 6 offset 0

 execution time: 5.56ms; select count(*) as aggregate from `article` where `status` = "1"

 execution time: 6.89ms; select * from `article` where `status` = "1" order by `browse` desc limit 6 offset 0

 execution time: 31.99ms; select count(*) as aggregate from `article` where `status` = "1"

 execution time: 6.77ms; select * from `article` where `status` = "1" order by `update_at` desc limit 3 offset 0

 execution time: 6.27ms; select count(*) as aggregate from `article` where `status` = "1"

 execution time: 5.86ms; select * from `article` where `status` = "1" order by `update_at` desc limit 6 offset 0

 execution time: 6.6ms; select count(*) as aggregate from `article` where `status` = "1"

 execution time: 5.91ms; select * from `article` where `status` = "1" order by `create_at` desc limit 6 offset 0

 execution time: 6.56ms; select count(*) as aggregate from `article` where `status` = "1"

 execution time: 5.88ms; select * from `article` where `status` = "1" order by `browse` desc limit 6 offset 0

 execution time: 29.85ms; select count(*) as aggregate from `article` where `status` = "1"

 execution time: 6.8ms; select * from `article` where `status` = "1" order by `update_at` desc limit 3 offset 0

 execution time: 6.33ms; select count(*) as aggregate from `article` where `status` = "1"

 execution time: 5.88ms; select * from `article` where `status` = "1" order by `update_at` desc limit 6 offset 0

 execution time: 6.53ms; select count(*) as aggregate from `article` where `status` = "1"

 execution time: 5.92ms; select * from `article` where `status` = "1" order by `create_at` desc limit 6 offset 0

 execution time: 6.62ms; select count(*) as aggregate from `article` where `status` = "1"

 execution time: 5.92ms; select * from `article` where `status` = "1" order by `browse` desc limit 6 offset 0

 execution time: 42.34ms; select count(*) as aggregate from `article` where `status` = "1"

 execution time: 7.78ms; select * from `article` where `status` = "1" order by `update_at` desc limit 3 offset 0

 execution time: 7.23ms; select count(*) as aggregate from `article` where `status` = "1"

 execution time: 6.86ms; select * from `article` where `status` = "1" order by `update_at` desc limit 6 offset 0

 execution time: 7.52ms; select count(*) as aggregate from `article` where `status` = "1"

 execution time: 6.89ms; select * from `article` where `status` = "1" order by `create_at` desc limit 6 offset 0

 execution time: 7.52ms; select count(*) as aggregate from `article` where `status` = "1"

 execution time: 6.88ms; select * from `article` where `status` = "1" order by `browse` desc limit 6 offset 0

 execution time: 28.91ms; select count(*) as aggregate from `article` where `status` = "1"

 execution time: 5.78ms; select * from `article` where `status` = "1" order by `update_at` desc limit 3 offset 0

 execution time: 6.23ms; select count(*) as aggregate from `article` where `status` = "1"

 execution time: 5.91ms; select * from `article` where `status` = "1" order by `update_at` desc limit 6 offset 0

 execution time: 6.56ms; select count(*) as aggregate from `article` where `status` = "1"

 execution time: 5.9ms; select * from `article` where `status` = "1" order by `create_at` desc limit 6 offset 0

 execution time: 6.48ms; select count(*) as aggregate from `article` where `status` = "1"

 execution time: 5.9ms; select * from `article` where `status` = "1" order by `browse` desc limit 6 offset 0

 execution time: 30.32ms; select count(*) as aggregate from `article` where `status` = "1"

 execution time: 7.74ms; select * from `article` where `status` = "1" order by `update_at` desc limit 3 offset 0

 execution time: 7.18ms; select count(*) as aggregate from `article` where `status` = "1"

 execution time: 5.91ms; select * from `article` where `status` = "1" order by `update_at` desc limit 6 offset 0

 execution time: 7.54ms; select count(*) as aggregate from `article` where `status` = "1"

 execution time: 5.85ms; select * from `article` where `status` = "1" order by `create_at` desc limit 6 offset 0

 execution time: 7.49ms; select count(*) as aggregate from `article` where `status` = "1"

 execution time: 5.9ms; select * from `article` where `status` = "1" order by `browse` desc limit 6 offset 0

 execution time: 40.76ms; select count(*) as aggregate from `article` where `status` = "1"

 execution time: 7.77ms; select * from `article` where `status` = "1" order by `update_at` desc limit 3 offset 0

 execution time: 7.29ms; select count(*) as aggregate from `article` where `status` = "1"

 execution time: 6.86ms; select * from `article` where `status` = "1" order by `update_at` desc limit 6 offset 0

 execution time: 7.56ms; select count(*) as aggregate from `article` where `status` = "1"

 execution time: 6.91ms; select * from `article` where `status` = "1" order by `create_at` desc limit 6 offset 0

 execution time: 7.5ms; select count(*) as aggregate from `article` where `status` = "1"

 execution time: 6.87ms; select * from `article` where `status` = "1" order by `browse` desc limit 6 offset 0

 execution time: 31.73ms; select count(*) as aggregate from `article` where `status` = "1"

 execution time: 6.77ms; select * from `article` where `status` = "1" order by `update_at` desc limit 3 offset 0

 execution time: 7.27ms; select count(*) as aggregate from `article` where `status` = "1"

 execution time: 6.85ms; select * from `article` where `status` = "1" order by `update_at` desc limit 6 offset 0

 execution time: 9.51ms; select count(*) as aggregate from `article` where `status` = "1"

 execution time: 6.89ms; select * from `article` where `status` = "1" order by `create_at` desc limit 6 offset 0

 execution time: 9.5ms; select count(*) as aggregate from `article` where `status` = "1"

 execution time: 6.91ms; select * from `article` where `status` = "1" order by `browse` desc limit 6 offset 0

 execution time: 55.89ms; select count(*) as aggregate from `article` where `status` = "1"

 execution time: 6.75ms; select * from `article` where `status` = "1" order by `update_at` desc limit 3 offset 0

 execution time: 7.25ms; select count(*) as aggregate from `article` where `status` = "1"

 execution time: 6.91ms; select * from `article` where `status` = "1" order by `update_at` desc limit 6 offset 0

 execution time: 7.53ms; select count(*) as aggregate from `article` where `status` = "1"

 execution time: 6.93ms; select * from `article` where `status` = "1" order by `create_at` desc limit 6 offset 0

 execution time: 8.52ms; select count(*) as aggregate from `article` where `status` = "1"

 execution time: 9.87ms; select * from `article` where `status` = "1" order by `browse` desc limit 6 offset 0

 execution time: 50.95ms; select `id`, SUM(amount) as amount, `consume_id`, `date` from `consume_detail` group by `consume_id`

 execution time: 6.41ms; select * from `consume` where `consume`.`id` = "1" limit 1

 execution time: 3.99ms; update `consume` set `update_at` = "1574004182" where `id` = "1"

 execution time: 0.73ms; select * from `consume` where `consume`.`id` = "2" limit 1

 execution time: 34.02ms; update `consume` set `update_at` = "1574004182" where `id` = "2"

 execution time: 24.69ms; select * from `consume` where `consume`.`id` = "8" limit 1

 execution time: 3.03ms; update `consume` set `update_at` = "1574004183" where `id` = "8"

 execution time: 6.73ms; select * from `consume` where `consume`.`id` = "19" limit 1

 execution time: 25.32ms; update `consume` set `update_at` = "1574004183" where `id` = "19"

 execution time: 1.72ms; select * from `consume` where `consume`.`id` = "27" limit 1

 execution time: 4ms; update `consume` set `update_at` = "1574004183" where `id` = "27"

 execution time: 6.8ms; select * from `consume` where `consume`.`id` = "31" limit 1

 execution time: 27.34ms; update `consume` set `update_at` = "1574004183" where `id` = "31"

 execution time: 1.77ms; select * from `consume` where `consume`.`id` = "33" limit 1

 execution time: 3.79ms; update `consume` set `update_at` = "1574004183" where `id` = "33"

 execution time: 6.74ms; select * from `consume` where `consume`.`id` = "126" limit 1

 execution time: 23.42ms; update `consume` set `update_at` = "1574004183" where `id` = "126"

 execution time: 1.54ms; select * from `consume` where `consume`.`id` = "128" limit 1

 execution time: 3.09ms; update `consume` set `update_at` = "1574004183" where `id` = "128"

 execution time: 6.78ms; select * from `consume` where `consume`.`id` = "164" limit 1

 execution time: 26.47ms; update `consume` set `update_at` = "1574004183" where `id` = "164"

 execution time: 1.85ms; select * from `consume` where `consume`.`id` = "190" limit 1

 execution time: 5.77ms; update `consume` set `update_at` = "1574004183" where `id` = "190"

 execution time: 21.02ms; select * from `consume` where `consume`.`id` = "202" limit 1

 execution time: 4.2ms; update `consume` set `update_at` = "1574004183" where `id` = "202"

 execution time: 7.73ms; select * from `consume` where `consume`.`id` = "209" limit 1

 execution time: 29.9ms; update `consume` set `update_at` = "1574004183" where `id` = "209"

 execution time: 20.95ms; select * from `consume` where `consume`.`id` = "210" limit 1

 execution time: 5.07ms; update `consume` set `update_at` = "1574004183" where `id` = "210"

 execution time: 6.74ms; select * from `consume` where `consume`.`id` = "211" limit 1

 execution time: 26.36ms; update `consume` set `update_at` = "1574004183" where `id` = "211"

 execution time: 1.65ms; select * from `consume` where `consume`.`id` = "213" limit 1

 execution time: 2.97ms; update `consume` set `update_at` = "1574004183" where `id` = "213"

 execution time: 6.81ms; select * from `consume` where `consume`.`id` = "214" limit 1

 execution time: 24.24ms; update `consume` set `update_at` = "1574004183" where `id` = "214"

 execution time: 0.62ms; select * from `consume` where `consume`.`id` = "215" limit 1

 execution time: 6.37ms; update `consume` set `update_at` = "1574004183" where `id` = "215"

 execution time: 22.18ms; select * from `consume` where `consume`.`id` = "219" limit 1

 execution time: 16.16ms; update `consume` set `update_at` = "1574004183" where `id` = "219"

 execution time: 24.03ms; select * from `consume` where `consume`.`id` = "221" limit 1

 execution time: 3.88ms; update `consume` set `update_at` = "1574004183" where `id` = "221"

 execution time: 6.74ms; select * from `consume` where `consume`.`id` = "223" limit 1

 execution time: 24.51ms; update `consume` set `update_at` = "1574004183" where `id` = "223"

 execution time: 1.76ms; select * from `consume` where `consume`.`id` = "228" limit 1

 execution time: 3.73ms; update `consume` set `update_at` = "1574004183" where `id` = "228"

 execution time: 6.79ms; select * from `consume` where `consume`.`id` = "229" limit 1

 execution time: 25.37ms; update `consume` set `update_at` = "1574004183" where `id` = "229"

 execution time: 1.45ms; select * from `consume` where `consume`.`id` = "230" limit 1

 execution time: 1.32ms; update `consume` set `update_at` = "1574004183" where `id` = "230"

 execution time: 1.44ms; select * from `consume` where `consume`.`id` = "232" limit 1

 execution time: 4.98ms; update `consume` set `update_at` = "1574004183" where `id` = "232"

 execution time: 6.78ms; select * from `consume` where `consume`.`id` = "234" limit 1

 execution time: 26.67ms; update `consume` set `update_at` = "1574004183" where `id` = "234"

 execution time: 0.64ms; select * from `consume` where `consume`.`id` = "236" limit 1

 execution time: 4.7ms; update `consume` set `update_at` = "1574004183" where `id` = "236"

 execution time: 7.85ms; select * from `consume` where `consume`.`id` = "238" limit 1

 execution time: 26.94ms; update `consume` set `update_at` = "1574004183" where `id` = "238"

 execution time: 23.19ms; select * from `consume` where `consume`.`id` = "242" limit 1

 execution time: 3.95ms; update `consume` set `update_at` = "1574004183" where `id` = "242"

 execution time: 7.65ms; select * from `consume` where `consume`.`id` = "255" limit 1

 execution time: 32ms; update `consume` set `update_at` = "1574004183" where `id` = "255"

 execution time: 18.95ms; select * from `consume` where `consume`.`id` = "381" limit 1

 execution time: 4ms; update `consume` set `update_at` = "1574004183" where `id` = "381"

 execution time: 7.74ms; select * from `consume` where `consume`.`id` = "391" limit 1

 execution time: 26.23ms; update `consume` set `update_at` = "1574004183" where `id` = "391"

 execution time: 1.11ms; select * from `consume` where `consume`.`id` = "535" limit 1

 execution time: 4.65ms; update `consume` set `update_at` = "1574004183" where `id` = "535"

 execution time: 6.75ms; select * from `consume` where `consume`.`id` = "545" limit 1

 execution time: 25.34ms; update `consume` set `update_at` = "1574004183" where `id` = "545"

 execution time: 0.48ms; select * from `consume` where `consume`.`id` = "546" limit 1

 execution time: 4.23ms; update `consume` set `update_at` = "1574004183" where `id` = "546"

 execution time: 6.8ms; select * from `consume` where `consume`.`id` = "547" limit 1

 execution time: 29.83ms; update `consume` set `update_at` = "1574004183" where `id` = "547"

 execution time: 24.08ms; select * from `consume` where `consume`.`id` = "548" limit 1

 execution time: 3.06ms; update `consume` set `update_at` = "1574004183" where `id` = "548"

 execution time: 7.69ms; select * from `consume` where `consume`.`id` = "549" limit 1

 execution time: 28.87ms; update `consume` set `update_at` = "1574004183" where `id` = "549"

 execution time: 23.32ms; select * from `consume` where `consume`.`id` = "550" limit 1

 execution time: 3.78ms; update `consume` set `update_at` = "1574004183" where `id` = "550"

 execution time: 7.7ms; select * from `consume` where `consume`.`id` = "551" limit 1

 execution time: 25.32ms; update `consume` set `update_at` = "1574004183" where `id` = "551"

 execution time: 1.61ms; select * from `consume` where `consume`.`id` = "552" limit 1

 execution time: 3.14ms; update `consume` set `update_at` = "1574004183" where `id` = "552"

 execution time: 6.78ms; select * from `consume` where `consume`.`id` = "553" limit 1

 execution time: 25.55ms; update `consume` set `update_at` = "1574004183" where `id` = "553"

 execution time: 1.75ms; select * from `consume` where `consume`.`id` = "554" limit 1

 execution time: 3.78ms; update `consume` set `update_at` = "1574004183" where `id` = "554"

 execution time: 6.77ms; select * from `consume` where `consume`.`id` = "555" limit 1

 execution time: 24.36ms; update `consume` set `update_at` = "1574004183" where `id` = "555"

 execution time: 1.52ms; select * from `consume` where `consume`.`id` = "556" limit 1

 execution time: 4.29ms; update `consume` set `update_at` = "1574004183" where `id` = "556"

 execution time: 27.26ms; select * from `consume` where `consume`.`id` = "557" limit 1

 execution time: 5.87ms; update `consume` set `update_at` = "1574004184" where `id` = "557"

 execution time: 6.75ms; select * from `consume` where `consume`.`id` = "560" limit 1

 execution time: 26.35ms; update `consume` set `update_at` = "1574004184" where `id` = "560"

 execution time: 0.72ms; select * from `consume` where `consume`.`id` = "561" limit 1

 execution time: 3.93ms; update `consume` set `update_at` = "1574004184" where `id` = "561"

 execution time: 6.78ms; select * from `consume` where `consume`.`id` = "563" limit 1

 execution time: 24.46ms; update `consume` set `update_at` = "1574004184" where `id` = "563"

 execution time: 0.58ms; select * from `consume` where `consume`.`id` = "566" limit 1

 execution time: 5.92ms; update `consume` set `update_at` = "1574004184" where `id` = "566"

 execution time: 7.77ms; select * from `consume` where `consume`.`id` = "567" limit 1

 execution time: 25.43ms; update `consume` set `update_at` = "1574004184" where `id` = "567"

 execution time: 0.56ms; select * from `consume` where `consume`.`id` = "568" limit 1

 execution time: 3.9ms; update `consume` set `update_at` = "1574004184" where `id` = "568"

 execution time: 33.9ms; select count(*) as aggregate from `article` where `status` = "1"

 execution time: 6.75ms; select * from `article` where `status` = "1" order by `update_at` desc limit 3 offset 0

 execution time: 6.23ms; select count(*) as aggregate from `article` where `status` = "1"

 execution time: 6.92ms; select * from `article` where `status` = "1" order by `update_at` desc limit 6 offset 0

 execution time: 6.52ms; select count(*) as aggregate from `article` where `status` = "1"

 execution time: 5.91ms; select * from `article` where `status` = "1" order by `create_at` desc limit 6 offset 0

 execution time: 6.59ms; select count(*) as aggregate from `article` where `status` = "1"

 execution time: 5.89ms; select * from `article` where `status` = "1" order by `browse` desc limit 6 offset 0

 execution time: 36.42ms; select count(*) as aggregate from `article` where `status` = "1"

 execution time: 5.69ms; select * from `article` where `status` = "1" order by `update_at` desc limit 3 offset 0

 execution time: 6.22ms; select count(*) as aggregate from `article` where `status` = "1"

 execution time: 5.93ms; select * from `article` where `status` = "1" order by `update_at` desc limit 6 offset 0

 execution time: 6.59ms; select count(*) as aggregate from `article` where `status` = "1"

 execution time: 5.87ms; select * from `article` where `status` = "1" order by `create_at` desc limit 6 offset 0

 execution time: 7.56ms; select count(*) as aggregate from `article` where `status` = "1"

 execution time: 5.91ms; select * from `article` where `status` = "1" order by `browse` desc limit 6 offset 0

 execution time: 30.29ms; select count(*) as aggregate from `article` where `status` = "1"

 execution time: 6.76ms; select * from `article` where `status` = "1" order by `update_at` desc limit 3 offset 0

 execution time: 7.28ms; select count(*) as aggregate from `article` where `status` = "1"

 execution time: 6.92ms; select * from `article` where `status` = "1" order by `update_at` desc limit 6 offset 0

 execution time: 7.55ms; select count(*) as aggregate from `article` where `status` = "1"

 execution time: 6.92ms; select * from `article` where `status` = "1" order by `create_at` desc limit 6 offset 0

 execution time: 6.48ms; select count(*) as aggregate from `article` where `status` = "1"

 execution time: 5.9ms; select * from `article` where `status` = "1" order by `browse` desc limit 6 offset 0

 execution time: 37.98ms; select count(*) as aggregate from `article` where `status` = "1"

 execution time: 6.77ms; select * from `article` where `status` = "1" order by `update_at` desc limit 3 offset 0

 execution time: 6.25ms; select count(*) as aggregate from `article` where `status` = "1"

 execution time: 5.93ms; select * from `article` where `status` = "1" order by `update_at` desc limit 6 offset 0

 execution time: 6.56ms; select count(*) as aggregate from `article` where `status` = "1"

 execution time: 5.9ms; select * from `article` where `status` = "1" order by `create_at` desc limit 6 offset 0

 execution time: 6.6ms; select count(*) as aggregate from `article` where `status` = "1"

 execution time: 5.95ms; select * from `article` where `status` = "1" order by `browse` desc limit 6 offset 0

 execution time: 31.24ms; select count(*) as aggregate from `article` where `status` = "1"

 execution time: 6.78ms; select * from `article` where `status` = "1" order by `update_at` desc limit 3 offset 0

 execution time: 6.28ms; select count(*) as aggregate from `article` where `status` = "1"

 execution time: 6.86ms; select * from `article` where `status` = "1" order by `update_at` desc limit 6 offset 0

 execution time: 5.49ms; select count(*) as aggregate from `article` where `status` = "1"

 execution time: 5.87ms; select * from `article` where `status` = "1" order by `create_at` desc limit 6 offset 0

 execution time: 6.61ms; select count(*) as aggregate from `article` where `status` = "1"

 execution time: 5.96ms; select * from `article` where `status` = "1" order by `browse` desc limit 6 offset 0

 execution time: 35.26ms; select count(*) as aggregate from `article` where `status` = "1"

 execution time: 9.67ms; select * from `article` where `status` = "1" order by `update_at` desc limit 3 offset 0

 execution time: 6.18ms; select count(*) as aggregate from `article` where `status` = "1"

 execution time: 6.85ms; select * from `article` where `status` = "1" order by `update_at` desc limit 6 offset 0

 execution time: 7.48ms; select count(*) as aggregate from `article` where `status` = "1"

 execution time: 6.83ms; select * from `article` where `status` = "1" order by `create_at` desc limit 6 offset 0

 execution time: 6.47ms; select count(*) as aggregate from `article` where `status` = "1"

 execution time: 6.81ms; select * from `article` where `status` = "1" order by `browse` desc limit 6 offset 0

 execution time: 29.52ms; select count(*) as aggregate from `article` where `status` = "1"

 execution time: 6.77ms; select * from `article` where `status` = "1" order by `update_at` desc limit 3 offset 0

 execution time: 6.2ms; select count(*) as aggregate from `article` where `status` = "1"

 execution time: 5.92ms; select * from `article` where `status` = "1" order by `update_at` desc limit 6 offset 0

 execution time: 6.53ms; select count(*) as aggregate from `article` where `status` = "1"

 execution time: 5.97ms; select * from `article` where `status` = "1" order by `create_at` desc limit 6 offset 0

 execution time: 6.49ms; select count(*) as aggregate from `article` where `status` = "1"

 execution time: 6.92ms; select * from `article` where `status` = "1" order by `browse` desc limit 6 offset 0

 execution time: 31.94ms; select count(*) as aggregate from `article` where `status` = "1"

 execution time: 9.76ms; select * from `article` where `status` = "1" order by `update_at` desc limit 3 offset 0

 execution time: 8.21ms; select count(*) as aggregate from `article` where `status` = "1"

 execution time: 6.91ms; select * from `article` where `status` = "1" order by `update_at` desc limit 6 offset 0

 execution time: 7.51ms; select count(*) as aggregate from `article` where `status` = "1"

 execution time: 7.9ms; select * from `article` where `status` = "1" order by `create_at` desc limit 6 offset 0

 execution time: 6.55ms; select count(*) as aggregate from `article` where `status` = "1"

 execution time: 5.93ms; select * from `article` where `status` = "1" order by `browse` desc limit 6 offset 0

 execution time: 38.55ms; select count(*) as aggregate from `article` where `status` = "1"

 execution time: 7.88ms; select * from `article` where `status` = "1" order by `update_at` desc limit 3 offset 0

 execution time: 7.18ms; select count(*) as aggregate from `article` where `status` = "1"

 execution time: 7.88ms; select * from `article` where `status` = "1" order by `update_at` desc limit 6 offset 0

 execution time: 7.53ms; select count(*) as aggregate from `article` where `status` = "1"

 execution time: 7.9ms; select * from `article` where `status` = "1" order by `create_at` desc limit 6 offset 0

 execution time: 8.57ms; select count(*) as aggregate from `article` where `status` = "1"

 execution time: 10.89ms; select * from `article` where `status` = "1" order by `browse` desc limit 6 offset 0

 execution time: 32.7ms; select count(*) as aggregate from `article` where `status` = "1"

 execution time: 7.79ms; select * from `article` where `status` = "1" order by `update_at` desc limit 3 offset 0

 execution time: 7.33ms; select count(*) as aggregate from `article` where `status` = "1"

 execution time: 5.92ms; select * from `article` where `status` = "1" order by `update_at` desc limit 6 offset 0

 execution time: 8.53ms; select count(*) as aggregate from `article` where `status` = "1"

 execution time: 7.88ms; select * from `article` where `status` = "1" order by `create_at` desc limit 6 offset 0

 execution time: 7.54ms; select count(*) as aggregate from `article` where `status` = "1"

 execution time: 7.91ms; select * from `article` where `status` = "1" order by `browse` desc limit 6 offset 0

 execution time: 35.25ms; select count(*) as aggregate from `article` where `status` = "1"

 execution time: 6.79ms; select * from `article` where `status` = "1" order by `update_at` desc limit 3 offset 0

 execution time: 5.9ms; select count(*) as aggregate from `article` where `status` = "1"

 execution time: 6.93ms; select * from `article` where `status` = "1" order by `update_at` desc limit 6 offset 0

 execution time: 6.29ms; select count(*) as aggregate from `article` where `status` = "1"

 execution time: 6.95ms; select * from `article` where `status` = "1" order by `create_at` desc limit 6 offset 0

 execution time: 6.33ms; select count(*) as aggregate from `article` where `status` = "1"

 execution time: 5.89ms; select * from `article` where `status` = "1" order by `browse` desc limit 6 offset 0

 execution time: 29.99ms; select count(*) as aggregate from `article` where `status` = "1"

 execution time: 6.76ms; select * from `article` where `status` = "1" order by `update_at` desc limit 3 offset 0

 execution time: 6.24ms; select count(*) as aggregate from `article` where `status` = "1"

 execution time: 5.88ms; select * from `article` where `status` = "1" order by `update_at` desc limit 6 offset 0

 execution time: 6.53ms; select count(*) as aggregate from `article` where `status` = "1"

 execution time: 6.9ms; select * from `article` where `status` = "1" order by `create_at` desc limit 6 offset 0

 execution time: 6.52ms; select count(*) as aggregate from `article` where `status` = "1"

 execution time: 5.95ms; select * from `article` where `status` = "1" order by `browse` desc limit 6 offset 0

 execution time: 95.53ms; select count(*) as aggregate from `article` where `status` = "1"

 execution time: 6.76ms; select * from `article` where `status` = "1" order by `update_at` desc limit 3 offset 0

 execution time: 6.32ms; select count(*) as aggregate from `article` where `status` = "1"

 execution time: 5.9ms; select * from `article` where `status` = "1" order by `update_at` desc limit 6 offset 0

 execution time: 7.53ms; select count(*) as aggregate from `article` where `status` = "1"

 execution time: 5.93ms; select * from `article` where `status` = "1" order by `create_at` desc limit 6 offset 0

 execution time: 6.54ms; select count(*) as aggregate from `article` where `status` = "1"

 execution time: 6.88ms; select * from `article` where `status` = "1" order by `browse` desc limit 6 offset 0

 execution time: 33.91ms; select count(*) as aggregate from `article` where `status` = "1"

 execution time: 6.81ms; select * from `article` where `status` = "1" order by `update_at` desc limit 3 offset 0

 execution time: 7.23ms; select count(*) as aggregate from `article` where `status` = "1"

 execution time: 5.89ms; select * from `article` where `status` = "1" order by `update_at` desc limit 6 offset 0

 execution time: 6.54ms; select count(*) as aggregate from `article` where `status` = "1"

 execution time: 6.88ms; select * from `article` where `status` = "1" order by `create_at` desc limit 6 offset 0

 execution time: 6.47ms; select count(*) as aggregate from `article` where `status` = "1"

 execution time: 5.89ms; select * from `article` where `status` = "1" order by `browse` desc limit 6 offset 0

 execution time: 39.09ms; select count(*) as aggregate from `article` where `status` = "1"

 execution time: 6.77ms; select * from `article` where `status` = "1" order by `update_at` desc limit 3 offset 0

 execution time: 6.14ms; select count(*) as aggregate from `article` where `status` = "1"

 execution time: 6.92ms; select * from `article` where `status` = "1" order by `update_at` desc limit 6 offset 0

 execution time: 6.48ms; select count(*) as aggregate from `article` where `status` = "1"

 execution time: 6.9ms; select * from `article` where `status` = "1" order by `create_at` desc limit 6 offset 0

 execution time: 6.47ms; select count(*) as aggregate from `article` where `status` = "1"

 execution time: 6.85ms; select * from `article` where `status` = "1" order by `browse` desc limit 6 offset 0

 execution time: 40.78ms; select count(*) as aggregate from `article` where `status` = "1"

 execution time: 6.82ms; select * from `article` where `status` = "1" order by `update_at` desc limit 3 offset 0

 execution time: 7.2ms; select count(*) as aggregate from `article` where `status` = "1"

 execution time: 6.91ms; select * from `article` where `status` = "1" order by `update_at` desc limit 6 offset 0

 execution time: 7.54ms; select count(*) as aggregate from `article` where `status` = "1"

 execution time: 7.9ms; select * from `article` where `status` = "1" order by `create_at` desc limit 6 offset 0

 execution time: 7.54ms; select count(*) as aggregate from `article` where `status` = "1"

 execution time: 7.89ms; select * from `article` where `status` = "1" order by `browse` desc limit 6 offset 0

 execution time: 32.97ms; select count(*) as aggregate from `article` where `status` = "1"

 execution time: 7.74ms; select * from `article` where `status` = "1" order by `update_at` desc limit 3 offset 0

 execution time: 7.22ms; select count(*) as aggregate from `article` where `status` = "1"

 execution time: 7.89ms; select * from `article` where `status` = "1" order by `update_at` desc limit 6 offset 0

 execution time: 6.58ms; select count(*) as aggregate from `article` where `status` = "1"

 execution time: 7.85ms; select * from `article` where `status` = "1" order by `create_at` desc limit 6 offset 0

 execution time: 7.53ms; select count(*) as aggregate from `article` where `status` = "1"

 execution time: 5.92ms; select * from `article` where `status` = "1" order by `browse` desc limit 6 offset 0

 execution time: 42.93ms; select count(*) as aggregate from `article` where `status` = "1"

 execution time: 7.72ms; select * from `article` where `status` = "1" order by `update_at` desc limit 3 offset 0

 execution time: 6.23ms; select count(*) as aggregate from `article` where `status` = "1"

 execution time: 5.9ms; select * from `article` where `status` = "1" order by `update_at` desc limit 6 offset 0

 execution time: 6.54ms; select count(*) as aggregate from `article` where `status` = "1"

 execution time: 5.91ms; select * from `article` where `status` = "1" order by `create_at` desc limit 6 offset 0

 execution time: 6.54ms; select count(*) as aggregate from `article` where `status` = "1"

 execution time: 5.9ms; select * from `article` where `status` = "1" order by `browse` desc limit 6 offset 0

