 execution time: 1.37ms; select count(*) as aggregate from `article` where `status` = "1"

 execution time: 0.49ms; select * from `article` where `status` = "1" order by `update_at` desc limit 3 offset 0

 execution time: 0.25ms; select count(*) as aggregate from `article` where `status` = "1"

 execution time: 0.42ms; select * from `article` where `status` = "1" order by `update_at` desc limit 6 offset 0

 execution time: 0.22ms; select count(*) as aggregate from `article` where `status` = "1"

 execution time: 0.41ms; select * from `article` where `status` = "1" order by `create_at` desc limit 6 offset 0

 execution time: 0.22ms; select count(*) as aggregate from `article` where `status` = "1"

 execution time: 0.4ms; select * from `article` where `status` = "1" order by `browse` desc limit 6 offset 0

 execution time: 1.35ms; select count(*) as aggregate from `article` where `status` = "1"

 execution time: 0.49ms; select * from `article` where `status` = "1" order by `update_at` desc limit 3 offset 0

 execution time: 0.23ms; select count(*) as aggregate from `article` where `status` = "1"

 execution time: 0.39ms; select * from `article` where `status` = "1" order by `update_at` desc limit 6 offset 0

 execution time: 0.23ms; select count(*) as aggregate from `article` where `status` = "1"

 execution time: 0.34ms; select * from `article` where `status` = "1" order by `create_at` desc limit 6 offset 0

 execution time: 0.23ms; select count(*) as aggregate from `article` where `status` = "1"

 execution time: 0.39ms; select * from `article` where `status` = "1" order by `browse` desc limit 6 offset 0

 execution time: 1.4ms; select count(*) as aggregate from `article` where `status` = "1"

 execution time: 0.48ms; select * from `article` where `status` = "1" order by `update_at` desc limit 3 offset 0

 execution time: 0.43ms; select count(*) as aggregate from `article` where `status` = "1"

 execution time: 0.31ms; select * from `article` where `status` = "1" order by `update_at` desc limit 6 offset 0

 execution time: 0.25ms; select count(*) as aggregate from `article` where `status` = "1"

 execution time: 0.33ms; select * from `article` where `status` = "1" order by `create_at` desc limit 6 offset 0

 execution time: 0.25ms; select count(*) as aggregate from `article` where `status` = "1"

 execution time: 0.3ms; select * from `article` where `status` = "1" order by `browse` desc limit 6 offset 0

 execution time: 2.3ms; select count(*) as aggregate from `article` where `status` = "1"

 execution time: 0.52ms; select * from `article` where `status` = "1" order by `update_at` desc limit 3 offset 0

 execution time: 0.23ms; select count(*) as aggregate from `article` where `status` = "1"

 execution time: 0.4ms; select * from `article` where `status` = "1" order by `update_at` desc limit 6 offset 0

 execution time: 0.23ms; select count(*) as aggregate from `article` where `status` = "1"

 execution time: 0.41ms; select * from `article` where `status` = "1" order by `create_at` desc limit 6 offset 0

 execution time: 0.23ms; select count(*) as aggregate from `article` where `status` = "1"

 execution time: 0.35ms; select * from `article` where `status` = "1" order by `browse` desc limit 6 offset 0

 execution time: 1.29ms; select count(*) as aggregate from `article` where `status` = "1"

 execution time: 0.52ms; select * from `article` where `status` = "1" order by `update_at` desc limit 3 offset 0

 execution time: 0.4ms; select count(*) as aggregate from `article` where `status` = "1"

 execution time: 0.35ms; select * from `article` where `status` = "1" order by `update_at` desc limit 6 offset 0

 execution time: 0.29ms; select count(*) as aggregate from `article` where `status` = "1"

 execution time: 0.35ms; select * from `article` where `status` = "1" order by `create_at` desc limit 6 offset 0

 execution time: 0.22ms; select count(*) as aggregate from `article` where `status` = "1"

 execution time: 0.39ms; select * from `article` where `status` = "1" order by `browse` desc limit 6 offset 0

 execution time: 1.74ms; select count(*) as aggregate from `article` where `status` = "1"

 execution time: 0.49ms; select * from `article` where `status` = "1" order by `update_at` desc limit 3 offset 0

 execution time: 0.41ms; select count(*) as aggregate from `article` where `status` = "1"

 execution time: 0.33ms; select * from `article` where `status` = "1" order by `update_at` desc limit 6 offset 0

 execution time: 0.32ms; select count(*) as aggregate from `article` where `status` = "1"

 execution time: 0.33ms; select * from `article` where `status` = "1" order by `create_at` desc limit 6 offset 0

 execution time: 0.23ms; select count(*) as aggregate from `article` where `status` = "1"

 execution time: 0.37ms; select * from `article` where `status` = "1" order by `browse` desc limit 6 offset 0

 execution time: 1.33ms; select count(*) as aggregate from `article` where `status` = "1"

 execution time: 1.02ms; select * from `article` where `status` = "1" order by `update_at` desc limit 3 offset 0

 execution time: 0.31ms; select count(*) as aggregate from `article` where `status` = "1"

 execution time: 0.33ms; select * from `article` where `status` = "1" order by `update_at` desc limit 6 offset 0

 execution time: 0.3ms; select count(*) as aggregate from `article` where `status` = "1"

 execution time: 0.33ms; select * from `article` where `status` = "1" order by `create_at` desc limit 6 offset 0

 execution time: 0.24ms; select count(*) as aggregate from `article` where `status` = "1"

 execution time: 0.4ms; select * from `article` where `status` = "1" order by `browse` desc limit 6 offset 0

 execution time: 1.45ms; select count(*) as aggregate from `article` where `status` = "1"

 execution time: 0.5ms; select * from `article` where `status` = "1" order by `update_at` desc limit 3 offset 0

 execution time: 0.29ms; select count(*) as aggregate from `article` where `status` = "1"

 execution time: 0.34ms; select * from `article` where `status` = "1" order by `update_at` desc limit 6 offset 0

 execution time: 0.23ms; select count(*) as aggregate from `article` where `status` = "1"

 execution time: 0.4ms; select * from `article` where `status` = "1" order by `create_at` desc limit 6 offset 0

 execution time: 0.22ms; select count(*) as aggregate from `article` where `status` = "1"

 execution time: 0.4ms; select * from `article` where `status` = "1" order by `browse` desc limit 6 offset 0

 execution time: 1.35ms; select count(*) as aggregate from `article` where `status` = "1"

 execution time: 0.51ms; select * from `article` where `status` = "1" order by `update_at` desc limit 3 offset 0

 execution time: 0.3ms; select count(*) as aggregate from `article` where `status` = "1"

 execution time: 0.33ms; select * from `article` where `status` = "1" order by `update_at` desc limit 6 offset 0

 execution time: 0.25ms; select count(*) as aggregate from `article` where `status` = "1"

 execution time: 0.38ms; select * from `article` where `status` = "1" order by `create_at` desc limit 6 offset 0

 execution time: 0.26ms; select count(*) as aggregate from `article` where `status` = "1"

 execution time: 0.39ms; select * from `article` where `status` = "1" order by `browse` desc limit 6 offset 0

 execution time: 2.43ms; select count(*) as aggregate from `article` where `status` = "1"

 execution time: 0.53ms; select * from `article` where `status` = "1" order by `update_at` desc limit 3 offset 0

 execution time: 0.29ms; select count(*) as aggregate from `article` where `status` = "1"

 execution time: 0.33ms; select * from `article` where `status` = "1" order by `update_at` desc limit 6 offset 0

 execution time: 0.23ms; select count(*) as aggregate from `article` where `status` = "1"

 execution time: 0.38ms; select * from `article` where `status` = "1" order by `create_at` desc limit 6 offset 0

 execution time: 0.22ms; select count(*) as aggregate from `article` where `status` = "1"

 execution time: 0.39ms; select * from `article` where `status` = "1" order by `browse` desc limit 6 offset 0

 execution time: 29.03ms; select count(*) as aggregate from `article` where `status` = "1"

 execution time: 2.19ms; select * from `article` where `status` = "1" order by `update_at` desc limit 3 offset 0

 execution time: 1.5ms; select count(*) as aggregate from `article` where `status` = "1"

 execution time: 0.39ms; select * from `article` where `status` = "1" order by `update_at` desc limit 6 offset 0

 execution time: 0.31ms; select count(*) as aggregate from `article` where `status` = "1"

 execution time: 0.42ms; select * from `article` where `status` = "1" order by `create_at` desc limit 6 offset 0

 execution time: 0.28ms; select count(*) as aggregate from `article` where `status` = "1"

 execution time: 0.34ms; select * from `article` where `status` = "1" order by `browse` desc limit 6 offset 0

 execution time: 1.31ms; select count(*) as aggregate from `article` where `status` = "1"

 execution time: 0.5ms; select * from `article` where `status` = "1" order by `update_at` desc limit 3 offset 0

 execution time: 0.24ms; select count(*) as aggregate from `article` where `status` = "1"

 execution time: 0.41ms; select * from `article` where `status` = "1" order by `update_at` desc limit 6 offset 0

 execution time: 0.24ms; select count(*) as aggregate from `article` where `status` = "1"

 execution time: 0.45ms; select * from `article` where `status` = "1" order by `create_at` desc limit 6 offset 0

 execution time: 0.24ms; select count(*) as aggregate from `article` where `status` = "1"

 execution time: 0.41ms; select * from `article` where `status` = "1" order by `browse` desc limit 6 offset 0

 execution time: 1.37ms; select count(*) as aggregate from `article` where `status` = "1"

 execution time: 0.52ms; select * from `article` where `status` = "1" order by `update_at` desc limit 3 offset 0

 execution time: 0.32ms; select count(*) as aggregate from `article` where `status` = "1"

 execution time: 0.36ms; select * from `article` where `status` = "1" order by `update_at` desc limit 6 offset 0

 execution time: 0.26ms; select count(*) as aggregate from `article` where `status` = "1"

 execution time: 0.41ms; select * from `article` where `status` = "1" order by `create_at` desc limit 6 offset 0

 execution time: 0.27ms; select count(*) as aggregate from `article` where `status` = "1"

 execution time: 0.45ms; select * from `article` where `status` = "1" order by `browse` desc limit 6 offset 0

 execution time: 1.35ms; select count(*) as aggregate from `article` where `status` = "1"

 execution time: 0.52ms; select * from `article` where `status` = "1" order by `update_at` desc limit 3 offset 0

 execution time: 0.31ms; select count(*) as aggregate from `article` where `status` = "1"

 execution time: 0.37ms; select * from `article` where `status` = "1" order by `update_at` desc limit 6 offset 0

 execution time: 0.31ms; select count(*) as aggregate from `article` where `status` = "1"

 execution time: 0.37ms; select * from `article` where `status` = "1" order by `create_at` desc limit 6 offset 0

 execution time: 0.26ms; select count(*) as aggregate from `article` where `status` = "1"

 execution time: 0.4ms; select * from `article` where `status` = "1" order by `browse` desc limit 6 offset 0

 execution time: 1.33ms; select count(*) as aggregate from `article` where `status` = "1"

 execution time: 0.5ms; select * from `article` where `status` = "1" order by `update_at` desc limit 3 offset 0

 execution time: 0.24ms; select count(*) as aggregate from `article` where `status` = "1"

 execution time: 0.38ms; select * from `article` where `status` = "1" order by `update_at` desc limit 6 offset 0

 execution time: 0.24ms; select count(*) as aggregate from `article` where `status` = "1"

 execution time: 0.39ms; select * from `article` where `status` = "1" order by `create_at` desc limit 6 offset 0

 execution time: 0.24ms; select count(*) as aggregate from `article` where `status` = "1"

 execution time: 0.33ms; select * from `article` where `status` = "1" order by `browse` desc limit 6 offset 0

 execution time: 2.62ms; select count(*) as aggregate from `article` where `status` = "1"

 execution time: 0.49ms; select * from `article` where `status` = "1" order by `update_at` desc limit 3 offset 0

 execution time: 0.3ms; select count(*) as aggregate from `article` where `status` = "1"

 execution time: 0.33ms; select * from `article` where `status` = "1" order by `update_at` desc limit 6 offset 0

 execution time: 0.3ms; select count(*) as aggregate from `article` where `status` = "1"

 execution time: 0.39ms; select * from `article` where `status` = "1" order by `create_at` desc limit 6 offset 0

 execution time: 0.24ms; select count(*) as aggregate from `article` where `status` = "1"

 execution time: 0.38ms; select * from `article` where `status` = "1" order by `browse` desc limit 6 offset 0

 execution time: 1.39ms; select count(*) as aggregate from `article` where `status` = "1"

 execution time: 0.5ms; select * from `article` where `status` = "1" order by `update_at` desc limit 3 offset 0

 execution time: 0.23ms; select count(*) as aggregate from `article` where `status` = "1"

 execution time: 0.41ms; select * from `article` where `status` = "1" order by `update_at` desc limit 6 offset 0

 execution time: 0.22ms; select count(*) as aggregate from `article` where `status` = "1"

 execution time: 0.42ms; select * from `article` where `status` = "1" order by `create_at` desc limit 6 offset 0

 execution time: 0.23ms; select count(*) as aggregate from `article` where `status` = "1"

 execution time: 0.36ms; select * from `article` where `status` = "1" order by `browse` desc limit 6 offset 0

 execution time: 1.37ms; select count(*) as aggregate from `article` where `status` = "1"

 execution time: 0.52ms; select * from `article` where `status` = "1" order by `update_at` desc limit 3 offset 0

 execution time: 0.32ms; select count(*) as aggregate from `article` where `status` = "1"

 execution time: 0.37ms; select * from `article` where `status` = "1" order by `update_at` desc limit 6 offset 0

 execution time: 0.24ms; select count(*) as aggregate from `article` where `status` = "1"

 execution time: 0.49ms; select * from `article` where `status` = "1" order by `create_at` desc limit 6 offset 0

 execution time: 0.22ms; select count(*) as aggregate from `article` where `status` = "1"

 execution time: 0.43ms; select * from `article` where `status` = "1" order by `browse` desc limit 6 offset 0

 execution time: 1.31ms; select count(*) as aggregate from `article` where `status` = "1"

 execution time: 0.53ms; select * from `article` where `status` = "1" order by `update_at` desc limit 3 offset 0

 execution time: 0.38ms; select count(*) as aggregate from `article` where `status` = "1"

 execution time: 0.32ms; select * from `article` where `status` = "1" order by `update_at` desc limit 6 offset 0

 execution time: 0.22ms; select count(*) as aggregate from `article` where `status` = "1"

 execution time: 0.38ms; select * from `article` where `status` = "1" order by `create_at` desc limit 6 offset 0

 execution time: 0.23ms; select count(*) as aggregate from `article` where `status` = "1"

 execution time: 0.37ms; select * from `article` where `status` = "1" order by `browse` desc limit 6 offset 0

 execution time: 1.56ms; select count(*) as aggregate from `article` where `status` = "1"

 execution time: 0.51ms; select * from `article` where `status` = "1" order by `update_at` desc limit 3 offset 0

 execution time: 0.33ms; select count(*) as aggregate from `article` where `status` = "1"

 execution time: 0.35ms; select * from `article` where `status` = "1" order by `update_at` desc limit 6 offset 0

 execution time: 0.24ms; select count(*) as aggregate from `article` where `status` = "1"

 execution time: 0.41ms; select * from `article` where `status` = "1" order by `create_at` desc limit 6 offset 0

 execution time: 0.25ms; select count(*) as aggregate from `article` where `status` = "1"

 execution time: 0.39ms; select * from `article` where `status` = "1" order by `browse` desc limit 6 offset 0

 execution time: 1.41ms; select count(*) as aggregate from `article` where `status` = "1"

 execution time: 0.64ms; select * from `article` where `status` = "1" order by `update_at` desc limit 3 offset 0

 execution time: 0.43ms; select count(*) as aggregate from `article` where `status` = "1"

 execution time: 0.34ms; select * from `article` where `status` = "1" order by `update_at` desc limit 6 offset 0

 execution time: 0.31ms; select count(*) as aggregate from `article` where `status` = "1"

 execution time: 0.39ms; select * from `article` where `status` = "1" order by `create_at` desc limit 6 offset 0

 execution time: 0.31ms; select count(*) as aggregate from `article` where `status` = "1"

 execution time: 0.38ms; select * from `article` where `status` = "1" order by `browse` desc limit 6 offset 0

 execution time: 1.36ms; select count(*) as aggregate from `article` where `status` = "1"

 execution time: 0.51ms; select * from `article` where `status` = "1" order by `update_at` desc limit 3 offset 0

 execution time: 0.3ms; select count(*) as aggregate from `article` where `status` = "1"

 execution time: 0.35ms; select * from `article` where `status` = "1" order by `update_at` desc limit 6 offset 0

 execution time: 0.23ms; select count(*) as aggregate from `article` where `status` = "1"

 execution time: 0.39ms; select * from `article` where `status` = "1" order by `create_at` desc limit 6 offset 0

 execution time: 0.23ms; select count(*) as aggregate from `article` where `status` = "1"

 execution time: 0.39ms; select * from `article` where `status` = "1" order by `browse` desc limit 6 offset 0

 execution time: 5.97ms; select exists(select * from `article` where `title` like "%框架%") as `exists`

 execution time: 1.49ms; select exists(select * from `article` where `title` like "%PHP%") as `exists`

 execution time: 0.47ms; select count(*) as aggregate from `article` where `title` like "%PHP%"

 execution time: 0.54ms; select * from `article` where `title` like "%PHP%" limit 15 offset 0

 execution time: 1.4ms; select exists(select * from `article` where `title` like "%Linux%") as `exists`

 execution time: 1.39ms; select exists(select * from `article` where `title` like "%MYSQL%") as `exists`

 execution time: 1.39ms; select exists(select * from `article` where `title` like "%心得笔记%") as `exists`

 execution time: 1.67ms; select exists(select * from `article` where `title` like "%读后感%") as `exists`

 execution time: 1.26ms; select exists(select * from `article` where `title` like "%美食%") as `exists`

 execution time: 1.3ms; select exists(select * from `article` where `title` like "%习惯%") as `exists`

 execution time: 0.31ms; select count(*) as aggregate from `article` where `title` like "%习惯%"

 execution time: 0.41ms; select * from `article` where `title` like "%习惯%" limit 15 offset 0

 execution time: 1.18ms; select exists(select * from `article` where `title` like "%自律%") as `exists`

 execution time: 0.32ms; select count(*) as aggregate from `article` where `title` like "%自律%"

 execution time: 0.41ms; select * from `article` where `title` like "%自律%" limit 15 offset 0

 execution time: 1.46ms; select exists(select * from `article` where `title` like "%随心记录%") as `exists`

 execution time: 1.62ms; select count(*) as aggregate from `article` where `status` = "1"

 execution time: 0.39ms; select * from `article` where `status` = "1" order by `update_at` desc limit 3 offset 0

 execution time: 0.35ms; select count(*) as aggregate from `article` where `status` = "1"

 execution time: 0.32ms; select * from `article` where `status` = "1" order by `update_at` desc limit 6 offset 0

 execution time: 0.29ms; select count(*) as aggregate from `article` where `status` = "1"

 execution time: 0.34ms; select * from `article` where `status` = "1" order by `create_at` desc limit 6 offset 0

 execution time: 0.23ms; select count(*) as aggregate from `article` where `status` = "1"

 execution time: 0.39ms; select * from `article` where `status` = "1" order by `browse` desc limit 6 offset 0

 execution time: 1.89ms; select count(*) as aggregate from `article` where `status` = "1"

 execution time: 0.5ms; select * from `article` where `status` = "1" order by `update_at` desc limit 3 offset 0

 execution time: 0.31ms; select count(*) as aggregate from `article` where `status` = "1"

 execution time: 0.35ms; select * from `article` where `status` = "1" order by `update_at` desc limit 6 offset 0

 execution time: 0.23ms; select count(*) as aggregate from `article` where `status` = "1"

 execution time: 0.42ms; select * from `article` where `status` = "1" order by `create_at` desc limit 6 offset 0

 execution time: 0.24ms; select count(*) as aggregate from `article` where `status` = "1"

 execution time: 0.41ms; select * from `article` where `status` = "1" order by `browse` desc limit 6 offset 0

 execution time: 1.34ms; select count(*) as aggregate from `article` where `status` = "1"

 execution time: 0.51ms; select * from `article` where `status` = "1" order by `update_at` desc limit 3 offset 0

 execution time: 0.23ms; select count(*) as aggregate from `article` where `status` = "1"

 execution time: 0.39ms; select * from `article` where `status` = "1" order by `update_at` desc limit 6 offset 0

 execution time: 0.22ms; select count(*) as aggregate from `article` where `status` = "1"

 execution time: 0.41ms; select * from `article` where `status` = "1" order by `create_at` desc limit 6 offset 0

 execution time: 0.22ms; select count(*) as aggregate from `article` where `status` = "1"

 execution time: 0.35ms; select * from `article` where `status` = "1" order by `browse` desc limit 6 offset 0

 execution time: 1.7ms; select count(*) as aggregate from `article` where `status` = "1"

 execution time: 0.4ms; select * from `article` where `status` = "1" order by `update_at` desc limit 3 offset 0

 execution time: 0.33ms; select count(*) as aggregate from `article` where `status` = "1"

 execution time: 0.33ms; select * from `article` where `status` = "1" order by `update_at` desc limit 6 offset 0

 execution time: 0.28ms; select count(*) as aggregate from `article` where `status` = "1"

 execution time: 0.34ms; select * from `article` where `status` = "1" order by `create_at` desc limit 6 offset 0

 execution time: 0.22ms; select count(*) as aggregate from `article` where `status` = "1"

 execution time: 0.39ms; select * from `article` where `status` = "1" order by `browse` desc limit 6 offset 0

 execution time: 2.06ms; select count(*) as aggregate from `article` where `status` = "1"

 execution time: 0.51ms; select * from `article` where `status` = "1" order by `update_at` desc limit 3 offset 0

 execution time: 0.38ms; select count(*) as aggregate from `article` where `status` = "1"

 execution time: 0.47ms; select * from `article` where `status` = "1" order by `update_at` desc limit 6 offset 0

 execution time: 0.37ms; select count(*) as aggregate from `article` where `status` = "1"

 execution time: 0.38ms; select * from `article` where `status` = "1" order by `create_at` desc limit 6 offset 0

 execution time: 0.37ms; select count(*) as aggregate from `article` where `status` = "1"

 execution time: 0.41ms; select * from `article` where `status` = "1" order by `browse` desc limit 6 offset 0

 execution time: 1.34ms; select count(*) as aggregate from `article` where `status` = "1"

 execution time: 0.48ms; select * from `article` where `status` = "1" order by `update_at` desc limit 3 offset 0

 execution time: 0.23ms; select count(*) as aggregate from `article` where `status` = "1"

 execution time: 0.39ms; select * from `article` where `status` = "1" order by `update_at` desc limit 6 offset 0

 execution time: 0.22ms; select count(*) as aggregate from `article` where `status` = "1"

 execution time: 0.37ms; select * from `article` where `status` = "1" order by `create_at` desc limit 6 offset 0

 execution time: 0.22ms; select count(*) as aggregate from `article` where `status` = "1"

 execution time: 0.32ms; select * from `article` where `status` = "1" order by `browse` desc limit 6 offset 0

 execution time: 1.56ms; select count(*) as aggregate from `article` where `status` = "1"

 execution time: 0.55ms; select * from `article` where `status` = "1" order by `update_at` desc limit 3 offset 0

 execution time: 0.36ms; select count(*) as aggregate from `article` where `status` = "1"

 execution time: 0.31ms; select * from `article` where `status` = "1" order by `update_at` desc limit 6 offset 0

 execution time: 0.32ms; select count(*) as aggregate from `article` where `status` = "1"

 execution time: 0.36ms; select * from `article` where `status` = "1" order by `create_at` desc limit 6 offset 0

 execution time: 0.32ms; select count(*) as aggregate from `article` where `status` = "1"

 execution time: 0.36ms; select * from `article` where `status` = "1" order by `browse` desc limit 6 offset 0

 execution time: 1.55ms; select count(*) as aggregate from `article` where `status` = "1"

 execution time: 0.45ms; select * from `article` where `status` = "1" order by `update_at` desc limit 3 offset 0

 execution time: 0.23ms; select count(*) as aggregate from `article` where `status` = "1"

 execution time: 0.36ms; select * from `article` where `status` = "1" order by `update_at` desc limit 6 offset 0

 execution time: 0.22ms; select count(*) as aggregate from `article` where `status` = "1"

 execution time: 0.34ms; select * from `article` where `status` = "1" order by `create_at` desc limit 6 offset 0

 execution time: 0.22ms; select count(*) as aggregate from `article` where `status` = "1"

 execution time: 0.29ms; select * from `article` where `status` = "1" order by `browse` desc limit 6 offset 0

 execution time: 1.47ms; select count(*) as aggregate from `article` where `status` = "1"

 execution time: 0.49ms; select * from `article` where `status` = "1" order by `update_at` desc limit 3 offset 0

 execution time: 0.24ms; select count(*) as aggregate from `article` where `status` = "1"

 execution time: 0.61ms; select * from `article` where `status` = "1" order by `update_at` desc limit 6 offset 0

 execution time: 0.24ms; select count(*) as aggregate from `article` where `status` = "1"

 execution time: 0.37ms; select * from `article` where `status` = "1" order by `create_at` desc limit 6 offset 0

 execution time: 0.23ms; select count(*) as aggregate from `article` where `status` = "1"

 execution time: 0.4ms; select * from `article` where `status` = "1" order by `browse` desc limit 6 offset 0

 execution time: 1.46ms; select count(*) as aggregate from `article` where `status` = "1"

 execution time: 0.47ms; select * from `article` where `status` = "1" order by `update_at` desc limit 3 offset 0

 execution time: 0.24ms; select count(*) as aggregate from `article` where `status` = "1"

 execution time: 0.4ms; select * from `article` where `status` = "1" order by `update_at` desc limit 6 offset 0

 execution time: 0.23ms; select count(*) as aggregate from `article` where `status` = "1"

 execution time: 0.41ms; select * from `article` where `status` = "1" order by `create_at` desc limit 6 offset 0

 execution time: 0.23ms; select count(*) as aggregate from `article` where `status` = "1"

 execution time: 0.35ms; select * from `article` where `status` = "1" order by `browse` desc limit 6 offset 0

 execution time: 2.52ms; select count(*) as aggregate from `article` where `status` = "1"

 execution time: 0.56ms; select * from `article` where `status` = "1" order by `update_at` desc limit 3 offset 0

 execution time: 0.39ms; select count(*) as aggregate from `article` where `status` = "1"

 execution time: 0.34ms; select * from `article` where `status` = "1" order by `update_at` desc limit 6 offset 0

 execution time: 0.32ms; select count(*) as aggregate from `article` where `status` = "1"

 execution time: 0.31ms; select * from `article` where `status` = "1" order by `create_at` desc limit 6 offset 0

 execution time: 0.36ms; select count(*) as aggregate from `article` where `status` = "1"

 execution time: 0.31ms; select * from `article` where `status` = "1" order by `browse` desc limit 6 offset 0

 execution time: 1.39ms; select count(*) as aggregate from `article` where `status` = "1"

 execution time: 0.49ms; select * from `article` where `status` = "1" order by `update_at` desc limit 3 offset 0

 execution time: 0.24ms; select count(*) as aggregate from `article` where `status` = "1"

 execution time: 0.38ms; select * from `article` where `status` = "1" order by `update_at` desc limit 6 offset 0

 execution time: 0.23ms; select count(*) as aggregate from `article` where `status` = "1"

 execution time: 0.37ms; select * from `article` where `status` = "1" order by `create_at` desc limit 6 offset 0

 execution time: 0.23ms; select count(*) as aggregate from `article` where `status` = "1"

 execution time: 0.33ms; select * from `article` where `status` = "1" order by `browse` desc limit 6 offset 0

 execution time: 2.38ms; select count(*) as aggregate from `article` where `status` = "1"

 execution time: 0.4ms; select * from `article` where `status` = "1" order by `update_at` desc limit 3 offset 0

 execution time: 0.35ms; select count(*) as aggregate from `article` where `status` = "1"

 execution time: 0.34ms; select * from `article` where `status` = "1" order by `update_at` desc limit 6 offset 0

 execution time: 0.28ms; select count(*) as aggregate from `article` where `status` = "1"

 execution time: 0.36ms; select * from `article` where `status` = "1" order by `create_at` desc limit 6 offset 0

 execution time: 0.28ms; select count(*) as aggregate from `article` where `status` = "1"

 execution time: 0.4ms; select * from `article` where `status` = "1" order by `browse` desc limit 6 offset 0

 execution time: 2.65ms; select `id`, SUM(amount) as amount, `consume_id`, `date` from `consume_detail` group by `consume_id`

 execution time: 0.63ms; select * from `consume` where `consume`.`id` = "1" limit 1

 execution time: 0.51ms; update `consume` set `update_at` = "1573053781" where `id` = "1"

 execution time: 1.96ms; select * from `consume` where `consume`.`id` = "2" limit 1

 execution time: 0.41ms; update `consume` set `update_at` = "1573053782" where `id` = "2"

 execution time: 0.53ms; select * from `consume` where `consume`.`id` = "8" limit 1

 execution time: 0.38ms; update `consume` set `update_at` = "1573053782" where `id` = "8"

 execution time: 0.49ms; select * from `consume` where `consume`.`id` = "19" limit 1

 execution time: 0.34ms; update `consume` set `update_at` = "1573053782" where `id` = "19"

 execution time: 0.52ms; select * from `consume` where `consume`.`id` = "27" limit 1

 execution time: 0.33ms; update `consume` set `update_at` = "1573053782" where `id` = "27"

 execution time: 0.53ms; select * from `consume` where `consume`.`id` = "31" limit 1

 execution time: 0.37ms; update `consume` set `update_at` = "1573053782" where `id` = "31"

 execution time: 0.54ms; select * from `consume` where `consume`.`id` = "33" limit 1

 execution time: 0.34ms; update `consume` set `update_at` = "1573053782" where `id` = "33"

 execution time: 0.51ms; select * from `consume` where `consume`.`id` = "126" limit 1

 execution time: 0.33ms; update `consume` set `update_at` = "1573053782" where `id` = "126"

 execution time: 0.49ms; select * from `consume` where `consume`.`id` = "128" limit 1

 execution time: 0.37ms; update `consume` set `update_at` = "1573053782" where `id` = "128"

 execution time: 0.5ms; select * from `consume` where `consume`.`id` = "164" limit 1

 execution time: 28.71ms; update `consume` set `update_at` = "1573053782" where `id` = "164"

 execution time: 0.57ms; select * from `consume` where `consume`.`id` = "190" limit 1

 execution time: 0.55ms; update `consume` set `update_at` = "1573053782" where `id` = "190"

 execution time: 0.41ms; select * from `consume` where `consume`.`id` = "202" limit 1

 execution time: 0.47ms; update `consume` set `update_at` = "1573053782" where `id` = "202"

 execution time: 0.39ms; select * from `consume` where `consume`.`id` = "209" limit 1

 execution time: 0.45ms; update `consume` set `update_at` = "1573053782" where `id` = "209"

 execution time: 0.41ms; select * from `consume` where `consume`.`id` = "210" limit 1

 execution time: 0.45ms; update `consume` set `update_at` = "1573053782" where `id` = "210"

 execution time: 0.45ms; select * from `consume` where `consume`.`id` = "211" limit 1

 execution time: 0.47ms; update `consume` set `update_at` = "1573053782" where `id` = "211"

 execution time: 0.38ms; select * from `consume` where `consume`.`id` = "213" limit 1

 execution time: 0.44ms; update `consume` set `update_at` = "1573053782" where `id` = "213"

 execution time: 0.42ms; select * from `consume` where `consume`.`id` = "214" limit 1

 execution time: 0.42ms; update `consume` set `update_at` = "1573053782" where `id` = "214"

 execution time: 0.38ms; select * from `consume` where `consume`.`id` = "215" limit 1

 execution time: 0.45ms; update `consume` set `update_at` = "1573053782" where `id` = "215"

 execution time: 0.39ms; select * from `consume` where `consume`.`id` = "219" limit 1

 execution time: 2.14ms; update `consume` set `update_at` = "1573053782" where `id` = "219"

 execution time: 0.49ms; select * from `consume` where `consume`.`id` = "221" limit 1

 execution time: 0.33ms; update `consume` set `update_at` = "1573053782" where `id` = "221"

 execution time: 0.5ms; select * from `consume` where `consume`.`id` = "223" limit 1

 execution time: 0.33ms; update `consume` set `update_at` = "1573053782" where `id` = "223"

 execution time: 0.52ms; select * from `consume` where `consume`.`id` = "228" limit 1

 execution time: 0.36ms; update `consume` set `update_at` = "1573053782" where `id` = "228"

 execution time: 0.5ms; select * from `consume` where `consume`.`id` = "230" limit 1

 execution time: 0.33ms; update `consume` set `update_at` = "1573053782" where `id` = "230"

 execution time: 0.52ms; select * from `consume` where `consume`.`id` = "232" limit 1

 execution time: 0.33ms; update `consume` set `update_at` = "1573053782" where `id` = "232"

 execution time: 0.48ms; select * from `consume` where `consume`.`id` = "234" limit 1

 execution time: 0.36ms; update `consume` set `update_at` = "1573053782" where `id` = "234"

 execution time: 0.49ms; select * from `consume` where `consume`.`id` = "236" limit 1

 execution time: 0.34ms; update `consume` set `update_at` = "1573053782" where `id` = "236"

 execution time: 0.51ms; select * from `consume` where `consume`.`id` = "238" limit 1

 execution time: 0.33ms; update `consume` set `update_at` = "1573053782" where `id` = "238"

 execution time: 0.76ms; select * from `consume` where `consume`.`id` = "255" limit 1

 execution time: 0.51ms; update `consume` set `update_at` = "1573053782" where `id` = "255"

 execution time: 0.4ms; select * from `consume` where `consume`.`id` = "381" limit 1

 execution time: 1.07ms; update `consume` set `update_at` = "1573053782" where `id` = "381"

 execution time: 0.54ms; select * from `consume` where `consume`.`id` = "391" limit 1

 execution time: 0.33ms; update `consume` set `update_at` = "1573053782" where `id` = "391"

 execution time: 0.52ms; select * from `consume` where `consume`.`id` = "535" limit 1

 execution time: 0.34ms; update `consume` set `update_at` = "1573053782" where `id` = "535"

 execution time: 0.5ms; select * from `consume` where `consume`.`id` = "545" limit 1

 execution time: 0.38ms; update `consume` set `update_at` = "1573053782" where `id` = "545"

 execution time: 0.53ms; select * from `consume` where `consume`.`id` = "546" limit 1

 execution time: 0.33ms; update `consume` set `update_at` = "1573053782" where `id` = "546"

 execution time: 0.52ms; select * from `consume` where `consume`.`id` = "547" limit 1

 execution time: 0.33ms; update `consume` set `update_at` = "1573053782" where `id` = "547"

 execution time: 0.48ms; select * from `consume` where `consume`.`id` = "548" limit 1

 execution time: 0.37ms; update `consume` set `update_at` = "1573053782" where `id` = "548"

 execution time: 0.93ms; select * from `consume` where `consume`.`id` = "549" limit 1

 execution time: 0.37ms; update `consume` set `update_at` = "1573053782" where `id` = "549"

 execution time: 0.5ms; select * from `consume` where `consume`.`id` = "550" limit 1

 execution time: 0.34ms; update `consume` set `update_at` = "1573053782" where `id` = "550"

 execution time: 0.52ms; select * from `consume` where `consume`.`id` = "551" limit 1

 execution time: 0.33ms; update `consume` set `update_at` = "1573053782" where `id` = "551"

 execution time: 0.5ms; select * from `consume` where `consume`.`id` = "552" limit 1

 execution time: 1.19ms; update `consume` set `update_at` = "1573053782" where `id` = "552"

 execution time: 0.4ms; select * from `consume` where `consume`.`id` = "553" limit 1

 execution time: 0.46ms; update `consume` set `update_at` = "1573053782" where `id` = "553"

 execution time: 0.38ms; select * from `consume` where `consume`.`id` = "554" limit 1

 execution time: 0.49ms; update `consume` set `update_at` = "1573053782" where `id` = "554"

 execution time: 0.42ms; select * from `consume` where `consume`.`id` = "555" limit 1

 execution time: 0.45ms; update `consume` set `update_at` = "1573053782" where `id` = "555"

 execution time: 0.38ms; select * from `consume` where `consume`.`id` = "556" limit 1

 execution time: 0.45ms; update `consume` set `update_at` = "1573053782" where `id` = "556"

 execution time: 0.41ms; select * from `consume` where `consume`.`id` = "557" limit 1

 execution time: 3.7ms; update `consume` set `update_at` = "1573053782" where `id` = "557"

 execution time: 0.44ms; select * from `consume` where `consume`.`id` = "560" limit 1

 execution time: 0.49ms; update `consume` set `update_at` = "1573053782" where `id` = "560"

 execution time: 0.38ms; select * from `consume` where `consume`.`id` = "561" limit 1

 execution time: 0.43ms; update `consume` set `update_at` = "1573053782" where `id` = "561"

 execution time: 0.42ms; select * from `consume` where `consume`.`id` = "563" limit 1

 execution time: 1.19ms; update `consume` set `update_at` = "1573053782" where `id` = "563"

 execution time: 0.54ms; select * from `consume` where `consume`.`id` = "566" limit 1

 execution time: 0.36ms; update `consume` set `update_at` = "1573053782" where `id` = "566"

 execution time: 0.49ms; select * from `consume` where `consume`.`id` = "567" limit 1

 execution time: 0.36ms; update `consume` set `update_at` = "1573053782" where `id` = "567"

 execution time: 0.5ms; select * from `consume` where `consume`.`id` = "568" limit 1

 execution time: 0.33ms; update `consume` set `update_at` = "1573053782" where `id` = "568"

 execution time: 1.9ms; select count(*) as aggregate from `article` where `status` = "1"

 execution time: 0.49ms; select * from `article` where `status` = "1" order by `update_at` desc limit 3 offset 0

 execution time: 0.35ms; select count(*) as aggregate from `article` where `status` = "1"

 execution time: 0.39ms; select * from `article` where `status` = "1" order by `update_at` desc limit 6 offset 0

 execution time: 0.32ms; select count(*) as aggregate from `article` where `status` = "1"

 execution time: 0.3ms; select * from `article` where `status` = "1" order by `create_at` desc limit 6 offset 0

 execution time: 0.29ms; select count(*) as aggregate from `article` where `status` = "1"

 execution time: 0.31ms; select * from `article` where `status` = "1" order by `browse` desc limit 6 offset 0

 execution time: 2.26ms; select count(*) as aggregate from `article` where `status` = "1"

 execution time: 0.52ms; select * from `article` where `status` = "1" order by `update_at` desc limit 3 offset 0

 execution time: 0.26ms; select count(*) as aggregate from `article` where `status` = "1"

 execution time: 0.39ms; select * from `article` where `status` = "1" order by `update_at` desc limit 6 offset 0

 execution time: 0.24ms; select count(*) as aggregate from `article` where `status` = "1"

 execution time: 0.42ms; select * from `article` where `status` = "1" order by `create_at` desc limit 6 offset 0

 execution time: 0.24ms; select count(*) as aggregate from `article` where `status` = "1"

 execution time: 0.35ms; select * from `article` where `status` = "1" order by `browse` desc limit 6 offset 0

 execution time: 1.41ms; select count(*) as aggregate from `article` where `status` = "1"

 execution time: 0.52ms; select * from `article` where `status` = "1" order by `update_at` desc limit 3 offset 0

 execution time: 0.31ms; select count(*) as aggregate from `article` where `status` = "1"

 execution time: 0.36ms; select * from `article` where `status` = "1" order by `update_at` desc limit 6 offset 0

 execution time: 0.24ms; select count(*) as aggregate from `article` where `status` = "1"

 execution time: 0.42ms; select * from `article` where `status` = "1" order by `create_at` desc limit 6 offset 0

 execution time: 0.23ms; select count(*) as aggregate from `article` where `status` = "1"

 execution time: 0.43ms; select * from `article` where `status` = "1" order by `browse` desc limit 6 offset 0

 execution time: 1.41ms; select count(*) as aggregate from `article` where `status` = "1"

 execution time: 0.52ms; select * from `article` where `status` = "1" order by `update_at` desc limit 3 offset 0

 execution time: 0.32ms; select count(*) as aggregate from `article` where `status` = "1"

 execution time: 0.36ms; select * from `article` where `status` = "1" order by `update_at` desc limit 6 offset 0

 execution time: 0.23ms; select count(*) as aggregate from `article` where `status` = "1"

 execution time: 0.45ms; select * from `article` where `status` = "1" order by `create_at` desc limit 6 offset 0

 execution time: 0.23ms; select count(*) as aggregate from `article` where `status` = "1"

 execution time: 0.4ms; select * from `article` where `status` = "1" order by `browse` desc limit 6 offset 0

 execution time: 1.35ms; select count(*) as aggregate from `article` where `status` = "1"

 execution time: 0.5ms; select * from `article` where `status` = "1" order by `update_at` desc limit 3 offset 0

 execution time: 0.27ms; select count(*) as aggregate from `article` where `status` = "1"

 execution time: 0.38ms; select * from `article` where `status` = "1" order by `update_at` desc limit 6 offset 0

 execution time: 0.25ms; select count(*) as aggregate from `article` where `status` = "1"

 execution time: 0.39ms; select * from `article` where `status` = "1" order by `create_at` desc limit 6 offset 0

 execution time: 0.23ms; select count(*) as aggregate from `article` where `status` = "1"

 execution time: 0.34ms; select * from `article` where `status` = "1" order by `browse` desc limit 6 offset 0

 execution time: 1.43ms; select count(*) as aggregate from `article` where `status` = "1"

 execution time: 0.5ms; select * from `article` where `status` = "1" order by `update_at` desc limit 3 offset 0

 execution time: 0.27ms; select count(*) as aggregate from `article` where `status` = "1"

 execution time: 0.41ms; select * from `article` where `status` = "1" order by `update_at` desc limit 6 offset 0

 execution time: 0.27ms; select count(*) as aggregate from `article` where `status` = "1"

 execution time: 0.39ms; select * from `article` where `status` = "1" order by `create_at` desc limit 6 offset 0

 execution time: 0.27ms; select count(*) as aggregate from `article` where `status` = "1"

 execution time: 0.4ms; select * from `article` where `status` = "1" order by `browse` desc limit 6 offset 0

 execution time: 1.34ms; select count(*) as aggregate from `article` where `status` = "1"

 execution time: 0.49ms; select * from `article` where `status` = "1" order by `update_at` desc limit 3 offset 0

 execution time: 0.25ms; select count(*) as aggregate from `article` where `status` = "1"

 execution time: 0.4ms; select * from `article` where `status` = "1" order by `update_at` desc limit 6 offset 0

 execution time: 0.23ms; select count(*) as aggregate from `article` where `status` = "1"

 execution time: 0.41ms; select * from `article` where `status` = "1" order by `create_at` desc limit 6 offset 0

 execution time: 0.23ms; select count(*) as aggregate from `article` where `status` = "1"

 execution time: 0.36ms; select * from `article` where `status` = "1" order by `browse` desc limit 6 offset 0

 execution time: 1.39ms; select count(*) as aggregate from `article` where `status` = "1"

 execution time: 0.49ms; select * from `article` where `status` = "1" order by `update_at` desc limit 3 offset 0

 execution time: 0.25ms; select count(*) as aggregate from `article` where `status` = "1"

 execution time: 0.4ms; select * from `article` where `status` = "1" order by `update_at` desc limit 6 offset 0

 execution time: 0.24ms; select count(*) as aggregate from `article` where `status` = "1"

 execution time: 0.41ms; select * from `article` where `status` = "1" order by `create_at` desc limit 6 offset 0

 execution time: 0.68ms; select count(*) as aggregate from `article` where `status` = "1"

 execution time: 0.4ms; select * from `article` where `status` = "1" order by `browse` desc limit 6 offset 0

 execution time: 1.36ms; select count(*) as aggregate from `article` where `status` = "1"

 execution time: 0.5ms; select * from `article` where `status` = "1" order by `update_at` desc limit 3 offset 0

 execution time: 0.26ms; select count(*) as aggregate from `article` where `status` = "1"

 execution time: 0.38ms; select * from `article` where `status` = "1" order by `update_at` desc limit 6 offset 0

 execution time: 0.25ms; select count(*) as aggregate from `article` where `status` = "1"

 execution time: 0.4ms; select * from `article` where `status` = "1" order by `create_at` desc limit 6 offset 0

 execution time: 0.23ms; select count(*) as aggregate from `article` where `status` = "1"

 execution time: 0.35ms; select * from `article` where `status` = "1" order by `browse` desc limit 6 offset 0

 execution time: 1.37ms; select count(*) as aggregate from `article` where `status` = "1"

 execution time: 0.5ms; select * from `article` where `status` = "1" order by `update_at` desc limit 3 offset 0

 execution time: 0.26ms; select count(*) as aggregate from `article` where `status` = "1"

 execution time: 0.39ms; select * from `article` where `status` = "1" order by `update_at` desc limit 6 offset 0

 execution time: 0.25ms; select count(*) as aggregate from `article` where `status` = "1"

 execution time: 0.4ms; select * from `article` where `status` = "1" order by `create_at` desc limit 6 offset 0

 execution time: 0.25ms; select count(*) as aggregate from `article` where `status` = "1"

 execution time: 0.35ms; select * from `article` where `status` = "1" order by `browse` desc limit 6 offset 0

 execution time: 1.56ms; select count(*) as aggregate from `article` where `status` = "1"

 execution time: 0.47ms; select * from `article` where `status` = "1" order by `update_at` desc limit 3 offset 0

 execution time: 0.34ms; select count(*) as aggregate from `article` where `status` = "1"

 execution time: 0.32ms; select * from `article` where `status` = "1" order by `update_at` desc limit 6 offset 0

 execution time: 0.23ms; select count(*) as aggregate from `article` where `status` = "1"

 execution time: 0.37ms; select * from `article` where `status` = "1" order by `create_at` desc limit 6 offset 0

 execution time: 0.23ms; select count(*) as aggregate from `article` where `status` = "1"

 execution time: 0.41ms; select * from `article` where `status` = "1" order by `browse` desc limit 6 offset 0

 execution time: 1.33ms; select count(*) as aggregate from `article` where `status` = "1"

 execution time: 0.46ms; select * from `article` where `status` = "1" order by `update_at` desc limit 3 offset 0

 execution time: 0.28ms; select count(*) as aggregate from `article` where `status` = "1"

 execution time: 0.38ms; select * from `article` where `status` = "1" order by `update_at` desc limit 6 offset 0

 execution time: 0.24ms; select count(*) as aggregate from `article` where `status` = "1"

 execution time: 0.37ms; select * from `article` where `status` = "1" order by `create_at` desc limit 6 offset 0

 execution time: 0.23ms; select count(*) as aggregate from `article` where `status` = "1"

 execution time: 0.34ms; select * from `article` where `status` = "1" order by `browse` desc limit 6 offset 0

 execution time: 1.43ms; select count(*) as aggregate from `article` where `status` = "1"

 execution time: 0.51ms; select * from `article` where `status` = "1" order by `update_at` desc limit 3 offset 0

 execution time: 0.32ms; select count(*) as aggregate from `article` where `status` = "1"

 execution time: 0.35ms; select * from `article` where `status` = "1" order by `update_at` desc limit 6 offset 0

 execution time: 0.23ms; select count(*) as aggregate from `article` where `status` = "1"

 execution time: 0.41ms; select * from `article` where `status` = "1" order by `create_at` desc limit 6 offset 0

 execution time: 0.23ms; select count(*) as aggregate from `article` where `status` = "1"

 execution time: 0.4ms; select * from `article` where `status` = "1" order by `browse` desc limit 6 offset 0

 execution time: 1.42ms; select count(*) as aggregate from `article` where `status` = "1"

 execution time: 0.54ms; select * from `article` where `status` = "1" order by `update_at` desc limit 3 offset 0

 execution time: 0.26ms; select count(*) as aggregate from `article` where `status` = "1"

 execution time: 0.38ms; select * from `article` where `status` = "1" order by `update_at` desc limit 6 offset 0

 execution time: 0.29ms; select count(*) as aggregate from `article` where `status` = "1"

 execution time: 0.36ms; select * from `article` where `status` = "1" order by `create_at` desc limit 6 offset 0

 execution time: 0.24ms; select count(*) as aggregate from `article` where `status` = "1"

 execution time: 0.32ms; select * from `article` where `status` = "1" order by `browse` desc limit 6 offset 0

 execution time: 1.33ms; select count(*) as aggregate from `article` where `status` = "1"

 execution time: 0.54ms; select * from `article` where `status` = "1" order by `update_at` desc limit 3 offset 0

 execution time: 0.36ms; select count(*) as aggregate from `article` where `status` = "1"

 execution time: 0.36ms; select * from `article` where `status` = "1" order by `update_at` desc limit 6 offset 0

 execution time: 0.32ms; select count(*) as aggregate from `article` where `status` = "1"

 execution time: 0.33ms; select * from `article` where `status` = "1" order by `create_at` desc limit 6 offset 0

 execution time: 0.3ms; select count(*) as aggregate from `article` where `status` = "1"

 execution time: 0.34ms; select * from `article` where `status` = "1" order by `browse` desc limit 6 offset 0

 execution time: 2.31ms; select count(*) as aggregate from `article` where `status` = "1"

 execution time: 0.51ms; select * from `article` where `status` = "1" order by `update_at` desc limit 3 offset 0

 execution time: 0.25ms; select count(*) as aggregate from `article` where `status` = "1"

 execution time: 0.38ms; select * from `article` where `status` = "1" order by `update_at` desc limit 6 offset 0

 execution time: 0.26ms; select count(*) as aggregate from `article` where `status` = "1"

 execution time: 0.36ms; select * from `article` where `status` = "1" order by `create_at` desc limit 6 offset 0

 execution time: 0.43ms; select count(*) as aggregate from `article` where `status` = "1"

 execution time: 0.37ms; select * from `article` where `status` = "1" order by `browse` desc limit 6 offset 0

 execution time: 1.32ms; select count(*) as aggregate from `article` where `status` = "1"

 execution time: 0.52ms; select * from `article` where `status` = "1" order by `update_at` desc limit 3 offset 0

 execution time: 0.28ms; select count(*) as aggregate from `article` where `status` = "1"

 execution time: 0.38ms; select * from `article` where `status` = "1" order by `update_at` desc limit 6 offset 0

 execution time: 0.24ms; select count(*) as aggregate from `article` where `status` = "1"

 execution time: 0.36ms; select * from `article` where `status` = "1" order by `create_at` desc limit 6 offset 0

 execution time: 0.25ms; select count(*) as aggregate from `article` where `status` = "1"

 execution time: 0.31ms; select * from `article` where `status` = "1" order by `browse` desc limit 6 offset 0

 execution time: 1.55ms; select count(*) as aggregate from `article` where `status` = "1"

 execution time: 0.49ms; select * from `article` where `status` = "1" order by `update_at` desc limit 3 offset 0

 execution time: 0.26ms; select count(*) as aggregate from `article` where `status` = "1"

 execution time: 0.39ms; select * from `article` where `status` = "1" order by `update_at` desc limit 6 offset 0

 execution time: 0.25ms; select count(*) as aggregate from `article` where `status` = "1"

 execution time: 0.37ms; select * from `article` where `status` = "1" order by `create_at` desc limit 6 offset 0

 execution time: 0.26ms; select count(*) as aggregate from `article` where `status` = "1"

 execution time: 0.33ms; select * from `article` where `status` = "1" order by `browse` desc limit 6 offset 0

 execution time: 2.56ms; select count(*) as aggregate from `article` where `status` = "1"

 execution time: 0.52ms; select * from `article` where `status` = "1" order by `update_at` desc limit 3 offset 0

 execution time: 0.31ms; select count(*) as aggregate from `article` where `status` = "1"

 execution time: 0.35ms; select * from `article` where `status` = "1" order by `update_at` desc limit 6 offset 0

 execution time: 0.23ms; select count(*) as aggregate from `article` where `status` = "1"

 execution time: 0.39ms; select * from `article` where `status` = "1" order by `create_at` desc limit 6 offset 0

 execution time: 0.24ms; select count(*) as aggregate from `article` where `status` = "1"

 execution time: 0.4ms; select * from `article` where `status` = "1" order by `browse` desc limit 6 offset 0

 execution time: 1.35ms; select count(*) as aggregate from `article` where `status` = "1"

 execution time: 0.49ms; select * from `article` where `status` = "1" order by `update_at` desc limit 3 offset 0

 execution time: 0.24ms; select count(*) as aggregate from `article` where `status` = "1"

 execution time: 0.4ms; select * from `article` where `status` = "1" order by `update_at` desc limit 6 offset 0

 execution time: 0.26ms; select count(*) as aggregate from `article` where `status` = "1"

 execution time: 0.37ms; select * from `article` where `status` = "1" order by `create_at` desc limit 6 offset 0

 execution time: 0.25ms; select count(*) as aggregate from `article` where `status` = "1"

 execution time: 0.33ms; select * from `article` where `status` = "1" order by `browse` desc limit 6 offset 0

 execution time: 1.35ms; select count(*) as aggregate from `article` where `status` = "1"

 execution time: 0.49ms; select * from `article` where `status` = "1" order by `update_at` desc limit 3 offset 0

 execution time: 0.27ms; select count(*) as aggregate from `article` where `status` = "1"

 execution time: 0.37ms; select * from `article` where `status` = "1" order by `update_at` desc limit 6 offset 0

 execution time: 0.26ms; select count(*) as aggregate from `article` where `status` = "1"

 execution time: 0.35ms; select * from `article` where `status` = "1" order by `create_at` desc limit 6 offset 0

 execution time: 0.26ms; select count(*) as aggregate from `article` where `status` = "1"

 execution time: 0.32ms; select * from `article` where `status` = "1" order by `browse` desc limit 6 offset 0

 execution time: 1.39ms; select count(*) as aggregate from `article` where `status` = "1"

 execution time: 0.47ms; select * from `article` where `status` = "1" order by `update_at` desc limit 3 offset 0

 execution time: 0.25ms; select count(*) as aggregate from `article` where `status` = "1"

 execution time: 0.41ms; select * from `article` where `status` = "1" order by `update_at` desc limit 6 offset 0

 execution time: 0.23ms; select count(*) as aggregate from `article` where `status` = "1"

 execution time: 0.39ms; select * from `article` where `status` = "1" order by `create_at` desc limit 6 offset 0

 execution time: 0.23ms; select count(*) as aggregate from `article` where `status` = "1"

 execution time: 0.35ms; select * from `article` where `status` = "1" order by `browse` desc limit 6 offset 0

 execution time: 1.35ms; select count(*) as aggregate from `article` where `status` = "1"

 execution time: 0.51ms; select * from `article` where `status` = "1" order by `update_at` desc limit 3 offset 0

 execution time: 0.27ms; select count(*) as aggregate from `article` where `status` = "1"

 execution time: 0.39ms; select * from `article` where `status` = "1" order by `update_at` desc limit 6 offset 0

 execution time: 0.26ms; select count(*) as aggregate from `article` where `status` = "1"

 execution time: 0.37ms; select * from `article` where `status` = "1" order by `create_at` desc limit 6 offset 0

 execution time: 0.26ms; select count(*) as aggregate from `article` where `status` = "1"

 execution time: 0.34ms; select * from `article` where `status` = "1" order by `browse` desc limit 6 offset 0

 execution time: 1.44ms; select count(*) as aggregate from `article` where `status` = "1"

 execution time: 0.52ms; select * from `article` where `status` = "1" order by `update_at` desc limit 3 offset 0

 execution time: 0.32ms; select count(*) as aggregate from `article` where `status` = "1"

 execution time: 0.36ms; select * from `article` where `status` = "1" order by `update_at` desc limit 6 offset 0

 execution time: 0.25ms; select count(*) as aggregate from `article` where `status` = "1"

 execution time: 0.41ms; select * from `article` where `status` = "1" order by `create_at` desc limit 6 offset 0

 execution time: 0.24ms; select count(*) as aggregate from `article` where `status` = "1"

 execution time: 0.41ms; select * from `article` where `status` = "1" order by `browse` desc limit 6 offset 0

 execution time: 2.1ms; select count(*) as aggregate from `article` where `status` = "1"

 execution time: 0.38ms; select * from `article` where `status` = "1" order by `update_at` desc limit 3 offset 0

 execution time: 0.35ms; select count(*) as aggregate from `article` where `status` = "1"

 execution time: 0.32ms; select * from `article` where `status` = "1" order by `update_at` desc limit 6 offset 0

 execution time: 0.3ms; select count(*) as aggregate from `article` where `status` = "1"

 execution time: 0.3ms; select * from `article` where `status` = "1" order by `create_at` desc limit 6 offset 0

 execution time: 0.28ms; select count(*) as aggregate from `article` where `status` = "1"

 execution time: 0.38ms; select * from `article` where `status` = "1" order by `browse` desc limit 6 offset 0

 execution time: 1.45ms; select count(*) as aggregate from `article` where `status` = "1"

 execution time: 0.46ms; select * from `article` where `status` = "1" order by `update_at` desc limit 3 offset 0

 execution time: 0.24ms; select count(*) as aggregate from `article` where `status` = "1"

 execution time: 0.4ms; select * from `article` where `status` = "1" order by `update_at` desc limit 6 offset 0

 execution time: 0.23ms; select count(*) as aggregate from `article` where `status` = "1"

 execution time: 0.4ms; select * from `article` where `status` = "1" order by `create_at` desc limit 6 offset 0

 execution time: 0.23ms; select count(*) as aggregate from `article` where `status` = "1"

 execution time: 0.36ms; select * from `article` where `status` = "1" order by `browse` desc limit 6 offset 0

 execution time: 1.34ms; select count(*) as aggregate from `article` where `status` = "1"

 execution time: 0.53ms; select * from `article` where `status` = "1" order by `update_at` desc limit 3 offset 0

 execution time: 0.29ms; select count(*) as aggregate from `article` where `status` = "1"

 execution time: 0.37ms; select * from `article` where `status` = "1" order by `update_at` desc limit 6 offset 0

 execution time: 0.26ms; select count(*) as aggregate from `article` where `status` = "1"

 execution time: 0.36ms; select * from `article` where `status` = "1" order by `create_at` desc limit 6 offset 0

 execution time: 0.25ms; select count(*) as aggregate from `article` where `status` = "1"

 execution time: 0.31ms; select * from `article` where `status` = "1" order by `browse` desc limit 6 offset 0

 execution time: 1.33ms; select count(*) as aggregate from `article` where `status` = "1"

 execution time: 0.54ms; select * from `article` where `status` = "1" order by `update_at` desc limit 3 offset 0

 execution time: 0.26ms; select count(*) as aggregate from `article` where `status` = "1"

 execution time: 0.38ms; select * from `article` where `status` = "1" order by `update_at` desc limit 6 offset 0

 execution time: 0.24ms; select count(*) as aggregate from `article` where `status` = "1"

 execution time: 0.39ms; select * from `article` where `status` = "1" order by `create_at` desc limit 6 offset 0

 execution time: 0.23ms; select count(*) as aggregate from `article` where `status` = "1"

 execution time: 0.33ms; select * from `article` where `status` = "1" order by `browse` desc limit 6 offset 0

 execution time: 1.27ms; select count(*) as aggregate from `article` where `status` = "1"

 execution time: 0.5ms; select * from `article` where `status` = "1" order by `update_at` desc limit 3 offset 0

 execution time: 0.23ms; select count(*) as aggregate from `article` where `status` = "1"

 execution time: 0.38ms; select * from `article` where `status` = "1" order by `update_at` desc limit 6 offset 0

 execution time: 0.27ms; select count(*) as aggregate from `article` where `status` = "1"

 execution time: 0.4ms; select * from `article` where `status` = "1" order by `create_at` desc limit 6 offset 0

 execution time: 0.79ms; select count(*) as aggregate from `article` where `status` = "1"

 execution time: 0.35ms; select * from `article` where `status` = "1" order by `browse` desc limit 6 offset 0

 execution time: 1.43ms; select count(*) as aggregate from `article` where `status` = "1"

 execution time: 0.59ms; select * from `article` where `status` = "1" order by `update_at` desc limit 3 offset 0

 execution time: 0.35ms; select count(*) as aggregate from `article` where `status` = "1"

 execution time: 0.39ms; select * from `article` where `status` = "1" order by `update_at` desc limit 6 offset 0

 execution time: 0.29ms; select count(*) as aggregate from `article` where `status` = "1"

 execution time: 0.36ms; select * from `article` where `status` = "1" order by `create_at` desc limit 6 offset 0

 execution time: 0.29ms; select count(*) as aggregate from `article` where `status` = "1"

 execution time: 0.36ms; select * from `article` where `status` = "1" order by `browse` desc limit 6 offset 0

 execution time: 1.86ms; select count(*) as aggregate from `article` where `status` = "1"

 execution time: 0.35ms; select * from `article` where `status` = "1" order by `update_at` desc limit 3 offset 0

 execution time: 0.35ms; select count(*) as aggregate from `article` where `status` = "1"

 execution time: 0.3ms; select * from `article` where `status` = "1" order by `update_at` desc limit 6 offset 0

 execution time: 0.25ms; select count(*) as aggregate from `article` where `status` = "1"

 execution time: 0.34ms; select * from `article` where `status` = "1" order by `create_at` desc limit 6 offset 0

 execution time: 0.24ms; select count(*) as aggregate from `article` where `status` = "1"

 execution time: 0.37ms; select * from `article` where `status` = "1" order by `browse` desc limit 6 offset 0

 execution time: 1.28ms; select count(*) as aggregate from `article` where `status` = "1"

 execution time: 0.48ms; select * from `article` where `status` = "1" order by `update_at` desc limit 3 offset 0

 execution time: 0.24ms; select count(*) as aggregate from `article` where `status` = "1"

 execution time: 0.38ms; select * from `article` where `status` = "1" order by `update_at` desc limit 6 offset 0

 execution time: 0.24ms; select count(*) as aggregate from `article` where `status` = "1"

 execution time: 0.36ms; select * from `article` where `status` = "1" order by `create_at` desc limit 6 offset 0

 execution time: 0.24ms; select count(*) as aggregate from `article` where `status` = "1"

 execution time: 0.32ms; select * from `article` where `status` = "1" order by `browse` desc limit 6 offset 0

 execution time: 1.29ms; select count(*) as aggregate from `article` where `status` = "1"

 execution time: 0.47ms; select * from `article` where `status` = "1" order by `update_at` desc limit 3 offset 0

 execution time: 0.25ms; select count(*) as aggregate from `article` where `status` = "1"

 execution time: 0.38ms; select * from `article` where `status` = "1" order by `update_at` desc limit 6 offset 0

 execution time: 0.24ms; select count(*) as aggregate from `article` where `status` = "1"

 execution time: 0.37ms; select * from `article` where `status` = "1" order by `create_at` desc limit 6 offset 0

 execution time: 0.24ms; select count(*) as aggregate from `article` where `status` = "1"

 execution time: 0.34ms; select * from `article` where `status` = "1" order by `browse` desc limit 6 offset 0

 execution time: 1.64ms; select count(*) as aggregate from `article` where `status` = "1"

 execution time: 0.5ms; select * from `article` where `status` = "1" order by `update_at` desc limit 3 offset 0

 execution time: 0.27ms; select count(*) as aggregate from `article` where `status` = "1"

 execution time: 0.38ms; select * from `article` where `status` = "1" order by `update_at` desc limit 6 offset 0

 execution time: 0.26ms; select count(*) as aggregate from `article` where `status` = "1"

 execution time: 0.36ms; select * from `article` where `status` = "1" order by `create_at` desc limit 6 offset 0

 execution time: 0.26ms; select count(*) as aggregate from `article` where `status` = "1"

 execution time: 0.32ms; select * from `article` where `status` = "1" order by `browse` desc limit 6 offset 0

