 execution time: 1.21ms; select count(*) as aggregate from `article`

 execution time: 0.43ms; select * from `article` order by `update_at` desc limit 3 offset 0

 execution time: 0.6ms; select count(*) as aggregate from `article`

 execution time: 0.3ms; select * from `article` order by `update_at` desc limit 6 offset 0

 execution time: 0.23ms; select count(*) as aggregate from `article`

 execution time: 0.25ms; select * from `article` order by `create_at` desc limit 6 offset 0

 execution time: 0.26ms; select count(*) as aggregate from `article`

 execution time: 0.26ms; select * from `article` order by `browse` desc limit 6 offset 0

 execution time: 1.45ms; select count(*) as aggregate from `article`

 execution time: 0.39ms; select * from `article` order by `update_at` desc limit 3 offset 0

 execution time: 0.25ms; select count(*) as aggregate from `article`

 execution time: 0.36ms; select * from `article` order by `update_at` desc limit 6 offset 0

 execution time: 0.24ms; select count(*) as aggregate from `article`

 execution time: 0.25ms; select * from `article` order by `create_at` desc limit 6 offset 0

 execution time: 0.23ms; select count(*) as aggregate from `article`

 execution time: 0.27ms; select * from `article` order by `browse` desc limit 6 offset 0

 execution time: 1.29ms; select count(*) as aggregate from `article`

 execution time: 0.36ms; select * from `article` order by `update_at` desc limit 3 offset 0

 execution time: 0.23ms; select count(*) as aggregate from `article`

 execution time: 0.4ms; select * from `article` order by `update_at` desc limit 6 offset 0

 execution time: 0.21ms; select count(*) as aggregate from `article`

 execution time: 0.31ms; select * from `article` order by `create_at` desc limit 6 offset 0

 execution time: 0.22ms; select count(*) as aggregate from `article`

 execution time: 0.29ms; select * from `article` order by `browse` desc limit 6 offset 0

 execution time: 1.22ms; select count(*) as aggregate from `article`

 execution time: 0.46ms; select * from `article` order by `update_at` desc limit 3 offset 0

 execution time: 0.28ms; select count(*) as aggregate from `article`

 execution time: 0.31ms; select * from `article` order by `update_at` desc limit 6 offset 0

 execution time: 0.21ms; select count(*) as aggregate from `article`

 execution time: 0.25ms; select * from `article` order by `create_at` desc limit 6 offset 0

 execution time: 0.2ms; select count(*) as aggregate from `article`

 execution time: 0.32ms; select * from `article` order by `browse` desc limit 6 offset 0

 execution time: 1.25ms; select count(*) as aggregate from `article`

 execution time: 0.46ms; select * from `article` order by `update_at` desc limit 3 offset 0

 execution time: 0.21ms; select count(*) as aggregate from `article`

 execution time: 0.31ms; select * from `article` order by `update_at` desc limit 6 offset 0

 execution time: 0.2ms; select count(*) as aggregate from `article`

 execution time: 0.32ms; select * from `article` order by `create_at` desc limit 6 offset 0

 execution time: 0.21ms; select count(*) as aggregate from `article`

 execution time: 0.26ms; select * from `article` order by `browse` desc limit 6 offset 0

 execution time: 1.22ms; select count(*) as aggregate from `article`

 execution time: 0.8ms; select * from `article` order by `update_at` desc limit 3 offset 0

 execution time: 0.25ms; select count(*) as aggregate from `article`

 execution time: 0.33ms; select * from `article` order by `update_at` desc limit 6 offset 0

 execution time: 0.24ms; select count(*) as aggregate from `article`

 execution time: 0.26ms; select * from `article` order by `create_at` desc limit 6 offset 0

 execution time: 0.31ms; select count(*) as aggregate from `article`

 execution time: 0.28ms; select * from `article` order by `browse` desc limit 6 offset 0

 execution time: 1.17ms; select count(*) as aggregate from `article`

 execution time: 0.46ms; select * from `article` order by `update_at` desc limit 3 offset 0

 execution time: 0.2ms; select count(*) as aggregate from `article`

 execution time: 0.33ms; select * from `article` order by `update_at` desc limit 6 offset 0

 execution time: 0.22ms; select count(*) as aggregate from `article`

 execution time: 0.25ms; select * from `article` order by `create_at` desc limit 6 offset 0

 execution time: 0.19ms; select count(*) as aggregate from `article`

 execution time: 0.33ms; select * from `article` order by `browse` desc limit 6 offset 0

 execution time: 1.13ms; select count(*) as aggregate from `article`

 execution time: 0.34ms; select * from `article` order by `update_at` desc limit 3 offset 0

 execution time: 0.32ms; select count(*) as aggregate from `article`

 execution time: 0.28ms; select * from `article` order by `update_at` desc limit 6 offset 0

 execution time: 0.22ms; select count(*) as aggregate from `article`

 execution time: 0.28ms; select * from `article` order by `create_at` desc limit 6 offset 0

 execution time: 0.21ms; select count(*) as aggregate from `article`

 execution time: 0.32ms; select * from `article` order by `browse` desc limit 6 offset 0

 execution time: 1.15ms; select count(*) as aggregate from `article`

 execution time: 0.46ms; select * from `article` order by `update_at` desc limit 3 offset 0

 execution time: 0.21ms; select count(*) as aggregate from `article`

 execution time: 0.3ms; select * from `article` order by `update_at` desc limit 6 offset 0

 execution time: 0.23ms; select count(*) as aggregate from `article`

 execution time: 0.31ms; select * from `article` order by `create_at` desc limit 6 offset 0

 execution time: 0.22ms; select count(*) as aggregate from `article`

 execution time: 0.26ms; select * from `article` order by `browse` desc limit 6 offset 0

 execution time: 1.27ms; select count(*) as aggregate from `article`

 execution time: 0.38ms; select * from `article` order by `update_at` desc limit 3 offset 0

 execution time: 0.29ms; select count(*) as aggregate from `article`

 execution time: 0.31ms; select * from `article` order by `update_at` desc limit 6 offset 0

 execution time: 0.2ms; select count(*) as aggregate from `article`

 execution time: 0.28ms; select * from `article` order by `create_at` desc limit 6 offset 0

 execution time: 0.2ms; select count(*) as aggregate from `article`

 execution time: 0.36ms; select * from `article` order by `browse` desc limit 6 offset 0

 execution time: 1.21ms; select count(*) as aggregate from `article`

 execution time: 0.47ms; select * from `article` order by `update_at` desc limit 3 offset 0

 execution time: 0.21ms; select count(*) as aggregate from `article`

 execution time: 0.32ms; select * from `article` order by `update_at` desc limit 6 offset 0

 execution time: 0.21ms; select count(*) as aggregate from `article`

 execution time: 0.31ms; select * from `article` order by `create_at` desc limit 6 offset 0

 execution time: 0.2ms; select count(*) as aggregate from `article`

 execution time: 0.28ms; select * from `article` order by `browse` desc limit 6 offset 0

 execution time: 1.35ms; select count(*) as aggregate from `article`

 execution time: 0.41ms; select * from `article` order by `update_at` desc limit 3 offset 0

 execution time: 0.24ms; select count(*) as aggregate from `article`

 execution time: 0.33ms; select * from `article` order by `update_at` desc limit 6 offset 0

 execution time: 0.26ms; select count(*) as aggregate from `article`

 execution time: 0.26ms; select * from `article` order by `create_at` desc limit 6 offset 0

 execution time: 0.25ms; select count(*) as aggregate from `article`

 execution time: 0.28ms; select * from `article` order by `browse` desc limit 6 offset 0

 execution time: 1.26ms; select count(*) as aggregate from `article`

 execution time: 0.39ms; select * from `article` order by `update_at` desc limit 3 offset 0

 execution time: 0.21ms; select count(*) as aggregate from `article`

 execution time: 0.33ms; select * from `article` order by `update_at` desc limit 6 offset 0

 execution time: 0.23ms; select count(*) as aggregate from `article`

 execution time: 0.27ms; select * from `article` order by `create_at` desc limit 6 offset 0

 execution time: 0.26ms; select count(*) as aggregate from `article`

 execution time: 0.26ms; select * from `article` order by `browse` desc limit 6 offset 0

 execution time: 1.25ms; select count(*) as aggregate from `article`

 execution time: 0.34ms; select * from `article` order by `update_at` desc limit 3 offset 0

 execution time: 0.22ms; select count(*) as aggregate from `article`

 execution time: 0.3ms; select * from `article` order by `update_at` desc limit 6 offset 0

 execution time: 0.21ms; select count(*) as aggregate from `article`

 execution time: 0.24ms; select * from `article` order by `create_at` desc limit 6 offset 0

 execution time: 0.26ms; select count(*) as aggregate from `article`

 execution time: 0.26ms; select * from `article` order by `browse` desc limit 6 offset 0

 execution time: 1.31ms; select count(*) as aggregate from `article`

 execution time: 0.41ms; select * from `article` order by `update_at` desc limit 3 offset 0

 execution time: 0.21ms; select count(*) as aggregate from `article`

 execution time: 0.38ms; select * from `article` order by `update_at` desc limit 6 offset 0

 execution time: 0.21ms; select count(*) as aggregate from `article`

 execution time: 0.31ms; select * from `article` order by `create_at` desc limit 6 offset 0

 execution time: 0.21ms; select count(*) as aggregate from `article`

 execution time: 0.26ms; select * from `article` order by `browse` desc limit 6 offset 0

 execution time: 1.25ms; select * from `admins` where `name` = "admin" limit 1

 execution time: 1.29ms; select * from `admins` where `id` = "2" limit 1

 execution time: 0.31ms; select * from `role_privilege` where `role_id` = "3"

 execution time: 0.33ms; select * from `privileges` where `id` in ("1", "2", "3", "4", "5", "6", "9", "10", "11", "12", "13", "14") and `type` = "2"

 execution time: 0.22ms; select * from `privilege_group`

 execution time: 1.27ms; select * from `admins` where `id` = "2" limit 1

 execution time: 1.29ms; select * from `admins` where `id` = "2" limit 1

 execution time: 0.47ms; select exists(select * from `consume` where `month` = "2019-10") as `exists`

 execution time: 0.27ms; select exists(select * from `consume_detail` where `date` like "%2019-10%") as `exists`

 execution time: 0.41ms; select `category_id`, `month`, `id`, `real_amount` from `consume` where `month` = "2019-10"

 execution time: 0.55ms; select `id`, SUM(real_amount) as real_amount, `month` from `consume` where `month` like "%2019%" group by `month`

 execution time: 0.36ms; select `name`, `id` from `consume_category`

 execution time: 0.35ms; select `id`, SUM(amount) as amount, `date` from `consume_detail` where `date` like "%2019-10%" group by `date`

 execution time: 1.25ms; select * from `admins` where `id` = "2" limit 1

 execution time: 1.44ms; select * from `admins` where `id` = "2" limit 1

 execution time: 0.25ms; select `name`, `id` from `consume_category`

 execution time: 1.3ms; select * from `admins` where `id` = "2" limit 1

 execution time: 1.31ms; select * from `admins` where `id` = "2" limit 1

 execution time: 0.38ms; select count(*) as aggregate from `consume_detail`

 execution time: 0.39ms; select * from `consume_detail` limit 10 offset 0

 execution time: 0.54ms; select `month`, `id`, `category_id` from `consume`

 execution time: 0.26ms; select `id`, `name` from `consume_category`

 execution time: 1.31ms; select * from `admins` where `id` = "2" limit 1

 execution time: 0.53ms; select count(*) as aggregate from `consume` where `month` = "2019-10"

 execution time: 0.49ms; select * from `consume` where `month` = "2019-10" limit 20 offset 0

 execution time: 0.95ms; select `name`, `id` from `consume_category`

 execution time: 1.32ms; select * from `admins` where `id` = "2" limit 1

 execution time: 1.33ms; select * from `admins` where `id` = "2" limit 1

 execution time: 0.23ms; select count(*) as aggregate from `consume_detail`

 execution time: 0.3ms; select * from `consume_detail` limit 10 offset 0

 execution time: 0.42ms; select `month`, `id`, `category_id` from `consume`

 execution time: 0.26ms; select `id`, `name` from `consume_category`

 execution time: 1.36ms; select * from `admins` where `id` = "2" limit 1

 execution time: 0.28ms; select count(*) as aggregate from `consume_detail` where `date` = "2019-10-18"

 execution time: 0.27ms; select * from `consume_detail` where `date` = "2019-10-18" limit 10 offset 0

 execution time: 0.39ms; select `month`, `id`, `category_id` from `consume`

 execution time: 0.27ms; select `id`, `name` from `consume_category`

 execution time: 1.55ms; select * from `admins` where `id` = "2" limit 1

 execution time: 0.28ms; select count(*) as aggregate from `consume` where `month` = "2019-10"

 execution time: 0.3ms; select * from `consume` where `month` = "2019-10" limit 20 offset 0

 execution time: 0.27ms; select `name`, `id` from `consume_category`

 execution time: 1.3ms; select * from `admins` where `id` = "2" limit 1

 execution time: 0.25ms; select count(*) as aggregate from `consume` where `month` = "2019-10"

 execution time: 0.39ms; select * from `consume` where `month` = "2019-10" limit 20 offset 0

 execution time: 0.32ms; select `name`, `id` from `consume_category`

 execution time: 1.6ms; select * from `admins` where `id` = "2" limit 1

 execution time: 0.85ms; select * from `consume` where `consume`.`id` = "213" limit 1

 execution time: 1.21ms; update `consume` set `amount` = "83479" where `id` = "213"

 execution time: 0.47ms; insert into `consume_detail` (`create_at`, `create_uid`, `name`, `date`, `amount`, `voucher`, `consume_id`, `remark`, `label`) values ("1571465078", "2", "易通行", "2019-10-18", "400", "", "213", "常营——良乡南关", "花呗")

 execution time: 1.55ms; select * from `admins` where `id` = "2" limit 1

 execution time: 0.44ms; select count(*) as aggregate from `consume_detail` where `date` = "2019-10-18"

 execution time: 0.55ms; select * from `consume_detail` where `date` = "2019-10-18" limit 10 offset 0

 execution time: 0.48ms; select `month`, `id`, `category_id` from `consume`

 execution time: 0.26ms; select `id`, `name` from `consume_category`

 execution time: 1.3ms; select * from `admins` where `id` = "2" limit 1

 execution time: 0.42ms; select count(*) as aggregate from `consume` where `month` = "2019-10"

 execution time: 0.49ms; select * from `consume` where `month` = "2019-10" limit 20 offset 0

 execution time: 0.29ms; select `name`, `id` from `consume_category`

 execution time: 1.23ms; select * from `admins` where `id` = "2" limit 1

 execution time: 0.27ms; select count(*) as aggregate from `consume` where `month` = "2019-10"

 execution time: 0.38ms; select * from `consume` where `month` = "2019-10" limit 20 offset 0

 execution time: 0.27ms; select `name`, `id` from `consume_category`

 execution time: 1.77ms; select * from `admins` where `id` = "2" limit 1

 execution time: 0.43ms; select * from `consume` where `consume`.`id` = "209" limit 1

 execution time: 8.99ms; update `consume` set `amount` = "682659" where `id` = "209"

 execution time: 0.61ms; insert into `consume_detail` (`create_at`, `create_uid`, `name`, `date`, `amount`, `voucher`, `consume_id`, `remark`, `label`) values ("1571465115", "2", "美团点评", "2019-10-18", "1599", "", "209", "炒饭、晚餐", "花呗")

 execution time: 1.26ms; select * from `admins` where `id` = "2" limit 1

 execution time: 0.52ms; select count(*) as aggregate from `consume_detail` where `date` = "2019-10-18"

 execution time: 0.51ms; select * from `consume_detail` where `date` = "2019-10-18" limit 10 offset 0

 execution time: 0.56ms; select `month`, `id`, `category_id` from `consume`

 execution time: 0.24ms; select `id`, `name` from `consume_category`

 execution time: 1.24ms; select * from `admins` where `id` = "2" limit 1

 execution time: 0.55ms; select count(*) as aggregate from `consume` where `month` = "2019-10"

 execution time: 0.48ms; select * from `consume` where `month` = "2019-10" limit 20 offset 0

 execution time: 0.24ms; select `name`, `id` from `consume_category`

 execution time: 1.28ms; select * from `admins` where `id` = "2" limit 1

 execution time: 0.37ms; select count(*) as aggregate from `consume` where `month` = "2019-10"

 execution time: 0.38ms; select * from `consume` where `month` = "2019-10" limit 20 offset 0

 execution time: 0.24ms; select `name`, `id` from `consume_category`

 execution time: 1.8ms; select * from `admins` where `id` = "2" limit 1

 execution time: 0.66ms; select * from `consume` where `consume`.`id` = "210" limit 1

 execution time: 0.43ms; update `consume` set `amount` = "87630" where `id` = "210"

 execution time: 0.35ms; insert into `consume_detail` (`create_at`, `create_uid`, `name`, `date`, `amount`, `voucher`, `consume_id`, `remark`, `label`) values ("1571465193", "2", "翰代维简梵专卖店", "2019-10-18", "21550", "", "210", "外套、毛衣", "花呗")

 execution time: 1.23ms; select * from `admins` where `id` = "2" limit 1

 execution time: 0.46ms; select count(*) as aggregate from `consume_detail` where `date` = "2019-10-18"

 execution time: 0.76ms; select * from `consume_detail` where `date` = "2019-10-18" limit 10 offset 0

 execution time: 0.59ms; select `month`, `id`, `category_id` from `consume`

 execution time: 0.24ms; select `id`, `name` from `consume_category`

 execution time: 1.27ms; select * from `admins` where `id` = "2" limit 1

 execution time: 0.52ms; select count(*) as aggregate from `consume` where `month` = "2019-10"

 execution time: 0.45ms; select * from `consume` where `month` = "2019-10" limit 20 offset 0

 execution time: 0.24ms; select `name`, `id` from `consume_category`

 execution time: 1.3ms; select * from `admins` where `id` = "2" limit 1

 execution time: 0.25ms; select count(*) as aggregate from `consume` where `month` = "2019-10"

 execution time: 0.4ms; select * from `consume` where `month` = "2019-10" limit 20 offset 0

 execution time: 0.24ms; select `name`, `id` from `consume_category`

 execution time: 1.26ms; select * from `admins` where `id` = "2" limit 1

 execution time: 0.41ms; select * from `consume` where `consume`.`id` = "214" limit 1

 execution time: 0.5ms; update `consume` set `amount` = "22808" where `id` = "214"

 execution time: 0.33ms; insert into `consume_detail` (`create_at`, `create_uid`, `name`, `date`, `amount`, `voucher`, `consume_id`, `remark`, `label`) values ("1571465244", "2", "手机充值", "2019-10-18", "3000", "", "214", "13733138894", "花呗")

 execution time: 1.55ms; select * from `admins` where `id` = "2" limit 1

 execution time: 0.51ms; select count(*) as aggregate from `consume_detail` where `date` = "2019-10-18"

 execution time: 0.59ms; select * from `consume_detail` where `date` = "2019-10-18" limit 10 offset 0

 execution time: 0.5ms; select `month`, `id`, `category_id` from `consume`

 execution time: 0.25ms; select `id`, `name` from `consume_category`

 execution time: 1.32ms; select * from `admins` where `id` = "2" limit 1

 execution time: 0.47ms; select count(*) as aggregate from `consume` where `month` = "2019-10"

 execution time: 0.53ms; select * from `consume` where `month` = "2019-10" limit 20 offset 0

 execution time: 0.24ms; select `name`, `id` from `consume_category`

 execution time: 1.83ms; select * from `admins` where `id` = "2" limit 1

 execution time: 0.43ms; select * from `consume` where `consume`.`id` = "209" limit 1

 execution time: 0.55ms; update `consume` set `amount` = "682957" where `id` = "209"

 execution time: 0.37ms; insert into `consume_detail` (`create_at`, `create_uid`, `name`, `date`, `amount`, `voucher`, `consume_id`, `remark`, `label`) values ("1571465277", "2", "可欣", "2019-10-19", "298", "", "209", "面包饼", "花呗")

 execution time: 1.25ms; select * from `admins` where `id` = "2" limit 1

 execution time: 0.48ms; select count(*) as aggregate from `consume_detail` where `date` = "2019-10-18"

 execution time: 0.58ms; select * from `consume_detail` where `date` = "2019-10-18" limit 10 offset 0

 execution time: 0.6ms; select `month`, `id`, `category_id` from `consume`

 execution time: 0.24ms; select `id`, `name` from `consume_category`

 execution time: 1.25ms; select * from `admins` where `id` = "2" limit 1

 execution time: 0.54ms; select count(*) as aggregate from `consume_detail` where `date` = "2019-10-19"

 execution time: 0.49ms; select * from `consume_detail` where `date` = "2019-10-19" limit 10 offset 0

 execution time: 0.34ms; select `month`, `id`, `category_id` from `consume`

 execution time: 0.24ms; select `id`, `name` from `consume_category`

 execution time: 1.23ms; select * from `admins` where `id` = "2" limit 1

 execution time: 0.45ms; select count(*) as aggregate from `consume` where `month` = "2019-10"

 execution time: 0.52ms; select * from `consume` where `month` = "2019-10" limit 20 offset 0

 execution time: 0.24ms; select `name`, `id` from `consume_category`

 execution time: 1.22ms; select * from `admins` where `id` = "2" limit 1

 execution time: 0.41ms; select * from `consume` where `consume`.`id` = "209" limit 1

 execution time: 0.5ms; update `consume` set `amount` = "683057" where `id` = "209"

 execution time: 0.36ms; insert into `consume_detail` (`create_at`, `create_uid`, `name`, `date`, `amount`, `voucher`, `consume_id`, `remark`, `label`) values ("1571465322", "2", "于桂梅", "2019-10-19", "100", "", "209", "苹果、香蕉", "花呗")

 execution time: 1.26ms; select * from `admins` where `id` = "2" limit 1

 execution time: 0.43ms; select count(*) as aggregate from `consume_detail` where `date` = "2019-10-19"

 execution time: 0.52ms; select * from `consume_detail` where `date` = "2019-10-19" limit 10 offset 0

 execution time: 0.57ms; select `month`, `id`, `category_id` from `consume`

 execution time: 0.26ms; select `id`, `name` from `consume_category`

 execution time: 1.26ms; select * from `admins` where `id` = "2" limit 1

 execution time: 0.52ms; select count(*) as aggregate from `consume` where `month` = "2019-10"

 execution time: 0.5ms; select * from `consume` where `month` = "2019-10" limit 20 offset 0

 execution time: 0.27ms; select `name`, `id` from `consume_category`

 execution time: 1.43ms; select * from `admins` where `id` = "2" limit 1

 execution time: 0.41ms; select * from `consume` where `consume`.`id` = "209" limit 1

 execution time: 12.38ms; update `consume` set `amount` = "683068" where `id` = "209"

 execution time: 0.41ms; insert into `consume_detail` (`create_at`, `create_uid`, `name`, `date`, `amount`, `voucher`, `consume_id`, `remark`, `label`) values ("1571465374", "2", "刘崇栋", "2019-10-19", "11", "", "209", "蒜苔、葱、西红柿", "花呗")

 execution time: 1.34ms; select * from `admins` where `id` = "2" limit 1

 execution time: 0.56ms; select count(*) as aggregate from `consume_detail` where `date` = "2019-10-19"

 execution time: 0.54ms; select * from `consume_detail` where `date` = "2019-10-19" limit 10 offset 0

 execution time: 0.61ms; select `month`, `id`, `category_id` from `consume`

 execution time: 0.24ms; select `id`, `name` from `consume_category`

 execution time: 1.26ms; select * from `admins` where `id` = "2" limit 1

 execution time: 0.49ms; select count(*) as aggregate from `consume` where `month` = "2019-10"

 execution time: 0.5ms; select * from `consume` where `month` = "2019-10" limit 20 offset 0

 execution time: 0.28ms; select `name`, `id` from `consume_category`

 execution time: 1.45ms; select * from `admins` where `id` = "2" limit 1

 execution time: 0.45ms; select * from `consume` where `consume`.`id` = "209" limit 1

 execution time: 0.52ms; update `consume` set `amount` = "684118" where `id` = "209"

 execution time: 0.37ms; insert into `consume_detail` (`create_at`, `create_uid`, `name`, `date`, `amount`, `voucher`, `consume_id`, `remark`, `label`) values ("1571465410", "2", "林祥良", "2019-10-19", "1050", "", "209", "哈尔滨红肠", "花呗")

 execution time: 1.35ms; select * from `admins` where `id` = "2" limit 1

 execution time: 0.47ms; select count(*) as aggregate from `consume_detail` where `date` = "2019-10-19"

 execution time: 0.51ms; select * from `consume_detail` where `date` = "2019-10-19" limit 10 offset 0

 execution time: 0.61ms; select `month`, `id`, `category_id` from `consume`

 execution time: 0.26ms; select `id`, `name` from `consume_category`

 execution time: 1.13ms; select count(*) as aggregate from `article`

 execution time: 0.46ms; select * from `article` order by `update_at` desc limit 3 offset 0

 execution time: 0.21ms; select count(*) as aggregate from `article`

 execution time: 0.29ms; select * from `article` order by `update_at` desc limit 6 offset 0

 execution time: 0.22ms; select count(*) as aggregate from `article`

 execution time: 0.3ms; select * from `article` order by `create_at` desc limit 6 offset 0

 execution time: 0.2ms; select count(*) as aggregate from `article`

 execution time: 0.26ms; select * from `article` order by `browse` desc limit 6 offset 0

 execution time: 2.03ms; select * from `admins` where `id` = "2" limit 1

 execution time: 0.46ms; select count(*) as aggregate from `consume` where `month` = "2019-10"

 execution time: 0.53ms; select * from `consume` where `month` = "2019-10" limit 20 offset 0

 execution time: 0.24ms; select `name`, `id` from `consume_category`

 execution time: 1.39ms; select * from `admins` where `id` = "2" limit 1

 execution time: 0.44ms; select * from `consume_detail` where `consume_detail`.`id` = "151" limit 1

 execution time: 0.41ms; select * from `consume` where `consume`.`id` = "209" limit 1

 execution time: 0.42ms; update `consume` set `amount` = "685118" where `id` = "209"

 execution time: 0.36ms; update `consume_detail` set `amount` = "1000", `update_at` = "1571465422", `update_uid` = "2" where `id` = "151"

 execution time: 1.24ms; select * from `admins` where `id` = "2" limit 1

 execution time: 0.49ms; select count(*) as aggregate from `consume_detail` where `date` = "2019-10-19"

 execution time: 0.57ms; select * from `consume_detail` where `date` = "2019-10-19" limit 10 offset 0

 execution time: 0.49ms; select `month`, `id`, `category_id` from `consume`

 execution time: 0.26ms; select `id`, `name` from `consume_category`

 execution time: 1.24ms; select * from `admins` where `id` = "2" limit 1

 execution time: 0.42ms; select count(*) as aggregate from `consume` where `month` = "2019-10"

 execution time: 0.56ms; select * from `consume` where `month` = "2019-10" limit 20 offset 0

 execution time: 0.27ms; select `name`, `id` from `consume_category`

 execution time: 1.39ms; select * from `admins` where `id` = "2" limit 1

 execution time: 0.41ms; select * from `consume_detail` where `consume_detail`.`id` = "151" limit 1

 execution time: 0.35ms; select * from `consume` where `consume`.`id` = "209" limit 1

 execution time: 0.57ms; update `consume` set `amount` = "686218" where `id` = "209"

 execution time: 0.31ms; update `consume_detail` set `amount` = "1100", `update_at` = "1571465438" where `id` = "151"

 execution time: 1.29ms; select * from `admins` where `id` = "2" limit 1

 execution time: 0.49ms; select count(*) as aggregate from `consume_detail` where `date` = "2019-10-19"

 execution time: 0.51ms; select * from `consume_detail` where `date` = "2019-10-19" limit 10 offset 0

 execution time: 0.5ms; select `month`, `id`, `category_id` from `consume`

 execution time: 0.25ms; select `id`, `name` from `consume_category`

 execution time: 1.42ms; select * from `admins` where `id` = "2" limit 1

 execution time: 0.42ms; select count(*) as aggregate from `consume` where `month` = "2019-10"

 execution time: 0.54ms; select * from `consume` where `month` = "2019-10" limit 20 offset 0

 execution time: 0.27ms; select `name`, `id` from `consume_category`

 execution time: 1.26ms; select * from `admins` where `id` = "2" limit 1

 execution time: 0.43ms; select * from `consume_detail` where `consume_detail`.`id` = "150" limit 1

 execution time: 0.43ms; select * from `consume` where `consume`.`id` = "209" limit 1

 execution time: 1.84ms; update `consume` set `amount` = "687218" where `id` = "209"

 execution time: 0.34ms; update `consume_detail` set `amount` = "1000", `update_at` = "1571465444", `update_uid` = "2" where `id` = "150"

 execution time: 1.29ms; select * from `admins` where `id` = "2" limit 1

 execution time: 0.46ms; select count(*) as aggregate from `consume_detail` where `date` = "2019-10-19"

 execution time: 0.56ms; select * from `consume_detail` where `date` = "2019-10-19" limit 10 offset 0

 execution time: 0.47ms; select `month`, `id`, `category_id` from `consume`

 execution time: 0.28ms; select `id`, `name` from `consume_category`

 execution time: 1.32ms; select * from `admins` where `id` = "2" limit 1

 execution time: 1.23ms; select * from `admins` where `id` = "2" limit 1

 execution time: 0.45ms; select exists(select * from `consume` where `month` = "2019-10") as `exists`

 execution time: 0.42ms; select exists(select * from `consume_detail` where `date` like "%2019-10%") as `exists`

 execution time: 0.4ms; select `category_id`, `month`, `id`, `real_amount` from `consume` where `month` = "2019-10"

 execution time: 0.65ms; select `id`, SUM(real_amount) as real_amount, `month` from `consume` where `month` like "%2019%" group by `month`

 execution time: 0.23ms; select `name`, `id` from `consume_category`

 execution time: 0.76ms; select `id`, SUM(amount) as amount, `date` from `consume_detail` where `date` like "%2019-10%" group by `date`

 execution time: 1.59ms; select * from `admins` where `id` = "2" limit 1

 execution time: 0.5ms; select count(*) as aggregate from `consume_detail` where `date` = "2019-10-18"

 execution time: 0.54ms; select * from `consume_detail` where `date` = "2019-10-18" limit 10 offset 0

 execution time: 0.37ms; select `month`, `id`, `category_id` from `consume`

 execution time: 0.23ms; select `id`, `name` from `consume_category`

 execution time: 1.31ms; select * from `admins` where `id` = "2" limit 1

 execution time: 0.53ms; select count(*) as aggregate from `consume` where `month` = "2019-10"

 execution time: 0.49ms; select * from `consume` where `month` = "2019-10" limit 20 offset 0

 execution time: 0.27ms; select `name`, `id` from `consume_category`

 execution time: 1.25ms; select * from `admins` where `id` = "2" limit 1

 execution time: 0.45ms; select * from `consume_detail` where `consume_detail`.`id` = "143" limit 1

 execution time: 0.38ms; select * from `consume` where `consume`.`id` = "209" limit 1

 execution time: 0.52ms; update `consume` set `amount` = "688368" where `id` = "209"

 execution time: 0.38ms; update `consume_detail` set `amount` = "1150", `update_at` = "1571465493", `update_uid` = "2" where `id` = "143"

 execution time: 1.42ms; select * from `admins` where `id` = "2" limit 1

 execution time: 0.44ms; select count(*) as aggregate from `consume_detail` where `date` = "2019-10-18"

 execution time: 0.58ms; select * from `consume_detail` where `date` = "2019-10-18" limit 10 offset 0

 execution time: 0.5ms; select `month`, `id`, `category_id` from `consume`

 execution time: 0.3ms; select `id`, `name` from `consume_category`

 execution time: 1.59ms; select * from `admins` where `id` = "2" limit 1

 execution time: 0.38ms; select count(*) as aggregate from `consume_detail`

 execution time: 0.42ms; select * from `consume_detail` limit 10 offset 0

 execution time: 0.34ms; select `month`, `id`, `category_id` from `consume`

 execution time: 0.28ms; select `id`, `name` from `consume_category`

 execution time: 1.22ms; select * from `admins` where `id` = "2" limit 1

 execution time: 0.25ms; select count(*) as aggregate from `consume_detail`

 execution time: 0.42ms; select * from `consume_detail` limit 10 offset 10

 execution time: 0.34ms; select `month`, `id`, `category_id` from `consume`

 execution time: 0.26ms; select `id`, `name` from `consume_category`

 execution time: 1.36ms; select * from `admins` where `id` = "2" limit 1

 execution time: 0.25ms; select count(*) as aggregate from `consume_detail`

 execution time: 0.72ms; select * from `consume_detail` limit 90 offset 90

 execution time: 0.44ms; select `month`, `id`, `category_id` from `consume`

 execution time: 0.25ms; select `id`, `name` from `consume_category`

 execution time: 1.29ms; select * from `admins` where `id` = "2" limit 1

 execution time: 0.22ms; select count(*) as aggregate from `consume_detail`

 execution time: 0.73ms; select * from `consume_detail` limit 90 offset 0

 execution time: 0.36ms; select `month`, `id`, `category_id` from `consume`

 execution time: 0.24ms; select `id`, `name` from `consume_category`

 execution time: 1.3ms; select count(*) as aggregate from `article`

 execution time: 0.35ms; select * from `article` order by `update_at` desc limit 3 offset 0

 execution time: 0.23ms; select count(*) as aggregate from `article`

 execution time: 0.32ms; select * from `article` order by `update_at` desc limit 6 offset 0

 execution time: 0.2ms; select count(*) as aggregate from `article`

 execution time: 0.26ms; select * from `article` order by `create_at` desc limit 6 offset 0

 execution time: 0.27ms; select count(*) as aggregate from `article`

 execution time: 0.26ms; select * from `article` order by `browse` desc limit 6 offset 0

 execution time: 1.27ms; select count(*) as aggregate from `article`

 execution time: 0.37ms; select * from `article` order by `update_at` desc limit 3 offset 0

 execution time: 0.33ms; select count(*) as aggregate from `article`

 execution time: 0.3ms; select * from `article` order by `update_at` desc limit 6 offset 0

 execution time: 0.24ms; select count(*) as aggregate from `article`

 execution time: 0.26ms; select * from `article` order by `create_at` desc limit 6 offset 0

 execution time: 0.22ms; select count(*) as aggregate from `article`

 execution time: 0.27ms; select * from `article` order by `browse` desc limit 6 offset 0

 execution time: 1.19ms; select count(*) as aggregate from `article`

 execution time: 0.37ms; select * from `article` order by `update_at` desc limit 3 offset 0

 execution time: 0.29ms; select count(*) as aggregate from `article`

 execution time: 0.31ms; select * from `article` order by `update_at` desc limit 6 offset 0

 execution time: 0.21ms; select count(*) as aggregate from `article`

 execution time: 0.26ms; select * from `article` order by `create_at` desc limit 6 offset 0

 execution time: 0.22ms; select count(*) as aggregate from `article`

 execution time: 0.32ms; select * from `article` order by `browse` desc limit 6 offset 0

 execution time: 1.27ms; select count(*) as aggregate from `article`

 execution time: 0.41ms; select * from `article` order by `update_at` desc limit 3 offset 0

 execution time: 0.26ms; select count(*) as aggregate from `article`

 execution time: 0.28ms; select * from `article` order by `update_at` desc limit 6 offset 0

 execution time: 0.26ms; select count(*) as aggregate from `article`

 execution time: 0.24ms; select * from `article` order by `create_at` desc limit 6 offset 0

 execution time: 0.31ms; select count(*) as aggregate from `article`

 execution time: 0.27ms; select * from `article` order by `browse` desc limit 6 offset 0

 execution time: 1.35ms; select count(*) as aggregate from `article`

 execution time: 0.42ms; select * from `article` order by `update_at` desc limit 3 offset 0

 execution time: 0.32ms; select count(*) as aggregate from `article`

 execution time: 0.32ms; select * from `article` order by `update_at` desc limit 6 offset 0

 execution time: 0.27ms; select count(*) as aggregate from `article`

 execution time: 0.27ms; select * from `article` order by `create_at` desc limit 6 offset 0

 execution time: 0.2ms; select count(*) as aggregate from `article`

 execution time: 0.3ms; select * from `article` order by `browse` desc limit 6 offset 0

 execution time: 1.41ms; select count(*) as aggregate from `article`

 execution time: 0.39ms; select * from `article` order by `update_at` desc limit 3 offset 0

 execution time: 0.29ms; select count(*) as aggregate from `article`

 execution time: 0.44ms; select * from `article` order by `update_at` desc limit 6 offset 0

 execution time: 0.21ms; select count(*) as aggregate from `article`

 execution time: 0.37ms; select * from `article` order by `create_at` desc limit 6 offset 0

 execution time: 0.21ms; select count(*) as aggregate from `article`

 execution time: 0.35ms; select * from `article` order by `browse` desc limit 6 offset 0

 execution time: 1.5ms; select count(*) as aggregate from `article`

 execution time: 0.51ms; select * from `article` order by `update_at` desc limit 3 offset 0

 execution time: 0.28ms; select count(*) as aggregate from `article`

 execution time: 0.31ms; select * from `article` order by `update_at` desc limit 6 offset 0

 execution time: 0.28ms; select count(*) as aggregate from `article`

 execution time: 0.26ms; select * from `article` order by `create_at` desc limit 6 offset 0

 execution time: 0.2ms; select count(*) as aggregate from `article`

 execution time: 0.34ms; select * from `article` order by `browse` desc limit 6 offset 0

 execution time: 1.31ms; select count(*) as aggregate from `article`

 execution time: 0.38ms; select * from `article` order by `update_at` desc limit 3 offset 0

 execution time: 0.31ms; select count(*) as aggregate from `article`

 execution time: 0.29ms; select * from `article` order by `update_at` desc limit 6 offset 0

 execution time: 0.22ms; select count(*) as aggregate from `article`

 execution time: 0.24ms; select * from `article` order by `create_at` desc limit 6 offset 0

 execution time: 0.26ms; select count(*) as aggregate from `article`

 execution time: 0.26ms; select * from `article` order by `browse` desc limit 6 offset 0

 execution time: 1.32ms; select count(*) as aggregate from `article`

 execution time: 0.38ms; select * from `article` order by `update_at` desc limit 3 offset 0

 execution time: 0.28ms; select count(*) as aggregate from `article`

 execution time: 0.32ms; select * from `article` order by `update_at` desc limit 6 offset 0

 execution time: 0.26ms; select count(*) as aggregate from `article`

 execution time: 0.25ms; select * from `article` order by `create_at` desc limit 6 offset 0

 execution time: 0.2ms; select count(*) as aggregate from `article`

 execution time: 0.34ms; select * from `article` order by `browse` desc limit 6 offset 0

 execution time: 1.32ms; select count(*) as aggregate from `article`

 execution time: 0.36ms; select * from `article` order by `update_at` desc limit 3 offset 0

 execution time: 0.21ms; select count(*) as aggregate from `article`

 execution time: 0.28ms; select * from `article` order by `update_at` desc limit 6 offset 0

 execution time: 0.21ms; select count(*) as aggregate from `article`

 execution time: 0.24ms; select * from `article` order by `create_at` desc limit 6 offset 0

 execution time: 0.28ms; select count(*) as aggregate from `article`

 execution time: 0.26ms; select * from `article` order by `browse` desc limit 6 offset 0

 execution time: 133.36ms; select count(*) as aggregate from `article`

 execution time: 2ms; select * from `article` order by `update_at` desc limit 3 offset 0

 execution time: 0.22ms; select count(*) as aggregate from `article`

 execution time: 0.37ms; select * from `article` order by `update_at` desc limit 6 offset 0

 execution time: 0.27ms; select count(*) as aggregate from `article`

 execution time: 0.28ms; select * from `article` order by `create_at` desc limit 6 offset 0

 execution time: 0.27ms; select count(*) as aggregate from `article`

 execution time: 0.31ms; select * from `article` order by `browse` desc limit 6 offset 0

 execution time: 1.26ms; select count(*) as aggregate from `article`

 execution time: 0.43ms; select * from `article` order by `update_at` desc limit 3 offset 0

 execution time: 0.3ms; select count(*) as aggregate from `article`

 execution time: 0.33ms; select * from `article` order by `update_at` desc limit 6 offset 0

 execution time: 0.31ms; select count(*) as aggregate from `article`

 execution time: 0.26ms; select * from `article` order by `create_at` desc limit 6 offset 0

 execution time: 0.2ms; select count(*) as aggregate from `article`

 execution time: 0.34ms; select * from `article` order by `browse` desc limit 6 offset 0

 execution time: 1.45ms; select count(*) as aggregate from `article`

 execution time: 0.39ms; select * from `article` order by `update_at` desc limit 3 offset 0

 execution time: 0.22ms; select count(*) as aggregate from `article`

 execution time: 0.35ms; select * from `article` order by `update_at` desc limit 6 offset 0

 execution time: 0.23ms; select count(*) as aggregate from `article`

 execution time: 0.29ms; select * from `article` order by `create_at` desc limit 6 offset 0

 execution time: 0.21ms; select count(*) as aggregate from `article`

 execution time: 0.28ms; select * from `article` order by `browse` desc limit 6 offset 0

 execution time: 1.24ms; select count(*) as aggregate from `article`

 execution time: 0.54ms; select * from `article` order by `update_at` desc limit 3 offset 0

 execution time: 0.32ms; select count(*) as aggregate from `article`

 execution time: 0.32ms; select * from `article` order by `update_at` desc limit 6 offset 0

 execution time: 0.28ms; select count(*) as aggregate from `article`

 execution time: 0.28ms; select * from `article` order by `create_at` desc limit 6 offset 0

 execution time: 0.23ms; select count(*) as aggregate from `article`

 execution time: 0.36ms; select * from `article` order by `browse` desc limit 6 offset 0

 execution time: 1.32ms; select count(*) as aggregate from `article`

 execution time: 0.42ms; select * from `article` order by `update_at` desc limit 3 offset 0

 execution time: 0.24ms; select count(*) as aggregate from `article`

 execution time: 0.43ms; select * from `article` order by `update_at` desc limit 6 offset 0

 execution time: 0.22ms; select count(*) as aggregate from `article`

 execution time: 0.28ms; select * from `article` order by `create_at` desc limit 6 offset 0

 execution time: 0.25ms; select count(*) as aggregate from `article`

 execution time: 0.29ms; select * from `article` order by `browse` desc limit 6 offset 0

 execution time: 1.34ms; select count(*) as aggregate from `article`

 execution time: 0.52ms; select * from `article` order by `update_at` desc limit 3 offset 0

 execution time: 0.28ms; select count(*) as aggregate from `article`

 execution time: 0.38ms; select * from `article` order by `update_at` desc limit 6 offset 0

 execution time: 0.23ms; select count(*) as aggregate from `article`

 execution time: 0.3ms; select * from `article` order by `create_at` desc limit 6 offset 0

 execution time: 0.27ms; select count(*) as aggregate from `article`

 execution time: 0.31ms; select * from `article` order by `browse` desc limit 6 offset 0

 execution time: 1.3ms; select count(*) as aggregate from `article`

 execution time: 0.37ms; select * from `article` order by `update_at` desc limit 3 offset 0

 execution time: 0.22ms; select count(*) as aggregate from `article`

 execution time: 0.34ms; select * from `article` order by `update_at` desc limit 6 offset 0

 execution time: 0.29ms; select count(*) as aggregate from `article`

 execution time: 0.3ms; select * from `article` order by `create_at` desc limit 6 offset 0

 execution time: 0.27ms; select count(*) as aggregate from `article`

 execution time: 0.31ms; select * from `article` order by `browse` desc limit 6 offset 0

 execution time: 1.33ms; select count(*) as aggregate from `article`

 execution time: 0.4ms; select * from `article` order by `update_at` desc limit 3 offset 0

 execution time: 0.24ms; select count(*) as aggregate from `article`

 execution time: 0.36ms; select * from `article` order by `update_at` desc limit 6 offset 0

 execution time: 0.23ms; select count(*) as aggregate from `article`

 execution time: 0.26ms; select * from `article` order by `create_at` desc limit 6 offset 0

 execution time: 0.29ms; select count(*) as aggregate from `article`

 execution time: 0.28ms; select * from `article` order by `browse` desc limit 6 offset 0

 execution time: 3.03ms; select `id`, SUM(amount) as amount, `consume_id`, `date` from `consume_detail` group by `consume_id`

 execution time: 0.46ms; select * from `consume` where `consume`.`id` = "1" limit 1

 execution time: 0.5ms; update `consume` set `update_at` = "1571498582" where `id` = "1"

 execution time: 0.53ms; select * from `consume` where `consume`.`id` = "2" limit 1

 execution time: 0.33ms; update `consume` set `update_at` = "1571498582" where `id` = "2"

 execution time: 0.41ms; select * from `consume` where `consume`.`id` = "8" limit 1

 execution time: 0.43ms; update `consume` set `update_at` = "1571498582" where `id` = "8"

 execution time: 0.38ms; select * from `consume` where `consume`.`id` = "19" limit 1

 execution time: 0.41ms; update `consume` set `update_at` = "1571498582" where `id` = "19"

 execution time: 0.39ms; select * from `consume` where `consume`.`id` = "27" limit 1

 execution time: 0.41ms; update `consume` set `update_at` = "1571498582" where `id` = "27"

 execution time: 0.38ms; select * from `consume` where `consume`.`id` = "31" limit 1

 execution time: 33.3ms; update `consume` set `update_at` = "1571498582" where `id` = "31"

 execution time: 0.56ms; select * from `consume` where `consume`.`id` = "33" limit 1

 execution time: 0.46ms; update `consume` set `update_at` = "1571498582" where `id` = "33"

 execution time: 0.4ms; select * from `consume` where `consume`.`id` = "126" limit 1

 execution time: 0.42ms; update `consume` set `update_at` = "1571498582" where `id` = "126"

 execution time: 0.37ms; select * from `consume` where `consume`.`id` = "128" limit 1

 execution time: 0.35ms; update `consume` set `update_at` = "1571498582" where `id` = "128"

 execution time: 0.48ms; select * from `consume` where `consume`.`id` = "164" limit 1

 execution time: 0.31ms; update `consume` set `update_at` = "1571498582" where `id` = "164"

 execution time: 0.51ms; select * from `consume` where `consume`.`id` = "190" limit 1

 execution time: 0.32ms; update `consume` set `update_at` = "1571498582" where `id` = "190"

 execution time: 0.48ms; select * from `consume` where `consume`.`id` = "202" limit 1

 execution time: 0.32ms; update `consume` set `update_at` = "1571498582" where `id` = "202"

 execution time: 0.38ms; select * from `consume` where `consume`.`id` = "209" limit 1

 execution time: 0.32ms; update `consume` set `real_amount` = "174266", `update_at` = "1571498582" where `id` = "209"

 execution time: 0.38ms; select * from `consume` where `consume`.`id` = "210" limit 1

 execution time: 0.69ms; update `consume` set `real_amount` = "58540", `update_at` = "1571498582" where `id` = "210"

 execution time: 0.39ms; select * from `consume` where `consume`.`id` = "211" limit 1

 execution time: 56.49ms; update `consume` set `update_at` = "1571498582" where `id` = "211"

 execution time: 0.56ms; select * from `consume` where `consume`.`id` = "213" limit 1

 execution time: 0.47ms; update `consume` set `real_amount` = "70364", `update_at` = "1571498582" where `id` = "213"

 execution time: 0.38ms; select * from `consume` where `consume`.`id` = "214" limit 1

 execution time: 0.43ms; update `consume` set `real_amount` = "22808", `update_at` = "1571498582" where `id` = "214"

 execution time: 0.4ms; select * from `consume` where `consume`.`id` = "215" limit 1

 execution time: 0.32ms; update `consume` set `update_at` = "1571498582" where `id` = "215"

 execution time: 0.5ms; select * from `consume` where `consume`.`id` = "219" limit 1

 execution time: 0.39ms; update `consume` set `update_at` = "1571498582" where `id` = "219"

 execution time: 0.51ms; select * from `consume` where `consume`.`id` = "221" limit 1

 execution time: 0.31ms; update `consume` set `update_at` = "1571498582" where `id` = "221"

 execution time: 0.66ms; select * from `consume` where `consume`.`id` = "223" limit 1

 execution time: 0.44ms; update `consume` set `update_at` = "1571498582" where `id` = "223"

 execution time: 0.37ms; select * from `consume` where `consume`.`id` = "236" limit 1

 execution time: 0.41ms; update `consume` set `update_at` = "1571498582" where `id` = "236"

 execution time: 0.42ms; select * from `consume` where `consume`.`id` = "255" limit 1

 execution time: 0.3ms; update `consume` set `update_at` = "1571498582" where `id` = "255"

 execution time: 0.38ms; select * from `consume` where `consume`.`id` = "381" limit 1

 execution time: 0.32ms; update `consume` set `update_at` = "1571498582" where `id` = "381"

 execution time: 0.49ms; select * from `consume` where `consume`.`id` = "535" limit 1

 execution time: 8.45ms; update `consume` set `update_at` = "1571498582" where `id` = "535"

 execution time: 0.43ms; select * from `consume` where `consume`.`id` = "545" limit 1

 execution time: 0.45ms; update `consume` set `update_at` = "1571498582" where `id` = "545"

 execution time: 0.41ms; select * from `consume` where `consume`.`id` = "546" limit 1

 execution time: 0.42ms; update `consume` set `update_at` = "1571498582" where `id` = "546"

 execution time: 0.37ms; select * from `consume` where `consume`.`id` = "547" limit 1

 execution time: 0.33ms; update `consume` set `update_at` = "1571498582" where `id` = "547"

 execution time: 0.37ms; select * from `consume` where `consume`.`id` = "548" limit 1

 execution time: 0.31ms; update `consume` set `update_at` = "1571498582" where `id` = "548"

 execution time: 0.49ms; select * from `consume` where `consume`.`id` = "549" limit 1

 execution time: 0.31ms; update `consume` set `update_at` = "1571498582" where `id` = "549"

 execution time: 0.5ms; select * from `consume` where `consume`.`id` = "550" limit 1

 execution time: 0.35ms; update `consume` set `update_at` = "1571498582" where `id` = "550"

 execution time: 0.38ms; select * from `consume` where `consume`.`id` = "551" limit 1

 execution time: 0.33ms; update `consume` set `update_at` = "1571498582" where `id` = "551"

 execution time: 0.38ms; select * from `consume` where `consume`.`id` = "552" limit 1

 execution time: 0.41ms; update `consume` set `update_at` = "1571498582" where `id` = "552"

 execution time: 0.38ms; select * from `consume` where `consume`.`id` = "553" limit 1

 execution time: 0.42ms; update `consume` set `update_at` = "1571498582" where `id` = "553"

 execution time: 0.39ms; select * from `consume` where `consume`.`id` = "554" limit 1

 execution time: 1.27ms; update `consume` set `update_at` = "1571498582" where `id` = "554"

 execution time: 0.38ms; select * from `consume` where `consume`.`id` = "555" limit 1

 execution time: 0.43ms; update `consume` set `update_at` = "1571498582" where `id` = "555"

 execution time: 0.38ms; select * from `consume` where `consume`.`id` = "556" limit 1

 execution time: 0.45ms; update `consume` set `update_at` = "1571498582" where `id` = "556"

 execution time: 0.43ms; select * from `consume` where `consume`.`id` = "557" limit 1

 execution time: 0.35ms; update `consume` set `update_at` = "1571498582" where `id` = "557"

 execution time: 0.48ms; select * from `consume` where `consume`.`id` = "560" limit 1

 execution time: 0.33ms; update `consume` set `update_at` = "1571498582" where `id` = "560"

 execution time: 0.5ms; select * from `consume` where `consume`.`id` = "561" limit 1

 execution time: 0.31ms; update `consume` set `update_at` = "1571498582" where `id` = "561"

 execution time: 0.49ms; select * from `consume` where `consume`.`id` = "563" limit 1

 execution time: 0.32ms; update `consume` set `update_at` = "1571498582" where `id` = "563"

 execution time: 0.4ms; select * from `consume` where `consume`.`id` = "566" limit 1

 execution time: 0.32ms; update `consume` set `update_at` = "1571498582" where `id` = "566"

 execution time: 1.28ms; select count(*) as aggregate from `article`

 execution time: 0.35ms; select * from `article` order by `update_at` desc limit 3 offset 0

 execution time: 0.23ms; select count(*) as aggregate from `article`

 execution time: 0.32ms; select * from `article` order by `update_at` desc limit 6 offset 0

 execution time: 0.27ms; select count(*) as aggregate from `article`

 execution time: 0.27ms; select * from `article` order by `create_at` desc limit 6 offset 0

 execution time: 0.26ms; select count(*) as aggregate from `article`

 execution time: 0.29ms; select * from `article` order by `browse` desc limit 6 offset 0

 execution time: 1.29ms; select count(*) as aggregate from `article`

 execution time: 0.44ms; select * from `article` order by `update_at` desc limit 3 offset 0

 execution time: 0.3ms; select count(*) as aggregate from `article`

 execution time: 0.34ms; select * from `article` order by `update_at` desc limit 6 offset 0

 execution time: 0.28ms; select count(*) as aggregate from `article`

 execution time: 0.26ms; select * from `article` order by `create_at` desc limit 6 offset 0

 execution time: 1.27ms; select count(*) as aggregate from `article`

 execution time: 0.29ms; select * from `article` order by `browse` desc limit 6 offset 0

 execution time: 1.21ms; select count(*) as aggregate from `article`

 execution time: 0.44ms; select * from `article` order by `update_at` desc limit 3 offset 0

 execution time: 0.24ms; select count(*) as aggregate from `article`

 execution time: 0.32ms; select * from `article` order by `update_at` desc limit 6 offset 0

 execution time: 0.23ms; select count(*) as aggregate from `article`

 execution time: 0.26ms; select * from `article` order by `create_at` desc limit 6 offset 0

 execution time: 0.28ms; select count(*) as aggregate from `article`

 execution time: 0.28ms; select * from `article` order by `browse` desc limit 6 offset 0

 execution time: 1.24ms; select count(*) as aggregate from `article`

 execution time: 0.39ms; select * from `article` order by `update_at` desc limit 3 offset 0

 execution time: 0.23ms; select count(*) as aggregate from `article`

 execution time: 0.43ms; select * from `article` order by `update_at` desc limit 6 offset 0

 execution time: 0.22ms; select count(*) as aggregate from `article`

 execution time: 0.35ms; select * from `article` order by `create_at` desc limit 6 offset 0

 execution time: 0.22ms; select count(*) as aggregate from `article`

 execution time: 0.3ms; select * from `article` order by `browse` desc limit 6 offset 0

 execution time: 7.77ms; select exists(select * from `article` where `title` like "%PHP%") as `exists`

 execution time: 112.49ms; select count(*) as aggregate from `article` where `title` like "%PHP%"

 execution time: 72.93ms; select exists(select * from `article` where `title` like "%MYSQL%") as `exists`

 execution time: 87.84ms; select exists(select * from `article` where `title` like "%Linux%") as `exists`

 execution time: 132.6ms; select exists(select * from `article` where `title` like "%框架%") as `exists`

 execution time: 14.37ms; select * from `article` where `title` like "%PHP%" limit 15 offset 0

 execution time: 2.01ms; select exists(select * from `article` where `title` like "%美食%") as `exists`

 execution time: 12.63ms; select count(*) as aggregate from `article`

 execution time: 0.51ms; select * from `article` order by `update_at` desc limit 3 offset 0

 execution time: 0.3ms; select count(*) as aggregate from `article`

 execution time: 0.99ms; select * from `article` order by `update_at` desc limit 6 offset 0

 execution time: 0.21ms; select count(*) as aggregate from `article`

 execution time: 0.28ms; select * from `article` order by `create_at` desc limit 6 offset 0

 execution time: 0.21ms; select count(*) as aggregate from `article`

 execution time: 0.29ms; select * from `article` order by `browse` desc limit 6 offset 0

 execution time: 1.57ms; select exists(select * from `article` where `title` like "%习惯%") as `exists`

 execution time: 0.35ms; select count(*) as aggregate from `article` where `title` like "%习惯%"

 execution time: 0.64ms; select * from `article` where `title` like "%习惯%" limit 15 offset 0

 execution time: 1.51ms; select exists(select * from `article` where `title` like "%自律%") as `exists`

 execution time: 0.47ms; select count(*) as aggregate from `article` where `title` like "%自律%"

 execution time: 0.64ms; select * from `article` where `title` like "%自律%" limit 15 offset 0

 execution time: 4.77ms; select exists(select * from `article` where `title` like "%随心记录%") as `exists`

 execution time: 4.65ms; select exists(select * from `article` where `title` like "%读后感%") as `exists`

 execution time: 21.16ms; select exists(select * from `article` where `title` like "%心得笔记%") as `exists`

 execution time: 1.25ms; select count(*) as aggregate from `article`

 execution time: 0.4ms; select * from `article` order by `update_at` desc limit 3 offset 0

 execution time: 0.23ms; select count(*) as aggregate from `article`

 execution time: 0.31ms; select * from `article` order by `update_at` desc limit 6 offset 0

 execution time: 0.21ms; select count(*) as aggregate from `article`

 execution time: 0.26ms; select * from `article` order by `create_at` desc limit 6 offset 0

 execution time: 0.26ms; select count(*) as aggregate from `article`

 execution time: 0.27ms; select * from `article` order by `browse` desc limit 6 offset 0

 execution time: 1.19ms; select count(*) as aggregate from `article`

 execution time: 0.35ms; select * from `article` order by `update_at` desc limit 3 offset 0

 execution time: 0.22ms; select count(*) as aggregate from `article`

 execution time: 0.29ms; select * from `article` order by `update_at` desc limit 6 offset 0

 execution time: 0.21ms; select count(*) as aggregate from `article`

 execution time: 0.24ms; select * from `article` order by `create_at` desc limit 6 offset 0

 execution time: 0.25ms; select count(*) as aggregate from `article`

 execution time: 0.27ms; select * from `article` order by `browse` desc limit 6 offset 0

 execution time: 1.26ms; select count(*) as aggregate from `article`

 execution time: 0.35ms; select * from `article` order by `update_at` desc limit 3 offset 0

 execution time: 0.26ms; select count(*) as aggregate from `article`

 execution time: 0.28ms; select * from `article` order by `update_at` desc limit 6 offset 0

 execution time: 0.19ms; select count(*) as aggregate from `article`

 execution time: 0.3ms; select * from `article` order by `create_at` desc limit 6 offset 0

 execution time: 0.19ms; select count(*) as aggregate from `article`

 execution time: 0.26ms; select * from `article` order by `browse` desc limit 6 offset 0

 execution time: 1.2ms; select count(*) as aggregate from `article`

 execution time: 0.5ms; select * from `article` order by `update_at` desc limit 3 offset 0

 execution time: 0.26ms; select count(*) as aggregate from `article`

 execution time: 0.36ms; select * from `article` order by `update_at` desc limit 6 offset 0

 execution time: 0.21ms; select count(*) as aggregate from `article`

 execution time: 0.25ms; select * from `article` order by `create_at` desc limit 6 offset 0

 execution time: 0.2ms; select count(*) as aggregate from `article`

 execution time: 0.28ms; select * from `article` order by `browse` desc limit 6 offset 0

 execution time: 1.22ms; select count(*) as aggregate from `article`

 execution time: 0.44ms; select * from `article` order by `update_at` desc limit 3 offset 0

 execution time: 0.21ms; select count(*) as aggregate from `article`

 execution time: 0.3ms; select * from `article` order by `update_at` desc limit 6 offset 0

 execution time: 0.21ms; select count(*) as aggregate from `article`

 execution time: 0.29ms; select * from `article` order by `create_at` desc limit 6 offset 0

 execution time: 0.2ms; select count(*) as aggregate from `article`

 execution time: 0.25ms; select * from `article` order by `browse` desc limit 6 offset 0

 execution time: 1.16ms; select count(*) as aggregate from `article`

 execution time: 0.33ms; select * from `article` order by `update_at` desc limit 3 offset 0

 execution time: 0.3ms; select count(*) as aggregate from `article`

 execution time: 0.3ms; select * from `article` order by `update_at` desc limit 6 offset 0

 execution time: 0.2ms; select count(*) as aggregate from `article`

 execution time: 0.26ms; select * from `article` order by `create_at` desc limit 6 offset 0

 execution time: 0.19ms; select count(*) as aggregate from `article`

 execution time: 0.3ms; select * from `article` order by `browse` desc limit 6 offset 0

 execution time: 1.15ms; select count(*) as aggregate from `article`

 execution time: 0.45ms; select * from `article` order by `update_at` desc limit 3 offset 0

 execution time: 0.2ms; select count(*) as aggregate from `article`

 execution time: 0.32ms; select * from `article` order by `update_at` desc limit 6 offset 0

 execution time: 0.19ms; select count(*) as aggregate from `article`

 execution time: 0.31ms; select * from `article` order by `create_at` desc limit 6 offset 0

 execution time: 0.2ms; select count(*) as aggregate from `article`

 execution time: 0.26ms; select * from `article` order by `browse` desc limit 6 offset 0

 execution time: 1.25ms; select count(*) as aggregate from `article`

 execution time: 0.4ms; select * from `article` order by `update_at` desc limit 3 offset 0

 execution time: 0.23ms; select count(*) as aggregate from `article`

 execution time: 0.31ms; select * from `article` order by `update_at` desc limit 6 offset 0

 execution time: 0.21ms; select count(*) as aggregate from `article`

 execution time: 0.25ms; select * from `article` order by `create_at` desc limit 6 offset 0

 execution time: 0.25ms; select count(*) as aggregate from `article`

 execution time: 0.27ms; select * from `article` order by `browse` desc limit 6 offset 0

 execution time: 1.21ms; select count(*) as aggregate from `article`

 execution time: 0.48ms; select * from `article` order by `update_at` desc limit 3 offset 0

 execution time: 0.21ms; select count(*) as aggregate from `article`

 execution time: 0.3ms; select * from `article` order by `update_at` desc limit 6 offset 0

 execution time: 0.6ms; select count(*) as aggregate from `article`

 execution time: 0.33ms; select * from `article` order by `create_at` desc limit 6 offset 0

 execution time: 0.19ms; select count(*) as aggregate from `article`

 execution time: 0.3ms; select * from `article` order by `browse` desc limit 6 offset 0

 execution time: 1.28ms; select count(*) as aggregate from `article`

 execution time: 0.48ms; select * from `article` order by `update_at` desc limit 3 offset 0

 execution time: 0.28ms; select count(*) as aggregate from `article`

 execution time: 0.32ms; select * from `article` order by `update_at` desc limit 6 offset 0

 execution time: 0.2ms; select count(*) as aggregate from `article`

 execution time: 0.33ms; select * from `article` order by `create_at` desc limit 6 offset 0

 execution time: 0.2ms; select count(*) as aggregate from `article`

 execution time: 0.34ms; select * from `article` order by `browse` desc limit 6 offset 0

 execution time: 1.33ms; select count(*) as aggregate from `article`

 execution time: 0.34ms; select * from `article` order by `update_at` desc limit 3 offset 0

 execution time: 0.3ms; select count(*) as aggregate from `article`

 execution time: 0.36ms; select * from `article` order by `update_at` desc limit 6 offset 0

 execution time: 0.22ms; select count(*) as aggregate from `article`

 execution time: 0.3ms; select * from `article` order by `create_at` desc limit 6 offset 0

 execution time: 0.22ms; select count(*) as aggregate from `article`

 execution time: 0.29ms; select * from `article` order by `browse` desc limit 6 offset 0

 execution time: 1.22ms; select count(*) as aggregate from `article`

 execution time: 0.34ms; select * from `article` order by `update_at` desc limit 3 offset 0

 execution time: 0.22ms; select count(*) as aggregate from `article`

 execution time: 0.37ms; select * from `article` order by `update_at` desc limit 6 offset 0

 execution time: 0.2ms; select count(*) as aggregate from `article`

 execution time: 0.26ms; select * from `article` order by `create_at` desc limit 6 offset 0

 execution time: 0.2ms; select count(*) as aggregate from `article`

 execution time: 0.28ms; select * from `article` order by `browse` desc limit 6 offset 0

 execution time: 1.64ms; select count(*) as aggregate from `article`

 execution time: 0.35ms; select * from `article` order by `update_at` desc limit 3 offset 0

 execution time: 0.58ms; select count(*) as aggregate from `article`

 execution time: 0.35ms; select * from `article` order by `update_at` desc limit 6 offset 0

 execution time: 0.23ms; select count(*) as aggregate from `article`

 execution time: 0.24ms; select * from `article` order by `create_at` desc limit 6 offset 0

 execution time: 0.21ms; select count(*) as aggregate from `article`

 execution time: 0.26ms; select * from `article` order by `browse` desc limit 6 offset 0

 execution time: 1.28ms; select count(*) as aggregate from `article`

 execution time: 0.51ms; select * from `article` order by `update_at` desc limit 3 offset 0

 execution time: 0.29ms; select count(*) as aggregate from `article`

 execution time: 0.33ms; select * from `article` order by `update_at` desc limit 6 offset 0

 execution time: 0.28ms; select count(*) as aggregate from `article`

 execution time: 0.27ms; select * from `article` order by `create_at` desc limit 6 offset 0

 execution time: 0.2ms; select count(*) as aggregate from `article`

 execution time: 0.35ms; select * from `article` order by `browse` desc limit 6 offset 0

 execution time: 1.29ms; select count(*) as aggregate from `article`

 execution time: 0.51ms; select * from `article` order by `update_at` desc limit 3 offset 0

 execution time: 0.29ms; select count(*) as aggregate from `article`

 execution time: 0.42ms; select * from `article` order by `update_at` desc limit 6 offset 0

 execution time: 0.29ms; select count(*) as aggregate from `article`

 execution time: 0.27ms; select * from `article` order by `create_at` desc limit 6 offset 0

 execution time: 0.2ms; select count(*) as aggregate from `article`

 execution time: 0.29ms; select * from `article` order by `browse` desc limit 6 offset 0

 execution time: 1.13ms; select count(*) as aggregate from `article`

 execution time: 0.49ms; select * from `article` order by `update_at` desc limit 3 offset 0

 execution time: 0.23ms; select count(*) as aggregate from `article`

 execution time: 0.34ms; select * from `article` order by `update_at` desc limit 6 offset 0

 execution time: 0.24ms; select count(*) as aggregate from `article`

 execution time: 0.34ms; select * from `article` order by `create_at` desc limit 6 offset 0

 execution time: 0.22ms; select count(*) as aggregate from `article`

 execution time: 0.29ms; select * from `article` order by `browse` desc limit 6 offset 0

 execution time: 1.33ms; select count(*) as aggregate from `article`

 execution time: 0.5ms; select * from `article` order by `update_at` desc limit 3 offset 0

 execution time: 0.22ms; select count(*) as aggregate from `article`

 execution time: 0.44ms; select * from `article` order by `update_at` desc limit 6 offset 0

 execution time: 0.21ms; select count(*) as aggregate from `article`

 execution time: 0.37ms; select * from `article` order by `create_at` desc limit 6 offset 0

 execution time: 0.21ms; select count(*) as aggregate from `article`

 execution time: 0.29ms; select * from `article` order by `browse` desc limit 6 offset 0

 execution time: 1.31ms; select count(*) as aggregate from `article`

 execution time: 0.4ms; select * from `article` order by `update_at` desc limit 3 offset 0

 execution time: 0.24ms; select count(*) as aggregate from `article`

 execution time: 0.3ms; select * from `article` order by `update_at` desc limit 6 offset 0

 execution time: 0.28ms; select count(*) as aggregate from `article`

 execution time: 0.26ms; select * from `article` order by `create_at` desc limit 6 offset 0

 execution time: 0.19ms; select count(*) as aggregate from `article`

 execution time: 0.34ms; select * from `article` order by `browse` desc limit 6 offset 0

