 execution time: 1.5ms; select count(*) as aggregate from `article`

 execution time: 0.55ms; select * from `article` order by `update_at` desc limit 3 offset 0

 execution time: 0.3ms; select count(*) as aggregate from `article`

 execution time: 0.32ms; select * from `article` order by `update_at` desc limit 6 offset 0

 execution time: 0.22ms; select count(*) as aggregate from `article`

 execution time: 0.31ms; select * from `article` order by `create_at` desc limit 6 offset 0

 execution time: 0.3ms; select count(*) as aggregate from `article`

 execution time: 0.3ms; select * from `article` order by `browse` desc limit 6 offset 0

 execution time: 2.11ms; select count(*) as aggregate from `article`

 execution time: 0.48ms; select * from `article` order by `update_at` desc limit 3 offset 0

 execution time: 0.25ms; select count(*) as aggregate from `article`

 execution time: 0.36ms; select * from `article` order by `update_at` desc limit 6 offset 0

 execution time: 0.24ms; select count(*) as aggregate from `article`

 execution time: 0.28ms; select * from `article` order by `create_at` desc limit 6 offset 0

 execution time: 0.28ms; select count(*) as aggregate from `article`

 execution time: 0.32ms; select * from `article` order by `browse` desc limit 6 offset 0

 execution time: 1.89ms; select * from `admins` where `name` = "admin" limit 1

 execution time: 4.83ms; select * from `admins` where `id` = "2" limit 1

 execution time: 0.33ms; select * from `role_privilege` where `role_id` = "3"

 execution time: 5.46ms; select * from `privileges` where `id` in ("1", "2", "3", "4", "5", "6", "9", "10", "11", "12", "13", "14") and `type` = "2"

 execution time: 0.23ms; select * from `privilege_group`

 execution time: 1.45ms; select * from `admins` where `id` = "2" limit 1

 execution time: 2.54ms; select * from `admins` where `id` = "2" limit 1

 execution time: 3.19ms; select exists(select * from `consume` where `month` = "2019-10") as `exists`

 execution time: 0.27ms; select exists(select * from `consume_detail` where `date` like "%2019-10%") as `exists`

 execution time: 0.44ms; select `category_id`, `month`, `id`, `real_amount` from `consume` where `month` = "2019-10"

 execution time: 0.63ms; select `id`, SUM(real_amount) as real_amount, `month` from `consume` where `month` like "%2019%" group by `month`

 execution time: 0.23ms; select `name`, `id` from `consume_category`

 execution time: 0.36ms; select `id`, SUM(amount) as amount, `date` from `consume_detail` where `date` like "%2019-10%" group by `date`

 execution time: 1.39ms; select * from `admins` where `id` = "2" limit 1

 execution time: 1.36ms; select * from `admins` where `id` = "2" limit 1

 execution time: 0.48ms; select count(*) as aggregate from `consume_detail`

 execution time: 0.38ms; select * from `consume_detail` limit 10 offset 0

 execution time: 0.6ms; select `month`, `id`, `category_id` from `consume`

 execution time: 0.3ms; select `id`, `name` from `consume_category`

 execution time: 1.54ms; select * from `admins` where `id` = "2" limit 1

 execution time: 0.58ms; select count(*) as aggregate from `consume_detail` where `date` = "2019-10-30"

 execution time: 0.41ms; select `month`, `id`, `category_id` from `consume`

 execution time: 0.31ms; select `id`, `name` from `consume_category`

 execution time: 1.61ms; select * from `admins` where `id` = "2" limit 1

 execution time: 0.57ms; select count(*) as aggregate from `consume_detail` where `date` = "2019-10-29"

 execution time: 0.42ms; select `month`, `id`, `category_id` from `consume`

 execution time: 0.29ms; select `id`, `name` from `consume_category`

 execution time: 1.64ms; select * from `admins` where `id` = "2" limit 1

 execution time: 0.25ms; select count(*) as aggregate from `consume_detail` where `date` = "2019-10-28"

 execution time: 0.42ms; select * from `consume_detail` where `date` = "2019-10-28" limit 10 offset 0

 execution time: 0.4ms; select `month`, `id`, `category_id` from `consume`

 execution time: 0.29ms; select `id`, `name` from `consume_category`

 execution time: 1.55ms; select * from `admins` where `id` = "2" limit 1

 execution time: 0.36ms; select count(*) as aggregate from `consume_detail` where `date` = "2019-10-29"

 execution time: 0.4ms; select `month`, `id`, `category_id` from `consume`

 execution time: 0.29ms; select `id`, `name` from `consume_category`

 execution time: 1.82ms; select * from `admins` where `id` = "2" limit 1

 execution time: 0.44ms; select count(*) as aggregate from `consume` where `month` = "2019-10"

 execution time: 0.57ms; select * from `consume` where `month` = "2019-10" limit 20 offset 0

 execution time: 0.31ms; select `name`, `id` from `consume_category`

 execution time: 1.44ms; select * from `admins` where `id` = "2" limit 1

 execution time: 0.38ms; select count(*) as aggregate from `consume` where `month` = "2019-10"

 execution time: 0.34ms; select * from `consume` where `month` = "2019-10" limit 20 offset 0

 execution time: 0.35ms; select `name`, `id` from `consume_category`

 execution time: 1.6ms; select * from `admins` where `id` = "2" limit 1

 execution time: 0.53ms; select * from `consume` where `consume`.`id` = "213" limit 1

 execution time: 0.49ms; update `consume` set `amount` = "90029" where `id` = "213"

 execution time: 0.57ms; insert into `consume_detail` (`create_at`, `create_uid`, `name`, `date`, `amount`, `voucher`, `consume_id`, `remark`, `label`) values ("1572399069", "2", "易通行", "2019-10-29", "400", "", "213", "良乡南关——常营", "花呗")

 execution time: 1.58ms; select * from `admins` where `id` = "2" limit 1

 execution time: 0.56ms; select count(*) as aggregate from `consume_detail` where `date` = "2019-10-29"

 execution time: 0.52ms; select * from `consume_detail` where `date` = "2019-10-29" limit 10 offset 0

 execution time: 0.59ms; select `month`, `id`, `category_id` from `consume`

 execution time: 0.3ms; select `id`, `name` from `consume_category`

 execution time: 1.56ms; select * from `admins` where `id` = "2" limit 1

 execution time: 0.6ms; select count(*) as aggregate from `consume` where `month` = "2019-10"

 execution time: 0.53ms; select * from `consume` where `month` = "2019-10" limit 20 offset 0

 execution time: 0.32ms; select `name`, `id` from `consume_category`

 execution time: 1.43ms; select * from `admins` where `id` = "2" limit 1

 execution time: 0.37ms; select count(*) as aggregate from `consume` where `month` = "2019-10"

 execution time: 0.34ms; select * from `consume` where `month` = "2019-10" limit 20 offset 0

 execution time: 0.34ms; select `name`, `id` from `consume_category`

 execution time: 1.66ms; select * from `admins` where `id` = "2" limit 1

 execution time: 0.52ms; select * from `consume` where `consume`.`id` = "209" limit 1

 execution time: 0.44ms; update `consume` set `amount` = "711468" where `id` = "209"

 execution time: 0.46ms; insert into `consume_detail` (`create_at`, `create_uid`, `name`, `date`, `amount`, `voucher`, `consume_id`, `remark`, `label`) values ("1572399112", "2", "俊其便利店2店", "2019-10-29", "500", "", "209", "早餐", "花呗")

 execution time: 1.56ms; select * from `admins` where `id` = "2" limit 1

 execution time: 0.57ms; select count(*) as aggregate from `consume_detail` where `date` = "2019-10-29"

 execution time: 0.54ms; select * from `consume_detail` where `date` = "2019-10-29" limit 10 offset 0

 execution time: 0.61ms; select `month`, `id`, `category_id` from `consume`

 execution time: 0.29ms; select `id`, `name` from `consume_category`

 execution time: 1.39ms; select * from `admins` where `id` = "2" limit 1

 execution time: 0.54ms; select count(*) as aggregate from `consume` where `month` = "2019-10"

 execution time: 0.47ms; select * from `consume` where `month` = "2019-10" limit 20 offset 0

 execution time: 0.3ms; select `name`, `id` from `consume_category`

 execution time: 1.65ms; select * from `admins` where `id` = "2" limit 1

 execution time: 0.38ms; select count(*) as aggregate from `consume` where `month` = "2019-10"

 execution time: 0.31ms; select * from `consume` where `month` = "2019-10" limit 20 offset 0

 execution time: 0.3ms; select `name`, `id` from `consume_category`

 execution time: 1.92ms; select * from `admins` where `id` = "2" limit 1

 execution time: 0.53ms; select * from `consume` where `consume`.`id` = "209" limit 1

 execution time: 0.41ms; update `consume` set `amount` = "712698" where `id` = "209"

 execution time: 0.46ms; insert into `consume_detail` (`create_at`, `create_uid`, `name`, `date`, `amount`, `voucher`, `consume_id`, `remark`, `label`) values ("1572399139", "2", "波哥", "2019-10-29", "1230", "", "209", "鸡腿面、午餐", "花呗")

 execution time: 1.34ms; select * from `admins` where `id` = "2" limit 1

 execution time: 0.56ms; select count(*) as aggregate from `consume_detail` where `date` = "2019-10-29"

 execution time: 0.56ms; select * from `consume_detail` where `date` = "2019-10-29" limit 10 offset 0

 execution time: 0.61ms; select `month`, `id`, `category_id` from `consume`

 execution time: 0.33ms; select `id`, `name` from `consume_category`

 execution time: 1.51ms; select * from `admins` where `id` = "2" limit 1

 execution time: 0.56ms; select count(*) as aggregate from `consume` where `month` = "2019-10"

 execution time: 0.5ms; select * from `consume` where `month` = "2019-10" limit 20 offset 0

 execution time: 0.32ms; select `name`, `id` from `consume_category`

 execution time: 1.63ms; select * from `admins` where `id` = "2" limit 1

 execution time: 0.37ms; select count(*) as aggregate from `consume` where `month` = "2019-10"

 execution time: 0.31ms; select * from `consume` where `month` = "2019-10" limit 20 offset 0

 execution time: 0.32ms; select `name`, `id` from `consume_category`

 execution time: 1.45ms; select * from `admins` where `id` = "2" limit 1

 execution time: 0.54ms; select * from `consume` where `consume`.`id` = "213" limit 1

 execution time: 0.44ms; update `consume` set `amount` = "90429" where `id` = "213"

 execution time: 0.44ms; insert into `consume_detail` (`create_at`, `create_uid`, `name`, `date`, `amount`, `voucher`, `consume_id`, `remark`, `label`) values ("1572399167", "2", "易通行", "2019-10-29", "400", "", "213", "常营——良乡南关", "花呗")

 execution time: 1.42ms; select * from `admins` where `id` = "2" limit 1

 execution time: 0.56ms; select count(*) as aggregate from `consume_detail` where `date` = "2019-10-29"

 execution time: 0.55ms; select * from `consume_detail` where `date` = "2019-10-29" limit 10 offset 0

 execution time: 0.62ms; select `month`, `id`, `category_id` from `consume`

 execution time: 0.29ms; select `id`, `name` from `consume_category`

 execution time: 1.32ms; select * from `admins` where `id` = "2" limit 1

 execution time: 0.53ms; select count(*) as aggregate from `consume` where `month` = "2019-10"

 execution time: 0.48ms; select * from `consume` where `month` = "2019-10" limit 20 offset 0

 execution time: 0.32ms; select `name`, `id` from `consume_category`

 execution time: 1.29ms; select count(*) as aggregate from `article`

 execution time: 0.56ms; select * from `article` order by `update_at` desc limit 3 offset 0

 execution time: 0.33ms; select count(*) as aggregate from `article`

 execution time: 0.32ms; select * from `article` order by `update_at` desc limit 6 offset 0

 execution time: 0.31ms; select count(*) as aggregate from `article`

 execution time: 0.27ms; select * from `article` order by `create_at` desc limit 6 offset 0

 execution time: 0.2ms; select count(*) as aggregate from `article`

 execution time: 0.37ms; select * from `article` order by `browse` desc limit 6 offset 0

 execution time: 1.36ms; select * from `admins` where `id` = "2" limit 1

 execution time: 0.55ms; select * from `consume` where `consume`.`id` = "213" limit 1

 execution time: 0.42ms; update `consume` set `amount` = "90829" where `id` = "213"

 execution time: 50.74ms; insert into `consume_detail` (`create_at`, `create_uid`, `name`, `date`, `amount`, `voucher`, `consume_id`, `remark`, `label`) values ("1572399200", "2", "易通行", "2019-10-30", "400", "", "213", "良乡南关——常营", "花呗")

 execution time: 1.48ms; select * from `admins` where `id` = "2" limit 1

 execution time: 0.56ms; select count(*) as aggregate from `consume_detail` where `date` = "2019-10-29"

 execution time: 0.55ms; select * from `consume_detail` where `date` = "2019-10-29" limit 10 offset 0

 execution time: 0.65ms; select `month`, `id`, `category_id` from `consume`

 execution time: 0.31ms; select `id`, `name` from `consume_category`

 execution time: 1.77ms; select * from `admins` where `id` = "2" limit 1

 execution time: 0.44ms; select count(*) as aggregate from `consume` where `month` = "2019-10"

 execution time: 0.58ms; select * from `consume` where `month` = "2019-10" limit 20 offset 0

 execution time: 0.33ms; select `name`, `id` from `consume_category`

 execution time: 1.36ms; select * from `admins` where `id` = "2" limit 1

 execution time: 0.54ms; select * from `consume` where `consume`.`id` = "209" limit 1

 execution time: 0.41ms; update `consume` set `amount` = "713298" where `id` = "209"

 execution time: 0.46ms; insert into `consume_detail` (`create_at`, `create_uid`, `name`, `date`, `amount`, `voucher`, `consume_id`, `remark`, `label`) values ("1572399219", "2", "俊其便利店2店", "2019-10-30", "600", "", "209", "双加", "花呗")

 execution time: 1.37ms; select * from `admins` where `id` = "2" limit 1

 execution time: 0.56ms; select count(*) as aggregate from `consume_detail` where `date` = "2019-10-29"

 execution time: 0.54ms; select * from `consume_detail` where `date` = "2019-10-29" limit 10 offset 0

 execution time: 0.53ms; select `month`, `id`, `category_id` from `consume`

 execution time: 0.31ms; select `id`, `name` from `consume_category`

 execution time: 1.3ms; select * from `admins` where `id` = "2" limit 1

 execution time: 0.5ms; select count(*) as aggregate from `consume` where `month` = "2019-10"

 execution time: 0.48ms; select * from `consume` where `month` = "2019-10" limit 20 offset 0

 execution time: 0.31ms; select `name`, `id` from `consume_category`

 execution time: 1.34ms; select * from `admins` where `id` = "2" limit 1

 execution time: 0.53ms; select * from `consume` where `consume`.`id` = "210" limit 1

 execution time: 0.43ms; update `consume` set `amount` = "92380" where `id` = "210"

 execution time: 0.58ms; insert into `consume_detail` (`create_at`, `create_uid`, `name`, `date`, `amount`, `voucher`, `consume_id`, `remark`, `label`) values ("1572399255", "2", "季纯婷321", "2019-10-30", "850", "", "210", "手套", "花呗")

 execution time: 1.26ms; select * from `admins` where `id` = "2" limit 1

 execution time: 0.57ms; select count(*) as aggregate from `consume_detail` where `date` = "2019-10-29"

 execution time: 0.58ms; select * from `consume_detail` where `date` = "2019-10-29" limit 10 offset 0

 execution time: 0.53ms; select `month`, `id`, `category_id` from `consume`

 execution time: 0.3ms; select `id`, `name` from `consume_category`

 execution time: 1.32ms; select * from `admins` where `id` = "2" limit 1

 execution time: 1.57ms; select * from `admins` where `id` = "2" limit 1

 execution time: 0.52ms; select exists(select * from `consume` where `month` = "2019-10") as `exists`

 execution time: 0.32ms; select exists(select * from `consume_detail` where `date` like "%2019-10%") as `exists`

 execution time: 0.51ms; select `category_id`, `month`, `id`, `real_amount` from `consume` where `month` = "2019-10"

 execution time: 0.58ms; select `id`, SUM(real_amount) as real_amount, `month` from `consume` where `month` like "%2019%" group by `month`

 execution time: 0.28ms; select `name`, `id` from `consume_category`

 execution time: 0.9ms; select `id`, SUM(amount) as amount, `date` from `consume_detail` where `date` like "%2019-10%" group by `date`

 execution time: 1.31ms; select * from `admins` where `id` = "2" limit 1

 execution time: 0.37ms; select count(*) as aggregate from `consume_detail` where `date` = "2019-10-29"

 execution time: 0.28ms; select * from `consume_detail` where `date` = "2019-10-29" limit 10 offset 0

 execution time: 0.42ms; select `month`, `id`, `category_id` from `consume`

 execution time: 0.85ms; select `id`, `name` from `consume_category`

 execution time: 1.31ms; select * from `admins` where `id` = "2" limit 1

 execution time: 0.57ms; select count(*) as aggregate from `consume_detail` where `date` = "2019-03-01"

 execution time: 0.58ms; select * from `consume_detail` where `date` = "2019-03-01" limit 10 offset 0

 execution time: 0.41ms; select `month`, `id`, `category_id` from `consume`

 execution time: 0.38ms; select `id`, `name` from `consume_category`

 execution time: 1.52ms; select * from `admins` where `id` = "2" limit 1

 execution time: 0.54ms; select count(*) as aggregate from `consume` where `month` = "2019-10"

 execution time: 0.47ms; select * from `consume` where `month` = "2019-10" limit 20 offset 0

 execution time: 0.32ms; select `name`, `id` from `consume_category`

 execution time: 1.35ms; select * from `admins` where `id` = "2" limit 1

 execution time: 0.52ms; select count(*) as aggregate from `consume` where `month` = "2019-03"

 execution time: 0.42ms; select * from `consume` where `month` = "2019-03" limit 20 offset 0

 execution time: 0.3ms; select `name`, `id` from `consume_category`

 execution time: 1.28ms; select * from `admins` where `id` = "2" limit 1

 execution time: 2.09ms; select * from `admins` where `id` = "2" limit 1

 execution time: 0.33ms; select `name`, `id` from `consume_category`

 execution time: 1.16ms; select * from `admins` where `id` = "2" limit 1

 execution time: 0.42ms; select count(*) as aggregate from `consume`

 execution time: 0.38ms; select * from `consume` limit 10 offset 0

 execution time: 0.3ms; select `name`, `id` from `consume_category`

 execution time: 1.68ms; select * from `admins` where `id` = "2" limit 1

 execution time: 10.91ms; select * from `admins` where `id` = "2" limit 1

 execution time: 0.49ms; select `name`, `id` from `consume_category`

 execution time: 4.63ms; select * from `admins` where `id` = "2" limit 1

 execution time: 0.3ms; select count(*) as aggregate from `consume`

 execution time: 0.3ms; select * from `consume` limit 10 offset 0

 execution time: 0.31ms; select `name`, `id` from `consume_category`

 execution time: 1.83ms; select * from `admins` where `id` = "2" limit 1

 execution time: 0.92ms; insert into `consume` (`create_at`, `create_uid`, `month`, `amount`, `category_id`, `remark`, `label`) values ("1572399478", "2", "2019-03", "0", "5", "", "")

 execution time: 1.31ms; select * from `admins` where `id` = "2" limit 1

 execution time: 0.47ms; select count(*) as aggregate from `consume`

 execution time: 0.36ms; select * from `consume` limit 10 offset 0

 execution time: 0.31ms; select `name`, `id` from `consume_category`

 execution time: 1.32ms; select * from `admins` where `id` = "2" limit 1

 execution time: 0.56ms; select count(*) as aggregate from `consume` where `month` = "2019-03"

 execution time: 0.42ms; select * from `consume` where `month` = "2019-03" limit 20 offset 0

 execution time: 0.3ms; select `name`, `id` from `consume_category`

 execution time: 2.18ms; select exists(select * from `article` where `id` = "30") as `exists`

 execution time: 0.56ms; select * from `article` where `id` = "30" limit 1

 execution time: 0.53ms; update `article` set `browse` = `browse` + 1 where `id` = "30"

 execution time: 0.45ms; select max(`id`) as aggregate from `article` where `id` < "30"

 execution time: 0.32ms; select `id`, `title` from `article` where `id` = "29" limit 1

 execution time: 2.15ms; select min(`id`) as aggregate from `article` where `id` > "30"

 execution time: 0.29ms; select `id`, `title` from `article` where `id` = "31" limit 1

 execution time: 0.35ms; select count(*) as aggregate from `article` where `category_id` = "2"

 execution time: 0.49ms; select * from `article` where `category_id` = "2" limit 6 offset 0

 execution time: 2.75ms; select * from `admins` where `id` = "2" limit 1

 execution time: 0.59ms; select * from `consume` where `consume`.`id` = "567" limit 1

 execution time: 0.45ms; update `consume` set `amount` = "567" where `id` = "567"

 execution time: 0.55ms; insert into `consume_detail` (`create_at`, `create_uid`, `name`, `date`, `amount`, `voucher`, `consume_id`, `remark`, `label`) values ("1572399505", "2", "滴滴出行——郭师傅", "2019-03-02", "567", "", "567", "", "花呗")

 execution time: 1.36ms; select * from `admins` where `id` = "2" limit 1

 execution time: 0.55ms; select count(*) as aggregate from `consume_detail` where `date` = "2019-03-01"

 execution time: 0.62ms; select * from `consume_detail` where `date` = "2019-03-01" limit 10 offset 0

 execution time: 0.72ms; select `month`, `id`, `category_id` from `consume`

 execution time: 0.38ms; select `id`, `name` from `consume_category`

 execution time: 1.35ms; select * from `admins` where `id` = "2" limit 1

 execution time: 0.36ms; select count(*) as aggregate from `consume_detail` where `date` = "2019-03-01"

 execution time: 0.26ms; select * from `consume_detail` where `date` = "2019-03-01" limit 10 offset 0

 execution time: 0.43ms; select `month`, `id`, `category_id` from `consume`

 execution time: 0.29ms; select `id`, `name` from `consume_category`

 execution time: 1.64ms; select * from `admins` where `id` = "2" limit 1

 execution time: 0.43ms; select count(*) as aggregate from `consume` where `month` = "2019-10"

 execution time: 0.58ms; select * from `consume` where `month` = "2019-10" limit 20 offset 0

 execution time: 0.27ms; select `name`, `id` from `consume_category`

 execution time: 1.31ms; select * from `admins` where `id` = "2" limit 1

 execution time: 0.55ms; select count(*) as aggregate from `consume` where `month` = "2019-03"

 execution time: 0.42ms; select * from `consume` where `month` = "2019-03" limit 20 offset 0

 execution time: 0.29ms; select `name`, `id` from `consume_category`

 execution time: 1.55ms; select * from `admins` where `id` = "2" limit 1

 execution time: 0.71ms; select * from `consume` where `consume`.`id` = "567" limit 1

 execution time: 0.43ms; update `consume` set `amount` = "1850" where `id` = "567"

 execution time: 14.62ms; insert into `consume_detail` (`create_at`, `create_uid`, `name`, `date`, `amount`, `voucher`, `consume_id`, `remark`, `label`) values ("1572399534", "2", "滴滴出行——杜师傅", "2019-03-02", "1283", "", "567", "", "花呗")

 execution time: 1.78ms; select * from `admins` where `id` = "2" limit 1

 execution time: 0.52ms; select count(*) as aggregate from `consume_detail` where `date` = "2019-03-01"

 execution time: 0.52ms; select * from `consume_detail` where `date` = "2019-03-01" limit 10 offset 0

 execution time: 0.56ms; select `month`, `id`, `category_id` from `consume`

 execution time: 0.28ms; select `id`, `name` from `consume_category`

 execution time: 1.57ms; select * from `admins` where `id` = "2" limit 1

 execution time: 0.52ms; select count(*) as aggregate from `consume` where `month` = "2019-10"

 execution time: 0.48ms; select * from `consume` where `month` = "2019-10" limit 20 offset 0

 execution time: 0.3ms; select `name`, `id` from `consume_category`

 execution time: 1.69ms; select * from `admins` where `id` = "2" limit 1

 execution time: 0.42ms; select count(*) as aggregate from `consume` where `month` = "2019-03"

 execution time: 0.54ms; select * from `consume` where `month` = "2019-03" limit 20 offset 0

 execution time: 0.26ms; select `name`, `id` from `consume_category`

 execution time: 1.36ms; select * from `admins` where `id` = "2" limit 1

 execution time: 0.51ms; select * from `consume` where `consume`.`id` = "567" limit 1

 execution time: 0.44ms; update `consume` set `amount` = "5100" where `id` = "567"

 execution time: 0.99ms; insert into `consume_detail` (`create_at`, `create_uid`, `name`, `date`, `amount`, `voucher`, `consume_id`, `remark`, `label`) values ("1572399580", "2", "阿斯兰票务专卖店", "2019-03-02", "3250", "", "567", "平顶山——郑州", "约")

 execution time: 1.3ms; select * from `admins` where `id` = "2" limit 1

 execution time: 0.51ms; select count(*) as aggregate from `consume_detail` where `date` = "2019-03-01"

 execution time: 0.51ms; select * from `consume_detail` where `date` = "2019-03-01" limit 10 offset 0

 execution time: 0.55ms; select `month`, `id`, `category_id` from `consume`

 execution time: 0.29ms; select `id`, `name` from `consume_category`

 execution time: 1.47ms; select * from `admins` where `id` = "2" limit 1

 execution time: 0.54ms; select count(*) as aggregate from `consume` where `month` = "2019-10"

 execution time: 0.51ms; select * from `consume` where `month` = "2019-10" limit 20 offset 0

 execution time: 0.3ms; select `name`, `id` from `consume_category`

 execution time: 1.41ms; select * from `admins` where `id` = "2" limit 1

 execution time: 0.53ms; select count(*) as aggregate from `consume` where `month` = "2019-03"

 execution time: 0.41ms; select * from `consume` where `month` = "2019-03" limit 20 offset 0

 execution time: 0.29ms; select `name`, `id` from `consume_category`

 execution time: 1.41ms; select * from `admins` where `id` = "2" limit 1

 execution time: 0.49ms; select * from `consume` where `consume`.`id` = "567" limit 1

 execution time: 0.43ms; update `consume` set `amount` = "5500" where `id` = "567"

 execution time: 1.46ms; insert into `consume_detail` (`create_at`, `create_uid`, `name`, `date`, `amount`, `voucher`, `consume_id`, `remark`, `label`) values ("1572399623", "2", "郑州地铁", "2019-03-03", "400", "", "567", "郑州火车站——市体育中心", "花呗")

 execution time: 1.67ms; select * from `admins` where `id` = "2" limit 1

 execution time: 0.48ms; select count(*) as aggregate from `consume_detail` where `date` = "2019-03-01"

 execution time: 0.62ms; select * from `consume_detail` where `date` = "2019-03-01" limit 10 offset 0

 execution time: 0.56ms; select `month`, `id`, `category_id` from `consume`

 execution time: 0.29ms; select `id`, `name` from `consume_category`

 execution time: 1.43ms; select * from `admins` where `id` = "2" limit 1

 execution time: 0.52ms; select count(*) as aggregate from `consume` where `month` = "2019-10"

 execution time: 0.47ms; select * from `consume` where `month` = "2019-10" limit 20 offset 0

 execution time: 0.3ms; select `name`, `id` from `consume_category`

 execution time: 1.38ms; select * from `admins` where `id` = "2" limit 1

 execution time: 0.52ms; select count(*) as aggregate from `consume` where `month` = "2019-03"

 execution time: 0.42ms; select * from `consume` where `month` = "2019-03" limit 20 offset 0

 execution time: 0.3ms; select `name`, `id` from `consume_category`

 execution time: 1.34ms; select * from `admins` where `id` = "2" limit 1

 execution time: 0.52ms; select * from `consume` where `consume`.`id` = "567" limit 1

 execution time: 0.47ms; update `consume` set `amount` = "5900" where `id` = "567"

 execution time: 0.48ms; insert into `consume_detail` (`create_at`, `create_uid`, `name`, `date`, `amount`, `voucher`, `consume_id`, `remark`, `label`) values ("1572399669", "2", "郑州地铁", "2019-03-03", "400", "", "567", "市体育中心——二七广场", "花呗")

 execution time: 1.24ms; select * from `admins` where `id` = "2" limit 1

 execution time: 0.62ms; select count(*) as aggregate from `consume_detail` where `date` = "2019-03-01"

 execution time: 0.54ms; select * from `consume_detail` where `date` = "2019-03-01" limit 10 offset 0

 execution time: 0.57ms; select `month`, `id`, `category_id` from `consume`

 execution time: 0.29ms; select `id`, `name` from `consume_category`

 execution time: 1.28ms; select * from `admins` where `id` = "2" limit 1

 execution time: 0.63ms; select count(*) as aggregate from `consume_detail` where `date` like "%2019-03%"

 execution time: 0.61ms; select * from `consume_detail` where `date` like "%2019-03%" limit 10 offset 0

 execution time: 0.44ms; select `month`, `id`, `category_id` from `consume`

 execution time: 0.3ms; select `id`, `name` from `consume_category`

 execution time: 1.3ms; select * from `admins` where `id` = "2" limit 1

 execution time: 0.53ms; select count(*) as aggregate from `consume` where `month` = "2019-10"

 execution time: 0.47ms; select * from `consume` where `month` = "2019-10" limit 20 offset 0

 execution time: 0.3ms; select `name`, `id` from `consume_category`

 execution time: 1.4ms; select * from `admins` where `id` = "2" limit 1

 execution time: 0.56ms; select count(*) as aggregate from `consume` where `month` = "2019-03"

 execution time: 0.42ms; select * from `consume` where `month` = "2019-03" limit 20 offset 0

 execution time: 0.29ms; select `name`, `id` from `consume_category`

 execution time: 1.26ms; select * from `admins` where `id` = "2" limit 1

 execution time: 0.56ms; insert into `consume` (`create_at`, `create_uid`, `month`, `amount`, `category_id`, `remark`, `label`) values ("1572399733", "2", "2019-03", "0", "7", "", "")

 execution time: 1.37ms; select * from `admins` where `id` = "2" limit 1

 execution time: 1ms; select count(*) as aggregate from `consume`

 execution time: 0.42ms; select * from `consume` limit 10 offset 0

 execution time: 0.25ms; select `name`, `id` from `consume_category`

 execution time: 1.37ms; select * from `admins` where `id` = "2" limit 1

 execution time: 0.54ms; select count(*) as aggregate from `consume` where `month` = "2019-03"

 execution time: 0.42ms; select * from `consume` where `month` = "2019-03" limit 20 offset 0

 execution time: 0.3ms; select `name`, `id` from `consume_category`

 execution time: 1.63ms; select * from `admins` where `id` = "2" limit 1

 execution time: 0.41ms; select * from `consume` where `consume`.`id` = "568" limit 1

 execution time: 0.53ms; update `consume` set `amount` = "4780" where `id` = "568"

 execution time: 0.39ms; insert into `consume_detail` (`create_at`, `create_uid`, `name`, `date`, `amount`, `voucher`, `consume_id`, `remark`, `label`) values ("1572399758", "2", "淘票票", "2019-03-03", "4780", "", "568", "驯龙高手3", "花呗")

 execution time: 6.15ms; select * from `admins` where `id` = "2" limit 1

 execution time: 0.57ms; select count(*) as aggregate from `consume_detail` where `date` like "%2019-03%"

 execution time: 0.58ms; select * from `consume_detail` where `date` like "%2019-03%" limit 10 offset 0

 execution time: 0.56ms; select `month`, `id`, `category_id` from `consume`

 execution time: 0.33ms; select `id`, `name` from `consume_category`

 execution time: 1.73ms; select * from `admins` where `id` = "2" limit 1

 execution time: 0.73ms; select count(*) as aggregate from `consume` where `month` = "2019-10"

 execution time: 0.6ms; select * from `consume` where `month` = "2019-10" limit 20 offset 0

 execution time: 0.31ms; select `name`, `id` from `consume_category`

 execution time: 1.34ms; select * from `admins` where `id` = "2" limit 1

 execution time: 0.57ms; select count(*) as aggregate from `consume` where `month` = "2019-03"

 execution time: 0.44ms; select * from `consume` where `month` = "2019-03" limit 20 offset 0

 execution time: 0.33ms; select `name`, `id` from `consume_category`

 execution time: 1.97ms; select * from `admins` where `id` = "2" limit 1

 execution time: 0.54ms; select * from `consume` where `consume`.`id` = "567" limit 1

 execution time: 5.63ms; update `consume` set `amount` = "6300" where `id` = "567"

 execution time: 0.46ms; insert into `consume_detail` (`create_at`, `create_uid`, `name`, `date`, `amount`, `voucher`, `consume_id`, `remark`, `label`) values ("1572399803", "2", "郑州地铁", "2019-03-03", "400", "", "567", "二七广场——市体育中心", "花呗")

 execution time: 1.72ms; select * from `admins` where `id` = "2" limit 1

 execution time: 0.51ms; select count(*) as aggregate from `consume_detail` where `date` like "%2019-03%"

 execution time: 0.66ms; select * from `consume_detail` where `date` like "%2019-03%" limit 10 offset 0

 execution time: 0.65ms; select `month`, `id`, `category_id` from `consume`

 execution time: 0.31ms; select `id`, `name` from `consume_category`

 execution time: 1.32ms; select * from `admins` where `id` = "2" limit 1

 execution time: 0.53ms; select count(*) as aggregate from `consume` where `month` = "2019-10"

 execution time: 0.47ms; select * from `consume` where `month` = "2019-10" limit 20 offset 0

 execution time: 0.29ms; select `name`, `id` from `consume_category`

 execution time: 1.35ms; select * from `admins` where `id` = "2" limit 1

 execution time: 0.54ms; select count(*) as aggregate from `consume` where `month` = "2019-03"

 execution time: 0.41ms; select * from `consume` where `month` = "2019-03" limit 20 offset 0

 execution time: 0.29ms; select `name`, `id` from `consume_category`

 execution time: 1.34ms; select * from `admins` where `id` = "2" limit 1

 execution time: 0.5ms; select * from `consume` where `consume`.`id` = "567" limit 1

 execution time: 0.49ms; update `consume` set `amount` = "9140" where `id` = "567"

 execution time: 0.83ms; insert into `consume_detail` (`create_at`, `create_uid`, `name`, `date`, `amount`, `voucher`, `consume_id`, `remark`, `label`) values ("1572399839", "2", "滴滴专车——王师傅", "2019-03-03", "2840", "", "567", "", "花呗")

 execution time: 1.36ms; select * from `admins` where `id` = "2" limit 1

 execution time: 0.56ms; select count(*) as aggregate from `consume_detail` where `date` like "%2019-03%"

 execution time: 0.61ms; select * from `consume_detail` where `date` like "%2019-03%" limit 10 offset 0

 execution time: 0.53ms; select `month`, `id`, `category_id` from `consume`

 execution time: 0.36ms; select `id`, `name` from `consume_category`

 execution time: 1.63ms; select * from `admins` where `id` = "2" limit 1

 execution time: 0.5ms; select count(*) as aggregate from `consume` where `month` = "2019-10"

 execution time: 0.77ms; select * from `consume` where `month` = "2019-10" limit 20 offset 0

 execution time: 0.24ms; select `name`, `id` from `consume_category`

 execution time: 1.32ms; select * from `admins` where `id` = "2" limit 1

 execution time: 0.8ms; select count(*) as aggregate from `consume` where `month` = "2019-03"

 execution time: 0.43ms; select * from `consume` where `month` = "2019-03" limit 20 offset 0

 execution time: 0.29ms; select `name`, `id` from `consume_category`

 execution time: 1.41ms; select * from `admins` where `id` = "2" limit 1

 execution time: 0.49ms; select * from `consume` where `consume`.`id` = "567" limit 1

 execution time: 0.43ms; update `consume` set `amount` = "9540" where `id` = "567"

 execution time: 1.52ms; insert into `consume_detail` (`create_at`, `create_uid`, `name`, `date`, `amount`, `voucher`, `consume_id`, `remark`, `label`) values ("1572399887", "2", "郑州地铁", "2019-03-03", "400", "", "567", "市体育中心——郑州火车站", "花呗")

 execution time: 1.3ms; select * from `admins` where `id` = "2" limit 1

 execution time: 0.59ms; select count(*) as aggregate from `consume_detail` where `date` like "%2019-03%"

 execution time: 0.59ms; select * from `consume_detail` where `date` like "%2019-03%" limit 10 offset 0

 execution time: 0.54ms; select `month`, `id`, `category_id` from `consume`

 execution time: 0.3ms; select `id`, `name` from `consume_category`

 execution time: 1.28ms; select * from `admins` where `id` = "2" limit 1

 execution time: 0.55ms; select count(*) as aggregate from `consume` where `month` = "2019-10"

 execution time: 0.47ms; select * from `consume` where `month` = "2019-10" limit 20 offset 0

 execution time: 0.3ms; select `name`, `id` from `consume_category`

 execution time: 1.49ms; select * from `admins` where `id` = "2" limit 1

 execution time: 0.54ms; select count(*) as aggregate from `consume` where `month` = "2019-03"

 execution time: 0.41ms; select * from `consume` where `month` = "2019-03" limit 20 offset 0

 execution time: 0.3ms; select `name`, `id` from `consume_category`

 execution time: 1.39ms; select * from `admins` where `id` = "2" limit 1

 execution time: 0.58ms; select * from `consume` where `consume`.`id` = "391" limit 1

 execution time: 5.13ms; update `consume` set `amount` = "20000" where `id` = "391"

 execution time: 0.49ms; insert into `consume_detail` (`create_at`, `create_uid`, `name`, `date`, `amount`, `voucher`, `consume_id`, `remark`, `label`) values ("1572399923", "2", "手机充值", "2019-03-03", "5000", "", "391", "15083411191", "花呗")

 execution time: 1.33ms; select * from `admins` where `id` = "2" limit 1

 execution time: 0.61ms; select count(*) as aggregate from `consume_detail` where `date` like "%2019-03%"

 execution time: 0.61ms; select * from `consume_detail` where `date` like "%2019-03%" limit 10 offset 0

 execution time: 0.6ms; select `month`, `id`, `category_id` from `consume`

 execution time: 0.3ms; select `id`, `name` from `consume_category`

 execution time: 1.29ms; select * from `admins` where `id` = "2" limit 1

 execution time: 0.55ms; select count(*) as aggregate from `consume` where `month` = "2019-10"

 execution time: 0.46ms; select * from `consume` where `month` = "2019-10" limit 20 offset 0

 execution time: 0.29ms; select `name`, `id` from `consume_category`

 execution time: 1.54ms; select * from `admins` where `id` = "2" limit 1

 execution time: 1.5ms; select * from `admins` where `id` = "2" limit 1

 execution time: 0.51ms; select exists(select * from `consume` where `month` = "2019-10") as `exists`

 execution time: 0.44ms; select exists(select * from `consume_detail` where `date` like "%2019-10%") as `exists`

 execution time: 0.47ms; select `category_id`, `month`, `id`, `real_amount` from `consume` where `month` = "2019-10"

 execution time: 0.63ms; select `id`, SUM(real_amount) as real_amount, `month` from `consume` where `month` like "%2019%" group by `month`

 execution time: 0.3ms; select `name`, `id` from `consume_category`

 execution time: 1.38ms; select `id`, SUM(amount) as amount, `date` from `consume_detail` where `date` like "%2019-10%" group by `date`

 execution time: 1.36ms; select * from `admins` where `id` = "2" limit 1

 execution time: 1.41ms; select * from `admins` where `id` = "2" limit 1

 execution time: 0.34ms; select exists(select * from `consume` where `month` = "2019-10") as `exists`

 execution time: 0.24ms; select exists(select * from `consume_detail` where `date` like "%2019-10%") as `exists`

 execution time: 0.28ms; select `category_id`, `month`, `id`, `real_amount` from `consume` where `month` = "2019-10"

 execution time: 0.33ms; select `id`, SUM(real_amount) as real_amount, `month` from `consume` where `month` like "%2019%" group by `month`

 execution time: 0.24ms; select `name`, `id` from `consume_category`

 execution time: 0.35ms; select `id`, SUM(amount) as amount, `date` from `consume_detail` where `date` like "%2019-10%" group by `date`

 execution time: 1.38ms; select * from `admins` where `id` = "2" limit 1

 execution time: 0.54ms; select exists(select * from `consume` where `month` = "2019-03") as `exists`

 execution time: 0.44ms; select exists(select * from `consume_detail` where `date` like "%2019-03%") as `exists`

 execution time: 0.49ms; select `category_id`, `month`, `id`, `real_amount` from `consume` where `month` = "2019-03"

 execution time: 0.27ms; select `id`, SUM(real_amount) as real_amount, `month` from `consume` where `month` like "%2019%" group by `month`

 execution time: 0.29ms; select `name`, `id` from `consume_category`

 execution time: 1.22ms; select `id`, SUM(amount) as amount, `date` from `consume_detail` where `date` like "%2019-03%" group by `date`

 execution time: 1.28ms; select * from `admins` where `id` = "2" limit 1

 execution time: 1.38ms; select * from `admins` where `id` = "2" limit 1

 execution time: 0.47ms; select count(*) as aggregate from `consume_detail`

 execution time: 0.42ms; select * from `consume_detail` limit 10 offset 0

 execution time: 0.42ms; select `month`, `id`, `category_id` from `consume`

 execution time: 0.36ms; select `id`, `name` from `consume_category`

 execution time: 1.41ms; select * from `admins` where `id` = "2" limit 1

 execution time: 0.39ms; select count(*) as aggregate from `consume_detail` where `date` like "%2019-03%"

 execution time: 0.29ms; select * from `consume_detail` where `date` like "%2019-03%" limit 10 offset 0

 execution time: 0.42ms; select `month`, `id`, `category_id` from `consume`

 execution time: 0.34ms; select `id`, `name` from `consume_category`

 execution time: 3.6ms; select exists(select * from `article` where `id` = "5") as `exists`

 execution time: 0.43ms; select * from `article` where `id` = "5" limit 1

 execution time: 0.57ms; update `article` set `browse` = `browse` + 1 where `id` = "5"

 execution time: 1.4ms; select max(`id`) as aggregate from `article` where `id` < "5"

 execution time: 0.31ms; select `id`, `title` from `article` where `id` = "4" limit 1

 execution time: 0.31ms; select min(`id`) as aggregate from `article` where `id` > "5"

 execution time: 0.35ms; select `id`, `title` from `article` where `id` = "6" limit 1

 execution time: 0.36ms; select count(*) as aggregate from `article` where `category_id` = "2"

 execution time: 0.49ms; select * from `article` where `category_id` = "2" limit 6 offset 0

 execution time: 4.51ms; select count(*) as aggregate from `article`

 execution time: 4.82ms; select * from `article` order by `update_at` desc limit 3 offset 0

 execution time: 0.25ms; select count(*) as aggregate from `article`

 execution time: 0.52ms; select * from `article` order by `update_at` desc limit 6 offset 0

 execution time: 0.23ms; select count(*) as aggregate from `article`

 execution time: 0.44ms; select * from `article` order by `create_at` desc limit 6 offset 0

 execution time: 0.22ms; select count(*) as aggregate from `article`

 execution time: 0.48ms; select * from `article` order by `browse` desc limit 6 offset 0

 execution time: 1.34ms; select count(*) as aggregate from `article`

 execution time: 0.45ms; select * from `article` order by `update_at` desc limit 3 offset 0

 execution time: 0.22ms; select count(*) as aggregate from `article`

 execution time: 0.36ms; select * from `article` order by `update_at` desc limit 6 offset 0

 execution time: 0.21ms; select count(*) as aggregate from `article`

 execution time: 0.26ms; select * from `article` order by `create_at` desc limit 6 offset 0

 execution time: 0.27ms; select count(*) as aggregate from `article`

 execution time: 0.27ms; select * from `article` order by `browse` desc limit 6 offset 0

 execution time: 1.36ms; select count(*) as aggregate from `article`

 execution time: 0.58ms; select * from `article` order by `update_at` desc limit 3 offset 0

 execution time: 0.28ms; select count(*) as aggregate from `article`

 execution time: 0.33ms; select * from `article` order by `update_at` desc limit 6 offset 0

 execution time: 0.22ms; select count(*) as aggregate from `article`

 execution time: 0.34ms; select * from `article` order by `create_at` desc limit 6 offset 0

 execution time: 0.24ms; select count(*) as aggregate from `article`

 execution time: 0.26ms; select * from `article` order by `browse` desc limit 6 offset 0

 execution time: 1.64ms; select count(*) as aggregate from `article`

 execution time: 0.45ms; select * from `article` order by `update_at` desc limit 3 offset 0

 execution time: 0.22ms; select count(*) as aggregate from `article`

 execution time: 0.38ms; select * from `article` order by `update_at` desc limit 6 offset 0

 execution time: 0.21ms; select count(*) as aggregate from `article`

 execution time: 0.28ms; select * from `article` order by `create_at` desc limit 6 offset 0

 execution time: 0.26ms; select count(*) as aggregate from `article`

 execution time: 0.29ms; select * from `article` order by `browse` desc limit 6 offset 0

 execution time: 1.36ms; select count(*) as aggregate from `article`

 execution time: 0.47ms; select * from `article` order by `update_at` desc limit 3 offset 0

 execution time: 0.47ms; select count(*) as aggregate from `article`

 execution time: 0.34ms; select * from `article` order by `update_at` desc limit 6 offset 0

 execution time: 0.27ms; select count(*) as aggregate from `article`

 execution time: 0.27ms; select * from `article` order by `create_at` desc limit 6 offset 0

 execution time: 0.21ms; select count(*) as aggregate from `article`

 execution time: 0.36ms; select * from `article` order by `browse` desc limit 6 offset 0

 execution time: 3.24ms; select exists(select * from `article` where `title` like "%心得笔记%") as `exists`

 execution time: 1.47ms; select exists(select * from `article` where `title` like "%随心记录%") as `exists`

 execution time: 1.51ms; select exists(select * from `article` where `title` like "%读后感%") as `exists`

 execution time: 1.5ms; select exists(select * from `article` where `title` like "%框架%") as `exists`

 execution time: 1.48ms; select exists(select * from `article` where `title` like "%PHP%") as `exists`

 execution time: 0.53ms; select count(*) as aggregate from `article` where `title` like "%PHP%"

 execution time: 0.52ms; select * from `article` where `title` like "%PHP%" limit 15 offset 0

 execution time: 1.46ms; select exists(select * from `article` where `title` like "%Linux%") as `exists`

 execution time: 1.45ms; select exists(select * from `article` where `title` like "%MYSQL%") as `exists`

 execution time: 2.34ms; select exists(select * from `article` where `title` like "%美食%") as `exists`

 execution time: 2.01ms; select exists(select * from `article` where `title` like "%习惯%") as `exists`

 execution time: 0.44ms; select count(*) as aggregate from `article` where `title` like "%习惯%"

 execution time: 0.57ms; select * from `article` where `title` like "%习惯%" limit 15 offset 0

 execution time: 1.4ms; select exists(select * from `article` where `title` like "%自律%") as `exists`

 execution time: 0.47ms; select count(*) as aggregate from `article` where `title` like "%自律%"

 execution time: 0.61ms; select * from `article` where `title` like "%自律%" limit 15 offset 0

 execution time: 1.91ms; select exists(select * from `article` where `id` = "23") as `exists`

 execution time: 0.49ms; select * from `article` where `id` = "23" limit 1

 execution time: 0.71ms; update `article` set `browse` = `browse` + 1 where `id` = "23"

 execution time: 0.41ms; select max(`id`) as aggregate from `article` where `id` < "23"

 execution time: 0.5ms; select `id`, `title` from `article` where `id` = "22" limit 1

 execution time: 0.38ms; select min(`id`) as aggregate from `article` where `id` > "23"

 execution time: 0.42ms; select `id`, `title` from `article` where `id` = "24" limit 1

 execution time: 0.44ms; select count(*) as aggregate from `article` where `category_id` = "2"

 execution time: 0.55ms; select * from `article` where `category_id` = "2" limit 6 offset 0

 execution time: 1.57ms; select count(*) as aggregate from `article`

 execution time: 0.71ms; select * from `article` order by `update_at` desc limit 3 offset 0

 execution time: 0.32ms; select count(*) as aggregate from `article`

 execution time: 0.47ms; select * from `article` order by `update_at` desc limit 6 offset 0

 execution time: 0.29ms; select count(*) as aggregate from `article`

 execution time: 0.42ms; select * from `article` order by `create_at` desc limit 6 offset 0

 execution time: 0.29ms; select count(*) as aggregate from `article`

 execution time: 0.49ms; select * from `article` order by `browse` desc limit 6 offset 0

 execution time: 1.56ms; select count(*) as aggregate from `article`

 execution time: 0.47ms; select * from `article` order by `update_at` desc limit 3 offset 0

 execution time: 0.26ms; select count(*) as aggregate from `article`

 execution time: 0.35ms; select * from `article` order by `update_at` desc limit 6 offset 0

 execution time: 0.39ms; select count(*) as aggregate from `article`

 execution time: 0.31ms; select * from `article` order by `create_at` desc limit 6 offset 0

 execution time: 0.23ms; select count(*) as aggregate from `article`

 execution time: 0.27ms; select * from `article` order by `browse` desc limit 6 offset 0

 execution time: 1.35ms; select count(*) as aggregate from `article`

 execution time: 0.46ms; select * from `article` order by `update_at` desc limit 3 offset 0

 execution time: 0.41ms; select count(*) as aggregate from `article`

 execution time: 0.32ms; select * from `article` order by `update_at` desc limit 6 offset 0

 execution time: 0.21ms; select count(*) as aggregate from `article`

 execution time: 0.31ms; select * from `article` order by `create_at` desc limit 6 offset 0

 execution time: 0.21ms; select count(*) as aggregate from `article`

 execution time: 0.27ms; select * from `article` order by `browse` desc limit 6 offset 0

 execution time: 1.26ms; select count(*) as aggregate from `article`

 execution time: 0.44ms; select * from `article` order by `update_at` desc limit 3 offset 0

 execution time: 0.25ms; select count(*) as aggregate from `article`

 execution time: 0.36ms; select * from `article` order by `update_at` desc limit 6 offset 0

 execution time: 0.21ms; select count(*) as aggregate from `article`

 execution time: 0.26ms; select * from `article` order by `create_at` desc limit 6 offset 0

 execution time: 0.27ms; select count(*) as aggregate from `article`

 execution time: 0.27ms; select * from `article` order by `browse` desc limit 6 offset 0

 execution time: 2.01ms; select * from `admins` where `name` = "admin" limit 1

 execution time: 1.59ms; select * from `admins` where `id` = "2" limit 1

 execution time: 0.25ms; select * from `role_privilege` where `role_id` = "3"

 execution time: 0.42ms; select * from `privileges` where `id` in ("1", "2", "3", "4", "5", "6", "9", "10", "11", "12", "13", "14") and `type` = "2"

 execution time: 0.23ms; select * from `privilege_group`

 execution time: 1.4ms; select * from `admins` where `id` = "2" limit 1

 execution time: 1.34ms; select * from `admins` where `id` = "2" limit 1

 execution time: 0.37ms; select exists(select * from `consume` where `month` = "2019-10") as `exists`

 execution time: 0.25ms; select exists(select * from `consume_detail` where `date` like "%2019-10%") as `exists`

 execution time: 0.28ms; select `category_id`, `month`, `id`, `real_amount` from `consume` where `month` = "2019-10"

 execution time: 0.33ms; select `id`, SUM(real_amount) as real_amount, `month` from `consume` where `month` like "%2019%" group by `month`

 execution time: 0.28ms; select `name`, `id` from `consume_category`

 execution time: 0.34ms; select `id`, SUM(amount) as amount, `date` from `consume_detail` where `date` like "%2019-10%" group by `date`

 execution time: 1.41ms; select * from `admins` where `id` = "2" limit 1

 execution time: 0.39ms; select * from `privileges`

 execution time: 0.22ms; select * from `privilege_group`

 execution time: 1.41ms; select * from `admins` where `id` = "2" limit 1

 execution time: 0.56ms; insert into `privilege_group` (`group_name`, `create_at`, `create_uid`) values ("Other", "1572417392", "2")

 execution time: 1.34ms; select * from `admins` where `id` = "2" limit 1

 execution time: 0.42ms; select * from `privileges`

 execution time: 0.35ms; select * from `privilege_group`

 execution time: 1.36ms; select * from `admins` where `id` = "2" limit 1

 execution time: 4.01ms; select exists(select * from `privileges` where `privilege_group_id` = "7" and `privilege_name` = "Love") as `exists`

 execution time: 0.43ms; insert into `privileges` (`create_at`, `create_uid`, `privilege_name`, `privilege_url`, `privilege_group_id`, `type`) values ("1572417432", "2", "Love", "/Other/love", "7", "2")

 execution time: 1.57ms; select * from `admins` where `id` = "2" limit 1

 execution time: 0.57ms; select * from `privileges`

 execution time: 0.23ms; select * from `privilege_group`

 execution time: 1.3ms; select * from `admins` where `id` = "2" limit 1

 execution time: 2.42ms; select * from `admins` where `id` = "2" limit 1

 execution time: 0.35ms; select count(*) as aggregate from `roles` where `name` like "%%"

 execution time: 0.25ms; select * from `roles` where `name` like "%%" limit 10 offset 0

 execution time: 0.31ms; select `id`, `role_id`, count(*) as total from `admins` group by `role_id`

 execution time: 0.25ms; select `id`, `role_id`, `name` from `admins`

 execution time: 2.75ms; select * from `admins` where `id` = "2" limit 1

 execution time: 0.43ms; select * from `role_privilege` where `role_id` = "3"

 execution time: 0.29ms; select * from `privileges`

 execution time: 0.29ms; select * from `privilege_group`

 execution time: 1.5ms; select * from `admins` where `id` = "2" limit 1

 execution time: 2.93ms; delete from `role_privilege` where `role_id` = "3"

 execution time: 24.44ms; insert into `role_privilege` (`privilege_id`, `role_id`) values ("1", "3"), ("2", "3"), ("3", "3"), ("4", "3"), ("5", "3"), ("11", "3"), ("6", "3"), ("13", "3"), ("14", "3"), ("9", "3"), ("10", "3"), ("12", "3"), ("15", "3")

 execution time: 1.53ms; select * from `admins` where `id` = "2" limit 1

 execution time: 0.52ms; select * from `role_privilege` where `role_id` = "3"

 execution time: 0.5ms; select * from `privileges` where `id` in ("1", "2", "3", "4", "5", "6", "9", "10", "11", "12", "13", "14", "15") and `type` = "2"

 execution time: 0.28ms; select * from `privilege_group`

 execution time: 1.94ms; select * from `admins` where `id` = "2" limit 1

 execution time: 1.84ms; select * from `admins` where `id` = "2" limit 1

 execution time: 0.27ms; select exists(select * from `consume` where `month` = "2019-10") as `exists`

 execution time: 0.34ms; select exists(select * from `consume_detail` where `date` like "%2019-10%") as `exists`

 execution time: 0.26ms; select `category_id`, `month`, `id`, `real_amount` from `consume` where `month` = "2019-10"

 execution time: 0.34ms; select `id`, SUM(real_amount) as real_amount, `month` from `consume` where `month` like "%2019%" group by `month`

 execution time: 0.25ms; select `name`, `id` from `consume_category`

 execution time: 0.39ms; select `id`, SUM(amount) as amount, `date` from `consume_detail` where `date` like "%2019-10%" group by `date`

 execution time: 2.03ms; select * from `admins` where `id` = "2" limit 1

 execution time: 1.37ms; select * from `admins` where `id` = "2" limit 1

 execution time: 0.35ms; select exists(select * from `consume` where `month` = "2019-10") as `exists`

 execution time: 0.26ms; select exists(select * from `consume_detail` where `date` like "%2019-10%") as `exists`

 execution time: 0.26ms; select `category_id`, `month`, `id`, `real_amount` from `consume` where `month` = "2019-10"

 execution time: 0.34ms; select `id`, SUM(real_amount) as real_amount, `month` from `consume` where `month` like "%2019%" group by `month`

 execution time: 0.24ms; select `name`, `id` from `consume_category`

 execution time: 0.33ms; select `id`, SUM(amount) as amount, `date` from `consume_detail` where `date` like "%2019-10%" group by `date`

 execution time: 1.42ms; select * from `admins` where `id` = "2" limit 1

 execution time: 0.41ms; select * from `privileges`

 execution time: 0.25ms; select * from `privilege_group`

 execution time: 1.3ms; select * from `admins` where `id` = "2" limit 1

 execution time: 0.42ms; select * from `privileges` where `privileges`.`id` = "15" limit 1

 execution time: 0.47ms; update `privileges` set `privilege_name` = "love" where `id` = "15"

 execution time: 1.29ms; select * from `admins` where `id` = "2" limit 1

 execution time: 0.37ms; select * from `role_privilege` where `role_id` = "3"

 execution time: 0.53ms; select * from `privileges` where `id` in ("1", "2", "3", "4", "5", "6", "9", "10", "11", "12", "13", "14", "15") and `type` = "2"

 execution time: 0.31ms; select * from `privilege_group`

 execution time: 1.96ms; select * from `admins` where `id` = "2" limit 1

 execution time: 1.66ms; select * from `admins` where `id` = "2" limit 1

 execution time: 0.32ms; select exists(select * from `consume` where `month` = "2019-10") as `exists`

 execution time: 0.25ms; select exists(select * from `consume_detail` where `date` like "%2019-10%") as `exists`

 execution time: 0.28ms; select `category_id`, `month`, `id`, `real_amount` from `consume` where `month` = "2019-10"

 execution time: 0.32ms; select `id`, SUM(real_amount) as real_amount, `month` from `consume` where `month` like "%2019%" group by `month`

 execution time: 0.24ms; select `name`, `id` from `consume_category`

 execution time: 0.36ms; select `id`, SUM(amount) as amount, `date` from `consume_detail` where `date` like "%2019-10%" group by `date`

 execution time: 1.27ms; select * from `admins` where `id` = "2" limit 1

 execution time: 1.37ms; select * from `admins` where `id` = "2" limit 1

 execution time: 0.29ms; select `name`, `id` from `consume_category`

 execution time: 1.37ms; select * from `admins` where `id` = "2" limit 1

 execution time: 0.46ms; select count(*) as aggregate from `consume`

 execution time: 0.37ms; select * from `consume` limit 10 offset 0

 execution time: 0.46ms; select `name`, `id` from `consume_category`

 execution time: 1.5ms; select * from `admins` where `id` = "2" limit 1

 execution time: 0.48ms; select * from `privileges`

 execution time: 0.23ms; select * from `privilege_group`

 execution time: 1.55ms; select * from `admins` where `id` = "2" limit 1

 execution time: 0.55ms; select * from `privileges` where `privileges`.`id` = "15" limit 1

 execution time: 0.49ms; update `privileges` set `privilege_url` = "/admin/other/love" where `id` = "15"

 execution time: 1.27ms; select * from `admins` where `id` = "2" limit 1

 execution time: 0.51ms; select * from `privileges`

 execution time: 0.22ms; select * from `privilege_group`

 execution time: 1.39ms; select * from `admins` where `id` = "2" limit 1

 execution time: 0.39ms; select * from `privileges`

 execution time: 0.22ms; select * from `privilege_group`

 execution time: 1.31ms; select * from `admins` where `id` = "2" limit 1

 execution time: 0.39ms; select * from `role_privilege` where `role_id` = "3"

 execution time: 0.51ms; select * from `privileges` where `id` in ("1", "2", "3", "4", "5", "6", "9", "10", "11", "12", "13", "14", "15") and `type` = "2"

 execution time: 0.3ms; select * from `privilege_group`

 execution time: 1.33ms; select * from `admins` where `id` = "2" limit 1

 execution time: 1.36ms; select * from `admins` where `id` = "2" limit 1

 execution time: 0.35ms; select exists(select * from `consume` where `month` = "2019-10") as `exists`

 execution time: 0.28ms; select exists(select * from `consume_detail` where `date` like "%2019-10%") as `exists`

 execution time: 0.26ms; select `category_id`, `month`, `id`, `real_amount` from `consume` where `month` = "2019-10"

 execution time: 0.41ms; select `id`, SUM(real_amount) as real_amount, `month` from `consume` where `month` like "%2019%" group by `month`

 execution time: 0.26ms; select `name`, `id` from `consume_category`

 execution time: 0.34ms; select `id`, SUM(amount) as amount, `date` from `consume_detail` where `date` like "%2019-10%" group by `date`

 execution time: 1.42ms; select * from `admins` where `id` = "2" limit 1

 execution time: 1.4ms; select * from `admins` where `id` = "2" limit 1

 execution time: 1.41ms; select * from `admins` where `id` = "2" limit 1

 execution time: 2.6ms; select * from `admins` where `id` = "2" limit 1

 execution time: 1.33ms; select * from `admins` where `id` = "2" limit 1

 execution time: 0.36ms; select * from `role_privilege` where `role_id` = "3"

 execution time: 0.33ms; select * from `privileges` where `id` in ("1", "2", "3", "4", "5", "6", "9", "10", "11", "12", "13", "14", "15") and `type` = "2"

 execution time: 0.24ms; select * from `privilege_group`

 execution time: 1.34ms; select * from `admins` where `id` = "2" limit 1

 execution time: 1.34ms; select * from `admins` where `id` = "2" limit 1

 execution time: 0.37ms; select exists(select * from `consume` where `month` = "2019-10") as `exists`

 execution time: 0.24ms; select exists(select * from `consume_detail` where `date` like "%2019-10%") as `exists`

 execution time: 0.26ms; select `category_id`, `month`, `id`, `real_amount` from `consume` where `month` = "2019-10"

 execution time: 0.37ms; select `id`, SUM(real_amount) as real_amount, `month` from `consume` where `month` like "%2019%" group by `month`

 execution time: 0.26ms; select `name`, `id` from `consume_category`

 execution time: 0.34ms; select `id`, SUM(amount) as amount, `date` from `consume_detail` where `date` like "%2019-10%" group by `date`

 execution time: 1.29ms; select * from `admins` where `id` = "2" limit 1

 execution time: 1.36ms; select * from `admins` where `id` = "2" limit 1

 execution time: 1.94ms; select * from `admins` where `id` = "2" limit 1

 execution time: 1.42ms; select * from `admins` where `id` = "2" limit 1

 execution time: 1.35ms; select * from `admins` where `id` = "2" limit 1

 execution time: 1.71ms; select * from `admins` where `id` = "2" limit 1

 execution time: 1.39ms; select * from `admins` where `id` = "2" limit 1

 execution time: 1.41ms; select * from `admins` where `id` = "2" limit 1

 execution time: 1.37ms; select * from `admins` where `id` = "2" limit 1

 execution time: 1.31ms; select * from `admins` where `id` = "2" limit 1

 execution time: 1.5ms; select * from `admins` where `id` = "2" limit 1

 execution time: 1.37ms; select * from `admins` where `id` = "2" limit 1

 execution time: 1.83ms; select * from `admins` where `id` = "2" limit 1

 execution time: 1.59ms; select * from `admins` where `id` = "2" limit 1

 execution time: 1.95ms; select * from `admins` where `id` = "2" limit 1

 execution time: 1.36ms; select * from `admins` where `id` = "2" limit 1

 execution time: 1.31ms; select * from `admins` where `id` = "2" limit 1

 execution time: 1.33ms; select * from `admins` where `id` = "2" limit 1

 execution time: 2.78ms; select * from `admins` where `id` = "2" limit 1

 execution time: 1.39ms; select * from `admins` where `id` = "2" limit 1

 execution time: 1.27ms; select * from `admins` where `id` = "2" limit 1

 execution time: 1.36ms; select * from `admins` where `id` = "2" limit 1

 execution time: 1.36ms; select * from `admins` where `id` = "2" limit 1

 execution time: 1.41ms; select * from `admins` where `id` = "2" limit 1

 execution time: 1.31ms; select * from `admins` where `id` = "2" limit 1

 execution time: 1.38ms; select * from `admins` where `id` = "2" limit 1

 execution time: 1.27ms; select * from `admins` where `id` = "2" limit 1

 execution time: 1.35ms; select * from `admins` where `id` = "2" limit 1

 execution time: 1.74ms; select * from `admins` where `id` = "2" limit 1

 execution time: 1.34ms; select * from `admins` where `id` = "2" limit 1

 execution time: 1.39ms; select * from `admins` where `id` = "2" limit 1

 execution time: 1.33ms; select * from `admins` where `id` = "2" limit 1

 execution time: 1.43ms; select * from `admins` where `id` = "2" limit 1

 execution time: 1.82ms; select * from `admins` where `id` = "2" limit 1

 execution time: 1.37ms; select * from `admins` where `id` = "2" limit 1

 execution time: 1.38ms; select * from `admins` where `id` = "2" limit 1

 execution time: 1.34ms; select * from `admins` where `id` = "2" limit 1

 execution time: 2.21ms; select * from `admins` where `id` = "2" limit 1

 execution time: 1.4ms; select * from `admins` where `id` = "2" limit 1

 execution time: 0.34ms; select exists(select * from `consume` where `month` = "2019-10") as `exists`

 execution time: 0.24ms; select exists(select * from `consume_detail` where `date` like "%2019-10%") as `exists`

 execution time: 0.28ms; select `category_id`, `month`, `id`, `real_amount` from `consume` where `month` = "2019-10"

 execution time: 0.34ms; select `id`, SUM(real_amount) as real_amount, `month` from `consume` where `month` like "%2019%" group by `month`

 execution time: 0.23ms; select `name`, `id` from `consume_category`

 execution time: 0.35ms; select `id`, SUM(amount) as amount, `date` from `consume_detail` where `date` like "%2019-10%" group by `date`

 execution time: 1.41ms; select * from `admins` where `id` = "2" limit 1

 execution time: 1.97ms; select * from `admins` where `id` = "2" limit 1

 execution time: 1.81ms; select count(*) as aggregate from `article`

 execution time: 0.37ms; select * from `article` order by `update_at` desc limit 3 offset 0

 execution time: 0.33ms; select count(*) as aggregate from `article`

 execution time: 0.29ms; select * from `article` order by `update_at` desc limit 6 offset 0

 execution time: 0.22ms; select count(*) as aggregate from `article`

 execution time: 0.3ms; select * from `article` order by `create_at` desc limit 6 offset 0

 execution time: 0.22ms; select count(*) as aggregate from `article`

 execution time: 0.27ms; select * from `article` order by `browse` desc limit 6 offset 0

 execution time: 1.28ms; select count(*) as aggregate from `article`

 execution time: 0.48ms; select * from `article` order by `update_at` desc limit 3 offset 0

 execution time: 0.22ms; select count(*) as aggregate from `article`

 execution time: 0.36ms; select * from `article` order by `update_at` desc limit 6 offset 0

 execution time: 0.22ms; select count(*) as aggregate from `article`

 execution time: 0.26ms; select * from `article` order by `create_at` desc limit 6 offset 0

 execution time: 0.26ms; select count(*) as aggregate from `article`

 execution time: 0.27ms; select * from `article` order by `browse` desc limit 6 offset 0

 execution time: 1.29ms; select count(*) as aggregate from `article`

 execution time: 0.45ms; select * from `article` order by `update_at` desc limit 3 offset 0

 execution time: 0.22ms; select count(*) as aggregate from `article`

 execution time: 0.38ms; select * from `article` order by `update_at` desc limit 6 offset 0

 execution time: 0.21ms; select count(*) as aggregate from `article`

 execution time: 0.29ms; select * from `article` order by `create_at` desc limit 6 offset 0

 execution time: 0.26ms; select count(*) as aggregate from `article`

 execution time: 0.3ms; select * from `article` order by `browse` desc limit 6 offset 0

 execution time: 2.11ms; select exists(select * from `article` where `title` like "%PHP%") as `exists`

 execution time: 0.46ms; select count(*) as aggregate from `article` where `title` like "%PHP%"

 execution time: 0.55ms; select * from `article` where `title` like "%PHP%" limit 15 offset 0

 execution time: 1.6ms; select count(*) as aggregate from `article`

 execution time: 0.49ms; select * from `article` order by `update_at` desc limit 3 offset 0

 execution time: 0.24ms; select count(*) as aggregate from `article`

 execution time: 0.36ms; select * from `article` order by `update_at` desc limit 6 offset 0

 execution time: 0.21ms; select count(*) as aggregate from `article`

 execution time: 0.34ms; select * from `article` order by `create_at` desc limit 6 offset 0

 execution time: 0.21ms; select count(*) as aggregate from `article`

 execution time: 0.27ms; select * from `article` order by `browse` desc limit 6 offset 0

 execution time: 1.81ms; select count(*) as aggregate from `article`

 execution time: 0.47ms; select * from `article` order by `update_at` desc limit 3 offset 0

 execution time: 0.25ms; select count(*) as aggregate from `article`

 execution time: 0.37ms; select * from `article` order by `update_at` desc limit 6 offset 0

 execution time: 0.22ms; select count(*) as aggregate from `article`

 execution time: 0.27ms; select * from `article` order by `create_at` desc limit 6 offset 0

 execution time: 0.3ms; select count(*) as aggregate from `article`

 execution time: 0.27ms; select * from `article` order by `browse` desc limit 6 offset 0

 execution time: 2.13ms; select count(*) as aggregate from `article`

 execution time: 0.37ms; select * from `article` order by `update_at` desc limit 3 offset 0

 execution time: 0.31ms; select count(*) as aggregate from `article`

 execution time: 0.3ms; select * from `article` order by `update_at` desc limit 6 offset 0

 execution time: 0.22ms; select count(*) as aggregate from `article`

 execution time: 0.3ms; select * from `article` order by `create_at` desc limit 6 offset 0

 execution time: 0.23ms; select count(*) as aggregate from `article`

 execution time: 0.29ms; select * from `article` order by `browse` desc limit 6 offset 0

 execution time: 1.29ms; select count(*) as aggregate from `article`

 execution time: 0.47ms; select * from `article` order by `update_at` desc limit 3 offset 0

 execution time: 0.23ms; select count(*) as aggregate from `article`

 execution time: 0.35ms; select * from `article` order by `update_at` desc limit 6 offset 0

 execution time: 0.22ms; select count(*) as aggregate from `article`

 execution time: 0.26ms; select * from `article` order by `create_at` desc limit 6 offset 0

 execution time: 0.27ms; select count(*) as aggregate from `article`

 execution time: 0.34ms; select * from `article` order by `browse` desc limit 6 offset 0

 execution time: 1.4ms; select count(*) as aggregate from `article`

 execution time: 0.48ms; select * from `article` order by `update_at` desc limit 3 offset 0

 execution time: 0.27ms; select count(*) as aggregate from `article`

 execution time: 0.36ms; select * from `article` order by `update_at` desc limit 6 offset 0

 execution time: 0.24ms; select count(*) as aggregate from `article`

 execution time: 0.27ms; select * from `article` order by `create_at` desc limit 6 offset 0

 execution time: 0.31ms; select count(*) as aggregate from `article`

 execution time: 0.28ms; select * from `article` order by `browse` desc limit 6 offset 0

 execution time: 1.89ms; select count(*) as aggregate from `article`

 execution time: 0.47ms; select * from `article` order by `update_at` desc limit 3 offset 0

 execution time: 0.25ms; select count(*) as aggregate from `article`

 execution time: 0.36ms; select * from `article` order by `update_at` desc limit 6 offset 0

 execution time: 0.23ms; select count(*) as aggregate from `article`

 execution time: 0.27ms; select * from `article` order by `create_at` desc limit 6 offset 0

 execution time: 0.26ms; select count(*) as aggregate from `article`

 execution time: 0.27ms; select * from `article` order by `browse` desc limit 6 offset 0

 execution time: 2.19ms; select count(*) as aggregate from `article`

 execution time: 0.5ms; select * from `article` order by `update_at` desc limit 3 offset 0

 execution time: 0.23ms; select count(*) as aggregate from `article`

 execution time: 0.43ms; select * from `article` order by `update_at` desc limit 6 offset 0

 execution time: 0.22ms; select count(*) as aggregate from `article`

 execution time: 0.31ms; select * from `article` order by `create_at` desc limit 6 offset 0

 execution time: 0.21ms; select count(*) as aggregate from `article`

 execution time: 0.29ms; select * from `article` order by `browse` desc limit 6 offset 0

 execution time: 1.5ms; select count(*) as aggregate from `article`

 execution time: 0.45ms; select * from `article` order by `update_at` desc limit 3 offset 0

 execution time: 0.22ms; select count(*) as aggregate from `article`

 execution time: 0.34ms; select * from `article` order by `update_at` desc limit 6 offset 0

 execution time: 0.21ms; select count(*) as aggregate from `article`

 execution time: 0.24ms; select * from `article` order by `create_at` desc limit 6 offset 0

 execution time: 0.28ms; select count(*) as aggregate from `article`

 execution time: 0.26ms; select * from `article` order by `browse` desc limit 6 offset 0

 execution time: 1.38ms; select count(*) as aggregate from `article`

 execution time: 0.47ms; select * from `article` order by `update_at` desc limit 3 offset 0

 execution time: 0.22ms; select count(*) as aggregate from `article`

 execution time: 0.35ms; select * from `article` order by `update_at` desc limit 6 offset 0

 execution time: 0.22ms; select count(*) as aggregate from `article`

 execution time: 0.26ms; select * from `article` order by `create_at` desc limit 6 offset 0

 execution time: 0.27ms; select count(*) as aggregate from `article`

 execution time: 0.27ms; select * from `article` order by `browse` desc limit 6 offset 0

 execution time: 8.78ms; select `id`, SUM(amount) as amount, `consume_id`, `date` from `consume_detail` group by `consume_id`

 execution time: 0.61ms; select * from `consume` where `consume`.`id` = "1" limit 1

 execution time: 0.51ms; update `consume` set `update_at` = "1572448982" where `id` = "1"

 execution time: 0.42ms; select * from `consume` where `consume`.`id` = "2" limit 1

 execution time: 0.48ms; update `consume` set `update_at` = "1572448982" where `id` = "2"

 execution time: 0.4ms; select * from `consume` where `consume`.`id` = "8" limit 1

 execution time: 0.41ms; update `consume` set `update_at` = "1572448982" where `id` = "8"

 execution time: 0.37ms; select * from `consume` where `consume`.`id` = "19" limit 1

 execution time: 0.43ms; update `consume` set `update_at` = "1572448982" where `id` = "19"

 execution time: 0.37ms; select * from `consume` where `consume`.`id` = "27" limit 1

 execution time: 30.86ms; update `consume` set `update_at` = "1572448982" where `id` = "27"

 execution time: 0.66ms; select * from `consume` where `consume`.`id` = "31" limit 1

 execution time: 0.46ms; update `consume` set `update_at` = "1572448982" where `id` = "31"

 execution time: 0.4ms; select * from `consume` where `consume`.`id` = "33" limit 1

 execution time: 0.33ms; update `consume` set `update_at` = "1572448982" where `id` = "33"

 execution time: 0.48ms; select * from `consume` where `consume`.`id` = "126" limit 1

 execution time: 0.35ms; update `consume` set `update_at` = "1572448982" where `id` = "126"

 execution time: 0.45ms; select * from `consume` where `consume`.`id` = "128" limit 1

 execution time: 0.34ms; update `consume` set `update_at` = "1572448982" where `id` = "128"

 execution time: 0.5ms; select * from `consume` where `consume`.`id` = "164" limit 1

 execution time: 0.38ms; update `consume` set `update_at` = "1572448982" where `id` = "164"

 execution time: 0.48ms; select * from `consume` where `consume`.`id` = "190" limit 1

 execution time: 0.31ms; update `consume` set `update_at` = "1572448982" where `id` = "190"

 execution time: 0.47ms; select * from `consume` where `consume`.`id` = "202" limit 1

 execution time: 0.35ms; update `consume` set `update_at` = "1572448982" where `id` = "202"

 execution time: 0.45ms; select * from `consume` where `consume`.`id` = "209" limit 1

 execution time: 0.34ms; update `consume` set `real_amount` = "198096", `update_at` = "1572448982" where `id` = "209"

 execution time: 0.49ms; select * from `consume` where `consume`.`id` = "210" limit 1

 execution time: 0.32ms; update `consume` set `real_amount` = "63290", `update_at` = "1572448982" where `id` = "210"

 execution time: 0.48ms; select * from `consume` where `consume`.`id` = "211" limit 1

 execution time: 1.36ms; update `consume` set `update_at` = "1572448982" where `id` = "211"

 execution time: 1.01ms; select * from `consume` where `consume`.`id` = "213" limit 1

 execution time: 0.38ms; update `consume` set `real_amount` = "77714", `update_at` = "1572448982" where `id` = "213"

 execution time: 0.49ms; select * from `consume` where `consume`.`id` = "214" limit 1

 execution time: 0.39ms; update `consume` set `update_at` = "1572448982" where `id` = "214"

 execution time: 0.46ms; select * from `consume` where `consume`.`id` = "215" limit 1

 execution time: 0.32ms; update `consume` set `update_at` = "1572448982" where `id` = "215"

 execution time: 0.48ms; select * from `consume` where `consume`.`id` = "219" limit 1

 execution time: 4.88ms; update `consume` set `update_at` = "1572448982" where `id` = "219"

 execution time: 0.5ms; select * from `consume` where `consume`.`id` = "221" limit 1

 execution time: 0.32ms; update `consume` set `update_at` = "1572448982" where `id` = "221"

 execution time: 0.5ms; select * from `consume` where `consume`.`id` = "223" limit 1

 execution time: 0.32ms; update `consume` set `update_at` = "1572448982" where `id` = "223"

 execution time: 0.5ms; select * from `consume` where `consume`.`id` = "236" limit 1

 execution time: 0.33ms; update `consume` set `update_at` = "1572448982" where `id` = "236"

 execution time: 0.45ms; select * from `consume` where `consume`.`id` = "255" limit 1

 execution time: 1.08ms; update `consume` set `update_at` = "1572448982" where `id` = "255"

 execution time: 0.38ms; select * from `consume` where `consume`.`id` = "381" limit 1

 execution time: 0.46ms; update `consume` set `update_at` = "1572448982" where `id` = "381"

 execution time: 0.36ms; select * from `consume` where `consume`.`id` = "391" limit 1

 execution time: 0.44ms; update `consume` set `real_amount` = "5000", `update_at` = "1572448982" where `id` = "391"

 execution time: 0.4ms; select * from `consume` where `consume`.`id` = "535" limit 1

 execution time: 0.4ms; update `consume` set `update_at` = "1572448982" where `id` = "535"

 execution time: 0.39ms; select * from `consume` where `consume`.`id` = "545" limit 1

 execution time: 0.41ms; update `consume` set `update_at` = "1572448982" where `id` = "545"

 execution time: 0.37ms; select * from `consume` where `consume`.`id` = "546" limit 1

 execution time: 0.46ms; update `consume` set `update_at` = "1572448982" where `id` = "546"

 execution time: 0.36ms; select * from `consume` where `consume`.`id` = "547" limit 1

 execution time: 0.43ms; update `consume` set `update_at` = "1572448982" where `id` = "547"

 execution time: 0.4ms; select * from `consume` where `consume`.`id` = "548" limit 1

 execution time: 0.41ms; update `consume` set `update_at` = "1572448982" where `id` = "548"

 execution time: 0.37ms; select * from `consume` where `consume`.`id` = "549" limit 1

 execution time: 0.42ms; update `consume` set `update_at` = "1572448982" where `id` = "549"

 execution time: 0.37ms; select * from `consume` where `consume`.`id` = "550" limit 1

 execution time: 1.27ms; update `consume` set `update_at` = "1572448982" where `id` = "550"

 execution time: 1.09ms; select * from `consume` where `consume`.`id` = "551" limit 1

 execution time: 0.32ms; update `consume` set `update_at` = "1572448982" where `id` = "551"

 execution time: 0.48ms; select * from `consume` where `consume`.`id` = "552" limit 1

 execution time: 0.34ms; update `consume` set `update_at` = "1572448982" where `id` = "552"

 execution time: 0.47ms; select * from `consume` where `consume`.`id` = "553" limit 1

 execution time: 0.33ms; update `consume` set `update_at` = "1572448982" where `id` = "553"

 execution time: 0.49ms; select * from `consume` where `consume`.`id` = "554" limit 1

 execution time: 0.31ms; update `consume` set `update_at` = "1572448982" where `id` = "554"

 execution time: 0.49ms; select * from `consume` where `consume`.`id` = "555" limit 1

 execution time: 0.31ms; update `consume` set `update_at` = "1572448982" where `id` = "555"

 execution time: 0.46ms; select * from `consume` where `consume`.`id` = "556" limit 1

 execution time: 0.35ms; update `consume` set `update_at` = "1572448982" where `id` = "556"

 execution time: 0.46ms; select * from `consume` where `consume`.`id` = "557" limit 1

 execution time: 0.31ms; update `consume` set `update_at` = "1572448982" where `id` = "557"

 execution time: 0.48ms; select * from `consume` where `consume`.`id` = "560" limit 1

 execution time: 0.31ms; update `consume` set `update_at` = "1572448982" where `id` = "560"

 execution time: 0.49ms; select * from `consume` where `consume`.`id` = "561" limit 1

 execution time: 0.33ms; update `consume` set `update_at` = "1572448982" where `id` = "561"

 execution time: 0.46ms; select * from `consume` where `consume`.`id` = "563" limit 1

 execution time: 1.06ms; update `consume` set `update_at` = "1572448982" where `id` = "563"

 execution time: 0.4ms; select * from `consume` where `consume`.`id` = "566" limit 1

 execution time: 0.49ms; update `consume` set `update_at` = "1572448982" where `id` = "566"

 execution time: 0.36ms; select * from `consume` where `consume`.`id` = "567" limit 1

 execution time: 0.44ms; update `consume` set `real_amount` = "9540", `update_at` = "1572448982" where `id` = "567"

 execution time: 0.4ms; select * from `consume` where `consume`.`id` = "568" limit 1

 execution time: 0.42ms; update `consume` set `real_amount` = "4780", `update_at` = "1572448982" where `id` = "568"

 execution time: 1.29ms; select count(*) as aggregate from `article`

 execution time: 0.47ms; select * from `article` order by `update_at` desc limit 3 offset 0

 execution time: 0.24ms; select count(*) as aggregate from `article`

 execution time: 0.34ms; select * from `article` order by `update_at` desc limit 6 offset 0

 execution time: 0.23ms; select count(*) as aggregate from `article`

 execution time: 0.24ms; select * from `article` order by `create_at` desc limit 6 offset 0

 execution time: 0.27ms; select count(*) as aggregate from `article`

 execution time: 0.26ms; select * from `article` order by `browse` desc limit 6 offset 0

 execution time: 1.2ms; select count(*) as aggregate from `article`

 execution time: 0.45ms; select * from `article` order by `update_at` desc limit 3 offset 0

 execution time: 0.23ms; select count(*) as aggregate from `article`

 execution time: 0.35ms; select * from `article` order by `update_at` desc limit 6 offset 0

 execution time: 0.23ms; select count(*) as aggregate from `article`

 execution time: 0.24ms; select * from `article` order by `create_at` desc limit 6 offset 0

 execution time: 0.27ms; select count(*) as aggregate from `article`

 execution time: 0.26ms; select * from `article` order by `browse` desc limit 6 offset 0

 execution time: 2.33ms; select count(*) as aggregate from `article`

 execution time: 0.45ms; select * from `article` order by `update_at` desc limit 3 offset 0

 execution time: 0.22ms; select count(*) as aggregate from `article`

 execution time: 0.35ms; select * from `article` order by `update_at` desc limit 6 offset 0

 execution time: 0.21ms; select count(*) as aggregate from `article`

 execution time: 0.26ms; select * from `article` order by `create_at` desc limit 6 offset 0

 execution time: 0.27ms; select count(*) as aggregate from `article`

 execution time: 0.27ms; select * from `article` order by `browse` desc limit 6 offset 0

 execution time: 1.38ms; select count(*) as aggregate from `article`

 execution time: 0.46ms; select * from `article` order by `update_at` desc limit 3 offset 0

 execution time: 0.22ms; select count(*) as aggregate from `article`

 execution time: 0.33ms; select * from `article` order by `update_at` desc limit 6 offset 0

 execution time: 0.22ms; select count(*) as aggregate from `article`

 execution time: 0.24ms; select * from `article` order by `create_at` desc limit 6 offset 0

 execution time: 0.27ms; select count(*) as aggregate from `article`

 execution time: 0.26ms; select * from `article` order by `browse` desc limit 6 offset 0

 execution time: 1.28ms; select count(*) as aggregate from `article`

 execution time: 0.5ms; select * from `article` order by `update_at` desc limit 3 offset 0

 execution time: 0.21ms; select count(*) as aggregate from `article`

 execution time: 0.35ms; select * from `article` order by `update_at` desc limit 6 offset 0

 execution time: 0.2ms; select count(*) as aggregate from `article`

 execution time: 0.24ms; select * from `article` order by `create_at` desc limit 6 offset 0

 execution time: 0.25ms; select count(*) as aggregate from `article`

 execution time: 0.28ms; select * from `article` order by `browse` desc limit 6 offset 0

 execution time: 1.32ms; select count(*) as aggregate from `article`

 execution time: 0.49ms; select * from `article` order by `update_at` desc limit 3 offset 0

 execution time: 0.21ms; select count(*) as aggregate from `article`

 execution time: 0.38ms; select * from `article` order by `update_at` desc limit 6 offset 0

 execution time: 0.21ms; select count(*) as aggregate from `article`

 execution time: 0.29ms; select * from `article` order by `create_at` desc limit 6 offset 0

 execution time: 0.25ms; select count(*) as aggregate from `article`

 execution time: 0.31ms; select * from `article` order by `browse` desc limit 6 offset 0

 execution time: 1.49ms; select count(*) as aggregate from `article`

 execution time: 0.47ms; select * from `article` order by `update_at` desc limit 3 offset 0

 execution time: 0.23ms; select count(*) as aggregate from `article`

 execution time: 0.34ms; select * from `article` order by `update_at` desc limit 6 offset 0

 execution time: 0.22ms; select count(*) as aggregate from `article`

 execution time: 0.24ms; select * from `article` order by `create_at` desc limit 6 offset 0

 execution time: 0.25ms; select count(*) as aggregate from `article`

 execution time: 0.27ms; select * from `article` order by `browse` desc limit 6 offset 0

 execution time: 1.34ms; select count(*) as aggregate from `article`

 execution time: 0.48ms; select * from `article` order by `update_at` desc limit 3 offset 0

 execution time: 0.25ms; select count(*) as aggregate from `article`

 execution time: 0.36ms; select * from `article` order by `update_at` desc limit 6 offset 0

 execution time: 0.23ms; select count(*) as aggregate from `article`

 execution time: 0.27ms; select * from `article` order by `create_at` desc limit 6 offset 0

 execution time: 0.28ms; select count(*) as aggregate from `article`

 execution time: 0.28ms; select * from `article` order by `browse` desc limit 6 offset 0

 execution time: 1.19ms; select count(*) as aggregate from `article`

 execution time: 0.44ms; select * from `article` order by `update_at` desc limit 3 offset 0

 execution time: 0.27ms; select count(*) as aggregate from `article`

 execution time: 0.39ms; select * from `article` order by `update_at` desc limit 6 offset 0

 execution time: 0.21ms; select count(*) as aggregate from `article`

 execution time: 0.27ms; select * from `article` order by `create_at` desc limit 6 offset 0

 execution time: 0.28ms; select count(*) as aggregate from `article`

 execution time: 0.28ms; select * from `article` order by `browse` desc limit 6 offset 0

 execution time: 1.38ms; select count(*) as aggregate from `article`

 execution time: 0.56ms; select * from `article` order by `update_at` desc limit 3 offset 0

 execution time: 0.32ms; select count(*) as aggregate from `article`

 execution time: 0.32ms; select * from `article` order by `update_at` desc limit 6 offset 0

 execution time: 0.22ms; select count(*) as aggregate from `article`

 execution time: 0.32ms; select * from `article` order by `create_at` desc limit 6 offset 0

 execution time: 0.2ms; select count(*) as aggregate from `article`

 execution time: 0.3ms; select * from `article` order by `browse` desc limit 6 offset 0

 execution time: 1.26ms; select count(*) as aggregate from `article`

 execution time: 0.5ms; select * from `article` order by `update_at` desc limit 3 offset 0

 execution time: 0.23ms; select count(*) as aggregate from `article`

 execution time: 0.34ms; select * from `article` order by `update_at` desc limit 6 offset 0

 execution time: 0.23ms; select count(*) as aggregate from `article`

 execution time: 0.24ms; select * from `article` order by `create_at` desc limit 6 offset 0

 execution time: 0.27ms; select count(*) as aggregate from `article`

 execution time: 0.26ms; select * from `article` order by `browse` desc limit 6 offset 0

 execution time: 1.15ms; select count(*) as aggregate from `article`

 execution time: 0.45ms; select * from `article` order by `update_at` desc limit 3 offset 0

 execution time: 0.3ms; select count(*) as aggregate from `article`

 execution time: 0.38ms; select * from `article` order by `update_at` desc limit 6 offset 0

 execution time: 0.25ms; select count(*) as aggregate from `article`

 execution time: 0.33ms; select * from `article` order by `create_at` desc limit 6 offset 0

 execution time: 0.2ms; select count(*) as aggregate from `article`

 execution time: 0.27ms; select * from `article` order by `browse` desc limit 6 offset 0

 execution time: 1.26ms; select count(*) as aggregate from `article`

 execution time: 0.45ms; select * from `article` order by `update_at` desc limit 3 offset 0

 execution time: 0.21ms; select count(*) as aggregate from `article`

 execution time: 0.34ms; select * from `article` order by `update_at` desc limit 6 offset 0

 execution time: 0.2ms; select count(*) as aggregate from `article`

 execution time: 0.24ms; select * from `article` order by `create_at` desc limit 6 offset 0

 execution time: 0.27ms; select count(*) as aggregate from `article`

 execution time: 0.26ms; select * from `article` order by `browse` desc limit 6 offset 0

 execution time: 1.16ms; select count(*) as aggregate from `article`

 execution time: 0.47ms; select * from `article` order by `update_at` desc limit 3 offset 0

 execution time: 0.23ms; select count(*) as aggregate from `article`

 execution time: 0.37ms; select * from `article` order by `update_at` desc limit 6 offset 0

 execution time: 0.2ms; select count(*) as aggregate from `article`

 execution time: 0.25ms; select * from `article` order by `create_at` desc limit 6 offset 0

 execution time: 0.25ms; select count(*) as aggregate from `article`

 execution time: 0.28ms; select * from `article` order by `browse` desc limit 6 offset 0

 execution time: 1.96ms; select count(*) as aggregate from `article`

 execution time: 0.35ms; select * from `article` order by `update_at` desc limit 3 offset 0

 execution time: 0.34ms; select count(*) as aggregate from `article`

 execution time: 0.29ms; select * from `article` order by `update_at` desc limit 6 offset 0

 execution time: 0.22ms; select count(*) as aggregate from `article`

 execution time: 0.29ms; select * from `article` order by `create_at` desc limit 6 offset 0

 execution time: 0.2ms; select count(*) as aggregate from `article`

 execution time: 0.27ms; select * from `article` order by `browse` desc limit 6 offset 0

 execution time: 1.27ms; select count(*) as aggregate from `article`

 execution time: 0.47ms; select * from `article` order by `update_at` desc limit 3 offset 0

 execution time: 0.23ms; select count(*) as aggregate from `article`

 execution time: 0.35ms; select * from `article` order by `update_at` desc limit 6 offset 0

 execution time: 0.22ms; select count(*) as aggregate from `article`

 execution time: 0.25ms; select * from `article` order by `create_at` desc limit 6 offset 0

 execution time: 0.27ms; select count(*) as aggregate from `article`

 execution time: 0.27ms; select * from `article` order by `browse` desc limit 6 offset 0

 execution time: 1.87ms; select count(*) as aggregate from `article`

 execution time: 0.67ms; select * from `article` order by `update_at` desc limit 3 offset 0

 execution time: 0.31ms; select count(*) as aggregate from `article`

 execution time: 0.32ms; select * from `article` order by `update_at` desc limit 6 offset 0

 execution time: 0.23ms; select count(*) as aggregate from `article`

 execution time: 0.32ms; select * from `article` order by `create_at` desc limit 6 offset 0

 execution time: 0.22ms; select count(*) as aggregate from `article`

 execution time: 0.3ms; select * from `article` order by `browse` desc limit 6 offset 0

 execution time: 1.99ms; select count(*) as aggregate from `article`

 execution time: 0.38ms; select * from `article` order by `update_at` desc limit 3 offset 0

 execution time: 0.39ms; select count(*) as aggregate from `article`

 execution time: 0.3ms; select * from `article` order by `update_at` desc limit 6 offset 0

 execution time: 0.29ms; select count(*) as aggregate from `article`

 execution time: 0.25ms; select * from `article` order by `create_at` desc limit 6 offset 0

 execution time: 0.23ms; select count(*) as aggregate from `article`

 execution time: 0.33ms; select * from `article` order by `browse` desc limit 6 offset 0

 execution time: 1.28ms; select count(*) as aggregate from `article`

 execution time: 0.66ms; select * from `article` order by `update_at` desc limit 3 offset 0

 execution time: 0.34ms; select count(*) as aggregate from `article`

 execution time: 0.29ms; select * from `article` order by `update_at` desc limit 6 offset 0

 execution time: 0.22ms; select count(*) as aggregate from `article`

 execution time: 0.3ms; select * from `article` order by `create_at` desc limit 6 offset 0

 execution time: 0.22ms; select count(*) as aggregate from `article`

 execution time: 0.27ms; select * from `article` order by `browse` desc limit 6 offset 0

 execution time: 1.71ms; select count(*) as aggregate from `article`

 execution time: 0.45ms; select * from `article` order by `update_at` desc limit 3 offset 0

 execution time: 0.33ms; select count(*) as aggregate from `article`

 execution time: 0.35ms; select * from `article` order by `update_at` desc limit 6 offset 0

 execution time: 0.3ms; select count(*) as aggregate from `article`

 execution time: 0.26ms; select * from `article` order by `create_at` desc limit 6 offset 0

 execution time: 0.21ms; select count(*) as aggregate from `article`

 execution time: 0.34ms; select * from `article` order by `browse` desc limit 6 offset 0

 execution time: 1.58ms; select exists(select * from `article` where `title` like "%习惯%") as `exists`

 execution time: 0.48ms; select count(*) as aggregate from `article` where `title` like "%习惯%"

 execution time: 0.56ms; select * from `article` where `title` like "%习惯%" limit 15 offset 0

 execution time: 1.31ms; select count(*) as aggregate from `article`

 execution time: 0.48ms; select * from `article` order by `update_at` desc limit 3 offset 0

 execution time: 0.23ms; select count(*) as aggregate from `article`

 execution time: 0.35ms; select * from `article` order by `update_at` desc limit 6 offset 0

 execution time: 0.23ms; select count(*) as aggregate from `article`

 execution time: 0.27ms; select * from `article` order by `create_at` desc limit 6 offset 0

 execution time: 0.28ms; select count(*) as aggregate from `article`

 execution time: 0.27ms; select * from `article` order by `browse` desc limit 6 offset 0

 execution time: 1.33ms; select count(*) as aggregate from `article`

 execution time: 0.45ms; select * from `article` order by `update_at` desc limit 3 offset 0

 execution time: 0.22ms; select count(*) as aggregate from `article`

 execution time: 0.35ms; select * from `article` order by `update_at` desc limit 6 offset 0

 execution time: 0.24ms; select count(*) as aggregate from `article`

 execution time: 0.26ms; select * from `article` order by `create_at` desc limit 6 offset 0

 execution time: 0.28ms; select count(*) as aggregate from `article`

 execution time: 0.27ms; select * from `article` order by `browse` desc limit 6 offset 0

