 execution time: 1.3ms; select count(*) as aggregate from `article`

 execution time: 0.46ms; select * from `article` order by `update_at` desc limit 3 offset 0

 execution time: 0.22ms; select count(*) as aggregate from `article`

 execution time: 0.34ms; select * from `article` order by `update_at` desc limit 6 offset 0

 execution time: 0.21ms; select count(*) as aggregate from `article`

 execution time: 0.31ms; select * from `article` order by `create_at` desc limit 6 offset 0

 execution time: 0.19ms; select count(*) as aggregate from `article`

 execution time: 0.25ms; select * from `article` order by `browse` desc limit 6 offset 0

 execution time: 1.18ms; select count(*) as aggregate from `article`

 execution time: 0.51ms; select * from `article` order by `update_at` desc limit 3 offset 0

 execution time: 0.28ms; select count(*) as aggregate from `article`

 execution time: 0.34ms; select * from `article` order by `update_at` desc limit 6 offset 0

 execution time: 0.23ms; select count(*) as aggregate from `article`

 execution time: 0.24ms; select * from `article` order by `create_at` desc limit 6 offset 0

 execution time: 0.28ms; select count(*) as aggregate from `article`

 execution time: 0.27ms; select * from `article` order by `browse` desc limit 6 offset 0

 execution time: 1.2ms; select count(*) as aggregate from `article`

 execution time: 0.49ms; select * from `article` order by `update_at` desc limit 3 offset 0

 execution time: 0.21ms; select count(*) as aggregate from `article`

 execution time: 0.3ms; select * from `article` order by `update_at` desc limit 6 offset 0

 execution time: 0.21ms; select count(*) as aggregate from `article`

 execution time: 0.31ms; select * from `article` order by `create_at` desc limit 6 offset 0

 execution time: 0.2ms; select count(*) as aggregate from `article`

 execution time: 0.25ms; select * from `article` order by `browse` desc limit 6 offset 0

 execution time: 1.18ms; select count(*) as aggregate from `article`

 execution time: 0.36ms; select * from `article` order by `update_at` desc limit 3 offset 0

 execution time: 0.21ms; select count(*) as aggregate from `article`

 execution time: 0.29ms; select * from `article` order by `update_at` desc limit 6 offset 0

 execution time: 0.2ms; select count(*) as aggregate from `article`

 execution time: 0.25ms; select * from `article` order by `create_at` desc limit 6 offset 0

 execution time: 0.2ms; select count(*) as aggregate from `article`

 execution time: 0.29ms; select * from `article` order by `browse` desc limit 6 offset 0

 execution time: 1.18ms; select count(*) as aggregate from `article`

 execution time: 0.46ms; select * from `article` order by `update_at` desc limit 3 offset 0

 execution time: 0.21ms; select count(*) as aggregate from `article`

 execution time: 0.31ms; select * from `article` order by `update_at` desc limit 6 offset 0

 execution time: 0.32ms; select count(*) as aggregate from `article`

 execution time: 0.27ms; select * from `article` order by `create_at` desc limit 6 offset 0

 execution time: 0.19ms; select count(*) as aggregate from `article`

 execution time: 0.34ms; select * from `article` order by `browse` desc limit 6 offset 0

 execution time: 1.07ms; select count(*) as aggregate from `article`

 execution time: 0.34ms; select * from `article` order by `update_at` desc limit 3 offset 0

 execution time: 0.33ms; select count(*) as aggregate from `article`

 execution time: 0.29ms; select * from `article` order by `update_at` desc limit 6 offset 0

 execution time: 0.2ms; select count(*) as aggregate from `article`

 execution time: 0.28ms; select * from `article` order by `create_at` desc limit 6 offset 0

 execution time: 0.19ms; select count(*) as aggregate from `article`

 execution time: 0.33ms; select * from `article` order by `browse` desc limit 6 offset 0

 execution time: 1.14ms; select count(*) as aggregate from `article`

 execution time: 0.35ms; select * from `article` order by `update_at` desc limit 3 offset 0

 execution time: 0.22ms; select count(*) as aggregate from `article`

 execution time: 0.35ms; select * from `article` order by `update_at` desc limit 6 offset 0

 execution time: 0.21ms; select count(*) as aggregate from `article`

 execution time: 0.25ms; select * from `article` order by `create_at` desc limit 6 offset 0

 execution time: 0.2ms; select count(*) as aggregate from `article`

 execution time: 0.27ms; select * from `article` order by `browse` desc limit 6 offset 0

 execution time: 1.19ms; select count(*) as aggregate from `article`

 execution time: 0.33ms; select * from `article` order by `update_at` desc limit 3 offset 0

 execution time: 0.32ms; select count(*) as aggregate from `article`

 execution time: 0.3ms; select * from `article` order by `update_at` desc limit 6 offset 0

 execution time: 0.19ms; select count(*) as aggregate from `article`

 execution time: 0.26ms; select * from `article` order by `create_at` desc limit 6 offset 0

 execution time: 0.19ms; select count(*) as aggregate from `article`

 execution time: 0.3ms; select * from `article` order by `browse` desc limit 6 offset 0

 execution time: 1.21ms; select count(*) as aggregate from `article`

 execution time: 0.36ms; select * from `article` order by `update_at` desc limit 3 offset 0

 execution time: 0.27ms; select count(*) as aggregate from `article`

 execution time: 0.28ms; select * from `article` order by `update_at` desc limit 6 offset 0

 execution time: 0.23ms; select count(*) as aggregate from `article`

 execution time: 0.26ms; select * from `article` order by `create_at` desc limit 6 offset 0

 execution time: 0.23ms; select count(*) as aggregate from `article`

 execution time: 0.26ms; select * from `article` order by `browse` desc limit 6 offset 0

 execution time: 1.22ms; select count(*) as aggregate from `article`

 execution time: 0.35ms; select * from `article` order by `update_at` desc limit 3 offset 0

 execution time: 0.22ms; select count(*) as aggregate from `article`

 execution time: 0.3ms; select * from `article` order by `update_at` desc limit 6 offset 0

 execution time: 0.21ms; select count(*) as aggregate from `article`

 execution time: 0.24ms; select * from `article` order by `create_at` desc limit 6 offset 0

 execution time: 0.42ms; select count(*) as aggregate from `article`

 execution time: 0.35ms; select * from `article` order by `browse` desc limit 6 offset 0

 execution time: 1.17ms; select count(*) as aggregate from `article`

 execution time: 0.48ms; select * from `article` order by `update_at` desc limit 3 offset 0

 execution time: 0.21ms; select count(*) as aggregate from `article`

 execution time: 0.35ms; select * from `article` order by `update_at` desc limit 6 offset 0

 execution time: 0.21ms; select count(*) as aggregate from `article`

 execution time: 0.26ms; select * from `article` order by `create_at` desc limit 6 offset 0

 execution time: 0.2ms; select count(*) as aggregate from `article`

 execution time: 0.28ms; select * from `article` order by `browse` desc limit 6 offset 0

 execution time: 1.23ms; select count(*) as aggregate from `article`

 execution time: 0.48ms; select * from `article` order by `update_at` desc limit 3 offset 0

 execution time: 0.24ms; select count(*) as aggregate from `article`

 execution time: 0.37ms; select * from `article` order by `update_at` desc limit 6 offset 0

 execution time: 0.2ms; select count(*) as aggregate from `article`

 execution time: 0.25ms; select * from `article` order by `create_at` desc limit 6 offset 0

 execution time: 0.2ms; select count(*) as aggregate from `article`

 execution time: 0.27ms; select * from `article` order by `browse` desc limit 6 offset 0

 execution time: 1.24ms; select count(*) as aggregate from `article`

 execution time: 0.34ms; select * from `article` order by `update_at` desc limit 3 offset 0

 execution time: 0.2ms; select count(*) as aggregate from `article`

 execution time: 0.36ms; select * from `article` order by `update_at` desc limit 6 offset 0

 execution time: 0.2ms; select count(*) as aggregate from `article`

 execution time: 0.54ms; select * from `article` order by `create_at` desc limit 6 offset 0

 execution time: 0.2ms; select count(*) as aggregate from `article`

 execution time: 0.28ms; select * from `article` order by `browse` desc limit 6 offset 0

 execution time: 1.12ms; select count(*) as aggregate from `article`

 execution time: 0.34ms; select * from `article` order by `update_at` desc limit 3 offset 0

 execution time: 0.3ms; select count(*) as aggregate from `article`

 execution time: 0.29ms; select * from `article` order by `update_at` desc limit 6 offset 0

 execution time: 0.2ms; select count(*) as aggregate from `article`

 execution time: 0.25ms; select * from `article` order by `create_at` desc limit 6 offset 0

 execution time: 0.19ms; select count(*) as aggregate from `article`

 execution time: 0.31ms; select * from `article` order by `browse` desc limit 6 offset 0

 execution time: 1.08ms; select count(*) as aggregate from `article`

 execution time: 0.42ms; select * from `article` order by `update_at` desc limit 3 offset 0

 execution time: 0.2ms; select count(*) as aggregate from `article`

 execution time: 0.35ms; select * from `article` order by `update_at` desc limit 6 offset 0

 execution time: 0.2ms; select count(*) as aggregate from `article`

 execution time: 0.23ms; select * from `article` order by `create_at` desc limit 6 offset 0

 execution time: 0.22ms; select count(*) as aggregate from `article`

 execution time: 0.25ms; select * from `article` order by `browse` desc limit 6 offset 0

 execution time: 1.54ms; select count(*) as aggregate from `article`

 execution time: 0.46ms; select * from `article` order by `update_at` desc limit 3 offset 0

 execution time: 0.22ms; select count(*) as aggregate from `article`

 execution time: 0.34ms; select * from `article` order by `update_at` desc limit 6 offset 0

 execution time: 0.21ms; select count(*) as aggregate from `article`

 execution time: 0.24ms; select * from `article` order by `create_at` desc limit 6 offset 0

 execution time: 0.2ms; select count(*) as aggregate from `article`

 execution time: 0.25ms; select * from `article` order by `browse` desc limit 6 offset 0

 execution time: 1.08ms; select count(*) as aggregate from `article`

 execution time: 0.33ms; select * from `article` order by `update_at` desc limit 3 offset 0

 execution time: 0.2ms; select count(*) as aggregate from `article`

 execution time: 0.29ms; select * from `article` order by `update_at` desc limit 6 offset 0

 execution time: 0.21ms; select count(*) as aggregate from `article`

 execution time: 0.31ms; select * from `article` order by `create_at` desc limit 6 offset 0

 execution time: 0.2ms; select count(*) as aggregate from `article`

 execution time: 0.25ms; select * from `article` order by `browse` desc limit 6 offset 0

 execution time: 1.1ms; select count(*) as aggregate from `article`

 execution time: 0.38ms; select * from `article` order by `update_at` desc limit 3 offset 0

 execution time: 0.29ms; select count(*) as aggregate from `article`

 execution time: 0.29ms; select * from `article` order by `update_at` desc limit 6 offset 0

 execution time: 0.3ms; select count(*) as aggregate from `article`

 execution time: 0.25ms; select * from `article` order by `create_at` desc limit 6 offset 0

 execution time: 0.2ms; select count(*) as aggregate from `article`

 execution time: 0.33ms; select * from `article` order by `browse` desc limit 6 offset 0

 execution time: 1.17ms; select count(*) as aggregate from `article`

 execution time: 0.41ms; select * from `article` order by `update_at` desc limit 3 offset 0

 execution time: 0.23ms; select count(*) as aggregate from `article`

 execution time: 0.32ms; select * from `article` order by `update_at` desc limit 6 offset 0

 execution time: 0.22ms; select count(*) as aggregate from `article`

 execution time: 0.25ms; select * from `article` order by `create_at` desc limit 6 offset 0

 execution time: 0.28ms; select count(*) as aggregate from `article`

 execution time: 0.27ms; select * from `article` order by `browse` desc limit 6 offset 0

 execution time: 1.16ms; select count(*) as aggregate from `article`

 execution time: 0.35ms; select * from `article` order by `update_at` desc limit 3 offset 0

 execution time: 0.22ms; select count(*) as aggregate from `article`

 execution time: 0.28ms; select * from `article` order by `update_at` desc limit 6 offset 0

 execution time: 0.22ms; select count(*) as aggregate from `article`

 execution time: 0.31ms; select * from `article` order by `create_at` desc limit 6 offset 0

 execution time: 0.2ms; select count(*) as aggregate from `article`

 execution time: 0.25ms; select * from `article` order by `browse` desc limit 6 offset 0

 execution time: 1.15ms; select count(*) as aggregate from `article`

 execution time: 0.36ms; select * from `article` order by `update_at` desc limit 3 offset 0

 execution time: 0.21ms; select count(*) as aggregate from `article`

 execution time: 0.28ms; select * from `article` order by `update_at` desc limit 6 offset 0

 execution time: 0.26ms; select count(*) as aggregate from `article`

 execution time: 0.25ms; select * from `article` order by `create_at` desc limit 6 offset 0

 execution time: 0.19ms; select count(*) as aggregate from `article`

 execution time: 0.38ms; select * from `article` order by `browse` desc limit 6 offset 0

 execution time: 1.22ms; select count(*) as aggregate from `article`

 execution time: 0.44ms; select * from `article` order by `update_at` desc limit 3 offset 0

 execution time: 0.2ms; select count(*) as aggregate from `article`

 execution time: 0.43ms; select * from `article` order by `update_at` desc limit 6 offset 0

 execution time: 0.2ms; select count(*) as aggregate from `article`

 execution time: 0.3ms; select * from `article` order by `create_at` desc limit 6 offset 0

 execution time: 0.2ms; select count(*) as aggregate from `article`

 execution time: 0.25ms; select * from `article` order by `browse` desc limit 6 offset 0

 execution time: 1.26ms; select count(*) as aggregate from `article`

 execution time: 0.52ms; select * from `article` order by `update_at` desc limit 3 offset 0

 execution time: 0.29ms; select count(*) as aggregate from `article`

 execution time: 0.33ms; select * from `article` order by `update_at` desc limit 6 offset 0

 execution time: 0.21ms; select count(*) as aggregate from `article`

 execution time: 0.32ms; select * from `article` order by `create_at` desc limit 6 offset 0

 execution time: 0.21ms; select count(*) as aggregate from `article`

 execution time: 0.37ms; select * from `article` order by `browse` desc limit 6 offset 0

 execution time: 1.2ms; select count(*) as aggregate from `article`

 execution time: 0.46ms; select * from `article` order by `update_at` desc limit 3 offset 0

 execution time: 0.23ms; select count(*) as aggregate from `article`

 execution time: 0.3ms; select * from `article` order by `update_at` desc limit 6 offset 0

 execution time: 0.22ms; select count(*) as aggregate from `article`

 execution time: 0.31ms; select * from `article` order by `create_at` desc limit 6 offset 0

 execution time: 0.2ms; select count(*) as aggregate from `article`

 execution time: 0.25ms; select * from `article` order by `browse` desc limit 6 offset 0

 execution time: 1.21ms; select count(*) as aggregate from `article`

 execution time: 0.34ms; select * from `article` order by `update_at` desc limit 3 offset 0

 execution time: 0.4ms; select count(*) as aggregate from `article`

 execution time: 0.3ms; select * from `article` order by `update_at` desc limit 6 offset 0

 execution time: 0.21ms; select count(*) as aggregate from `article`

 execution time: 0.26ms; select * from `article` order by `create_at` desc limit 6 offset 0

 execution time: 0.21ms; select count(*) as aggregate from `article`

 execution time: 0.32ms; select * from `article` order by `browse` desc limit 6 offset 0

 execution time: 1.21ms; select count(*) as aggregate from `article`

 execution time: 0.49ms; select * from `article` order by `update_at` desc limit 3 offset 0

 execution time: 0.22ms; select count(*) as aggregate from `article`

 execution time: 0.29ms; select * from `article` order by `update_at` desc limit 6 offset 0

 execution time: 0.21ms; select count(*) as aggregate from `article`

 execution time: 0.32ms; select * from `article` order by `create_at` desc limit 6 offset 0

 execution time: 0.21ms; select count(*) as aggregate from `article`

 execution time: 0.27ms; select * from `article` order by `browse` desc limit 6 offset 0

 execution time: 1.28ms; select count(*) as aggregate from `article`

 execution time: 0.5ms; select * from `article` order by `update_at` desc limit 3 offset 0

 execution time: 0.27ms; select count(*) as aggregate from `article`

 execution time: 0.3ms; select * from `article` order by `update_at` desc limit 6 offset 0

 execution time: 0.2ms; select count(*) as aggregate from `article`

 execution time: 0.31ms; select * from `article` order by `create_at` desc limit 6 offset 0

 execution time: 0.25ms; select count(*) as aggregate from `article`

 execution time: 0.28ms; select * from `article` order by `browse` desc limit 6 offset 0

 execution time: 1.78ms; select count(*) as aggregate from `article`

 execution time: 0.34ms; select * from `article` order by `update_at` desc limit 3 offset 0

 execution time: 0.34ms; select count(*) as aggregate from `article`

 execution time: 0.3ms; select * from `article` order by `update_at` desc limit 6 offset 0

 execution time: 0.2ms; select count(*) as aggregate from `article`

 execution time: 0.26ms; select * from `article` order by `create_at` desc limit 6 offset 0

 execution time: 0.2ms; select count(*) as aggregate from `article`

 execution time: 0.33ms; select * from `article` order by `browse` desc limit 6 offset 0

 execution time: 1.17ms; select count(*) as aggregate from `article`

 execution time: 0.49ms; select * from `article` order by `update_at` desc limit 3 offset 0

 execution time: 0.21ms; select count(*) as aggregate from `article`

 execution time: 0.3ms; select * from `article` order by `update_at` desc limit 6 offset 0

 execution time: 0.21ms; select count(*) as aggregate from `article`

 execution time: 0.36ms; select * from `article` order by `create_at` desc limit 6 offset 0

 execution time: 0.21ms; select count(*) as aggregate from `article`

 execution time: 0.27ms; select * from `article` order by `browse` desc limit 6 offset 0

 execution time: 1.32ms; select count(*) as aggregate from `article`

 execution time: 0.4ms; select * from `article` order by `update_at` desc limit 3 offset 0

 execution time: 0.26ms; select count(*) as aggregate from `article`

 execution time: 0.42ms; select * from `article` order by `update_at` desc limit 6 offset 0

 execution time: 0.22ms; select count(*) as aggregate from `article`

 execution time: 0.24ms; select * from `article` order by `create_at` desc limit 6 offset 0

 execution time: 0.24ms; select count(*) as aggregate from `article`

 execution time: 0.3ms; select * from `article` order by `browse` desc limit 6 offset 0

 execution time: 1.17ms; select count(*) as aggregate from `article`

 execution time: 0.39ms; select * from `article` order by `update_at` desc limit 3 offset 0

 execution time: 0.23ms; select count(*) as aggregate from `article`

 execution time: 0.52ms; select * from `article` order by `update_at` desc limit 6 offset 0

 execution time: 0.22ms; select count(*) as aggregate from `article`

 execution time: 0.39ms; select * from `article` order by `create_at` desc limit 6 offset 0

 execution time: 0.22ms; select count(*) as aggregate from `article`

 execution time: 0.27ms; select * from `article` order by `browse` desc limit 6 offset 0

 execution time: 1.16ms; select count(*) as aggregate from `article`

 execution time: 0.43ms; select * from `article` order by `update_at` desc limit 3 offset 0

 execution time: 0.22ms; select count(*) as aggregate from `article`

 execution time: 0.33ms; select * from `article` order by `update_at` desc limit 6 offset 0

 execution time: 0.22ms; select count(*) as aggregate from `article`

 execution time: 0.24ms; select * from `article` order by `create_at` desc limit 6 offset 0

 execution time: 0.2ms; select count(*) as aggregate from `article`

 execution time: 0.26ms; select * from `article` order by `browse` desc limit 6 offset 0

 execution time: 1.12ms; select count(*) as aggregate from `article`

 execution time: 0.47ms; select * from `article` order by `update_at` desc limit 3 offset 0

 execution time: 0.21ms; select count(*) as aggregate from `article`

 execution time: 0.36ms; select * from `article` order by `update_at` desc limit 6 offset 0

 execution time: 0.24ms; select count(*) as aggregate from `article`

 execution time: 0.31ms; select * from `article` order by `create_at` desc limit 6 offset 0

 execution time: 0.22ms; select count(*) as aggregate from `article`

 execution time: 0.26ms; select * from `article` order by `browse` desc limit 6 offset 0

 execution time: 1.32ms; select count(*) as aggregate from `article`

 execution time: 0.45ms; select * from `article` order by `update_at` desc limit 3 offset 0

 execution time: 0.21ms; select count(*) as aggregate from `article`

 execution time: 0.36ms; select * from `article` order by `update_at` desc limit 6 offset 0

 execution time: 0.2ms; select count(*) as aggregate from `article`

 execution time: 0.24ms; select * from `article` order by `create_at` desc limit 6 offset 0

 execution time: 0.2ms; select count(*) as aggregate from `article`

 execution time: 0.25ms; select * from `article` order by `browse` desc limit 6 offset 0

 execution time: 1.23ms; select count(*) as aggregate from `article`

 execution time: 0.46ms; select * from `article` order by `update_at` desc limit 3 offset 0

 execution time: 0.22ms; select count(*) as aggregate from `article`

 execution time: 0.37ms; select * from `article` order by `update_at` desc limit 6 offset 0

 execution time: 0.21ms; select count(*) as aggregate from `article`

 execution time: 0.32ms; select * from `article` order by `create_at` desc limit 6 offset 0

 execution time: 0.21ms; select count(*) as aggregate from `article`

 execution time: 0.25ms; select * from `article` order by `browse` desc limit 6 offset 0

 execution time: 7.17ms; select `id`, SUM(amount) as amount, `consume_id`, `date` from `consume_detail` group by `consume_id`

 execution time: 0.61ms; select * from `consume` where `consume`.`id` = "1" limit 1

 execution time: 0.64ms; update `consume` set `update_at` = "1571584981" where `id` = "1"

 execution time: 0.6ms; select * from `consume` where `consume`.`id` = "2" limit 1

 execution time: 24.28ms; update `consume` set `update_at` = "1571584981" where `id` = "2"

 execution time: 0.57ms; select * from `consume` where `consume`.`id` = "8" limit 1

 execution time: 0.44ms; update `consume` set `update_at` = "1571584981" where `id` = "8"

 execution time: 0.37ms; select * from `consume` where `consume`.`id` = "19" limit 1

 execution time: 0.42ms; update `consume` set `update_at` = "1571584981" where `id` = "19"

 execution time: 0.38ms; select * from `consume` where `consume`.`id` = "27" limit 1

 execution time: 0.31ms; update `consume` set `update_at` = "1571584981" where `id` = "27"

 execution time: 0.38ms; select * from `consume` where `consume`.`id` = "31" limit 1

 execution time: 0.3ms; update `consume` set `update_at` = "1571584981" where `id` = "31"

 execution time: 1.91ms; select * from `consume` where `consume`.`id` = "33" limit 1

 execution time: 0.32ms; update `consume` set `update_at` = "1571584981" where `id` = "33"

 execution time: 0.5ms; select * from `consume` where `consume`.`id` = "126" limit 1

 execution time: 0.4ms; update `consume` set `update_at` = "1571584981" where `id` = "126"

 execution time: 0.37ms; select * from `consume` where `consume`.`id` = "128" limit 1

 execution time: 0.4ms; update `consume` set `update_at` = "1571584981" where `id` = "128"

 execution time: 0.36ms; select * from `consume` where `consume`.`id` = "164" limit 1

 execution time: 0.45ms; update `consume` set `update_at` = "1571584981" where `id` = "164"

 execution time: 0.36ms; select * from `consume` where `consume`.`id` = "190" limit 1

 execution time: 0.3ms; update `consume` set `update_at` = "1571584981" where `id` = "190"

 execution time: 0.42ms; select * from `consume` where `consume`.`id` = "202" limit 1

 execution time: 1.66ms; update `consume` set `update_at` = "1571584981" where `id` = "202"

 execution time: 0.47ms; select * from `consume` where `consume`.`id` = "209" limit 1

 execution time: 0.31ms; update `consume` set `update_at` = "1571584981" where `id` = "209"

 execution time: 0.48ms; select * from `consume` where `consume`.`id` = "210" limit 1

 execution time: 0.3ms; update `consume` set `update_at` = "1571584981" where `id` = "210"

 execution time: 0.49ms; select * from `consume` where `consume`.`id` = "211" limit 1

 execution time: 0.3ms; update `consume` set `update_at` = "1571584981" where `id` = "211"

 execution time: 0.48ms; select * from `consume` where `consume`.`id` = "213" limit 1

 execution time: 0.35ms; update `consume` set `update_at` = "1571584981" where `id` = "213"

 execution time: 0.46ms; select * from `consume` where `consume`.`id` = "214" limit 1

 execution time: 0.31ms; update `consume` set `update_at` = "1571584981" where `id` = "214"

 execution time: 0.37ms; select * from `consume` where `consume`.`id` = "215" limit 1

 execution time: 0.3ms; update `consume` set `update_at` = "1571584981" where `id` = "215"

 execution time: 0.41ms; select * from `consume` where `consume`.`id` = "219" limit 1

 execution time: 0.46ms; update `consume` set `update_at` = "1571584981" where `id` = "219"

 execution time: 0.42ms; select * from `consume` where `consume`.`id` = "221" limit 1

 execution time: 0.4ms; update `consume` set `update_at` = "1571584981" where `id` = "221"

 execution time: 0.38ms; select * from `consume` where `consume`.`id` = "223" limit 1

 execution time: 0.42ms; update `consume` set `update_at` = "1571584981" where `id` = "223"

 execution time: 0.37ms; select * from `consume` where `consume`.`id` = "236" limit 1

 execution time: 1.05ms; update `consume` set `update_at` = "1571584981" where `id` = "236"

 execution time: 0.48ms; select * from `consume` where `consume`.`id` = "255" limit 1

 execution time: 0.3ms; update `consume` set `update_at` = "1571584981" where `id` = "255"

 execution time: 0.48ms; select * from `consume` where `consume`.`id` = "381" limit 1

 execution time: 0.29ms; update `consume` set `update_at` = "1571584981" where `id` = "381"

 execution time: 0.36ms; select * from `consume` where `consume`.`id` = "535" limit 1

 execution time: 0.31ms; update `consume` set `update_at` = "1571584981" where `id` = "535"

 execution time: 0.36ms; select * from `consume` where `consume`.`id` = "545" limit 1

 execution time: 0.33ms; update `consume` set `update_at` = "1571584981" where `id` = "545"

 execution time: 0.38ms; select * from `consume` where `consume`.`id` = "546" limit 1

 execution time: 0.41ms; update `consume` set `update_at` = "1571584981" where `id` = "546"

 execution time: 0.39ms; select * from `consume` where `consume`.`id` = "547" limit 1

 execution time: 0.39ms; update `consume` set `update_at` = "1571584981" where `id` = "547"

 execution time: 0.37ms; select * from `consume` where `consume`.`id` = "548" limit 1

 execution time: 0.43ms; update `consume` set `update_at` = "1571584981" where `id` = "548"

 execution time: 0.35ms; select * from `consume` where `consume`.`id` = "549" limit 1

 execution time: 0.31ms; update `consume` set `update_at` = "1571584981" where `id` = "549"

 execution time: 0.38ms; select * from `consume` where `consume`.`id` = "550" limit 1

 execution time: 1.74ms; update `consume` set `update_at` = "1571584981" where `id` = "550"

 execution time: 0.45ms; select * from `consume` where `consume`.`id` = "551" limit 1

 execution time: 0.31ms; update `consume` set `update_at` = "1571584981" where `id` = "551"

 execution time: 0.47ms; select * from `consume` where `consume`.`id` = "552" limit 1

 execution time: 0.31ms; update `consume` set `update_at` = "1571584981" where `id` = "552"

 execution time: 0.38ms; select * from `consume` where `consume`.`id` = "553" limit 1

 execution time: 0.3ms; update `consume` set `update_at` = "1571584981" where `id` = "553"

 execution time: 0.37ms; select * from `consume` where `consume`.`id` = "554" limit 1

 execution time: 0.4ms; update `consume` set `update_at` = "1571584981" where `id` = "554"

 execution time: 0.36ms; select * from `consume` where `consume`.`id` = "555" limit 1

 execution time: 0.41ms; update `consume` set `update_at` = "1571584981" where `id` = "555"

 execution time: 0.39ms; select * from `consume` where `consume`.`id` = "556" limit 1

 execution time: 0.45ms; update `consume` set `update_at` = "1571584981" where `id` = "556"

 execution time: 0.39ms; select * from `consume` where `consume`.`id` = "557" limit 1

 execution time: 0.3ms; update `consume` set `update_at` = "1571584981" where `id` = "557"

 execution time: 0.37ms; select * from `consume` where `consume`.`id` = "560" limit 1

 execution time: 0.31ms; update `consume` set `update_at` = "1571584981" where `id` = "560"

 execution time: 0.36ms; select * from `consume` where `consume`.`id` = "561" limit 1

 execution time: 0.31ms; update `consume` set `update_at` = "1571584981" where `id` = "561"

 execution time: 0.48ms; select * from `consume` where `consume`.`id` = "563" limit 1

 execution time: 1.87ms; update `consume` set `update_at` = "1571584981" where `id` = "563"

 execution time: 0.45ms; select * from `consume` where `consume`.`id` = "566" limit 1

 execution time: 0.31ms; update `consume` set `update_at` = "1571584981" where `id` = "566"

 execution time: 1.19ms; select count(*) as aggregate from `article`

 execution time: 0.33ms; select * from `article` order by `update_at` desc limit 3 offset 0

 execution time: 0.22ms; select count(*) as aggregate from `article`

 execution time: 0.32ms; select * from `article` order by `update_at` desc limit 6 offset 0

 execution time: 0.2ms; select count(*) as aggregate from `article`

 execution time: 0.26ms; select * from `article` order by `create_at` desc limit 6 offset 0

 execution time: 0.26ms; select count(*) as aggregate from `article`

 execution time: 0.27ms; select * from `article` order by `browse` desc limit 6 offset 0

 execution time: 1.3ms; select count(*) as aggregate from `article`

 execution time: 0.46ms; select * from `article` order by `update_at` desc limit 3 offset 0

 execution time: 0.22ms; select count(*) as aggregate from `article`

 execution time: 0.31ms; select * from `article` order by `update_at` desc limit 6 offset 0

 execution time: 0.2ms; select count(*) as aggregate from `article`

 execution time: 0.33ms; select * from `article` order by `create_at` desc limit 6 offset 0

 execution time: 0.2ms; select count(*) as aggregate from `article`

 execution time: 0.26ms; select * from `article` order by `browse` desc limit 6 offset 0

 execution time: 1.39ms; select count(*) as aggregate from `article`

 execution time: 0.51ms; select * from `article` order by `update_at` desc limit 3 offset 0

 execution time: 0.22ms; select count(*) as aggregate from `article`

 execution time: 0.36ms; select * from `article` order by `update_at` desc limit 6 offset 0

 execution time: 0.21ms; select count(*) as aggregate from `article`

 execution time: 0.25ms; select * from `article` order by `create_at` desc limit 6 offset 0

 execution time: 0.22ms; select count(*) as aggregate from `article`

 execution time: 0.27ms; select * from `article` order by `browse` desc limit 6 offset 0

 execution time: 1.27ms; select count(*) as aggregate from `article`

 execution time: 0.39ms; select * from `article` order by `update_at` desc limit 3 offset 0

 execution time: 0.23ms; select count(*) as aggregate from `article`

 execution time: 0.3ms; select * from `article` order by `update_at` desc limit 6 offset 0

 execution time: 0.22ms; select count(*) as aggregate from `article`

 execution time: 0.26ms; select * from `article` order by `create_at` desc limit 6 offset 0

 execution time: 0.27ms; select count(*) as aggregate from `article`

 execution time: 0.27ms; select * from `article` order by `browse` desc limit 6 offset 0

 execution time: 1.22ms; select count(*) as aggregate from `article`

 execution time: 0.51ms; select * from `article` order by `update_at` desc limit 3 offset 0

 execution time: 0.22ms; select count(*) as aggregate from `article`

 execution time: 0.37ms; select * from `article` order by `update_at` desc limit 6 offset 0

 execution time: 0.19ms; select count(*) as aggregate from `article`

 execution time: 0.27ms; select * from `article` order by `create_at` desc limit 6 offset 0

 execution time: 0.2ms; select count(*) as aggregate from `article`

 execution time: 0.3ms; select * from `article` order by `browse` desc limit 6 offset 0

 execution time: 1.23ms; select count(*) as aggregate from `article`

 execution time: 0.4ms; select * from `article` order by `update_at` desc limit 3 offset 0

 execution time: 0.21ms; select count(*) as aggregate from `article`

 execution time: 0.33ms; select * from `article` order by `update_at` desc limit 6 offset 0

 execution time: 0.2ms; select count(*) as aggregate from `article`

 execution time: 0.3ms; select * from `article` order by `create_at` desc limit 6 offset 0

 execution time: 0.26ms; select count(*) as aggregate from `article`

 execution time: 0.28ms; select * from `article` order by `browse` desc limit 6 offset 0

 execution time: 1.24ms; select count(*) as aggregate from `article`

 execution time: 0.5ms; select * from `article` order by `update_at` desc limit 3 offset 0

 execution time: 0.21ms; select count(*) as aggregate from `article`

 execution time: 0.32ms; select * from `article` order by `update_at` desc limit 6 offset 0

 execution time: 0.2ms; select count(*) as aggregate from `article`

 execution time: 0.35ms; select * from `article` order by `create_at` desc limit 6 offset 0

 execution time: 0.2ms; select count(*) as aggregate from `article`

 execution time: 0.27ms; select * from `article` order by `browse` desc limit 6 offset 0

 execution time: 1.62ms; select count(*) as aggregate from `article`

 execution time: 0.51ms; select * from `article` order by `update_at` desc limit 3 offset 0

 execution time: 0.24ms; select count(*) as aggregate from `article`

 execution time: 0.31ms; select * from `article` order by `update_at` desc limit 6 offset 0

 execution time: 0.22ms; select count(*) as aggregate from `article`

 execution time: 0.32ms; select * from `article` order by `create_at` desc limit 6 offset 0

 execution time: 0.23ms; select count(*) as aggregate from `article`

 execution time: 0.34ms; select * from `article` order by `browse` desc limit 6 offset 0

 execution time: 1.29ms; select count(*) as aggregate from `article`

 execution time: 0.41ms; select * from `article` order by `update_at` desc limit 3 offset 0

 execution time: 0.22ms; select count(*) as aggregate from `article`

 execution time: 0.3ms; select * from `article` order by `update_at` desc limit 6 offset 0

 execution time: 0.24ms; select count(*) as aggregate from `article`

 execution time: 0.26ms; select * from `article` order by `create_at` desc limit 6 offset 0

 execution time: 0.28ms; select count(*) as aggregate from `article`

 execution time: 0.27ms; select * from `article` order by `browse` desc limit 6 offset 0

 execution time: 1.18ms; select count(*) as aggregate from `article`

 execution time: 0.48ms; select * from `article` order by `update_at` desc limit 3 offset 0

 execution time: 0.2ms; select count(*) as aggregate from `article`

 execution time: 0.35ms; select * from `article` order by `update_at` desc limit 6 offset 0

 execution time: 0.2ms; select count(*) as aggregate from `article`

 execution time: 0.24ms; select * from `article` order by `create_at` desc limit 6 offset 0

 execution time: 0.24ms; select count(*) as aggregate from `article`

 execution time: 0.25ms; select * from `article` order by `browse` desc limit 6 offset 0

 execution time: 1.18ms; select count(*) as aggregate from `article`

 execution time: 0.35ms; select * from `article` order by `update_at` desc limit 3 offset 0

 execution time: 0.31ms; select count(*) as aggregate from `article`

 execution time: 0.29ms; select * from `article` order by `update_at` desc limit 6 offset 0

 execution time: 0.25ms; select count(*) as aggregate from `article`

 execution time: 0.26ms; select * from `article` order by `create_at` desc limit 6 offset 0

 execution time: 0.19ms; select count(*) as aggregate from `article`

 execution time: 0.36ms; select * from `article` order by `browse` desc limit 6 offset 0

 execution time: 1.19ms; select count(*) as aggregate from `article`

 execution time: 0.37ms; select * from `article` order by `update_at` desc limit 3 offset 0

 execution time: 0.3ms; select count(*) as aggregate from `article`

 execution time: 0.31ms; select * from `article` order by `update_at` desc limit 6 offset 0

 execution time: 0.23ms; select count(*) as aggregate from `article`

 execution time: 0.25ms; select * from `article` order by `create_at` desc limit 6 offset 0

 execution time: 0.21ms; select count(*) as aggregate from `article`

 execution time: 0.32ms; select * from `article` order by `browse` desc limit 6 offset 0

 execution time: 1.3ms; select count(*) as aggregate from `article`

 execution time: 0.36ms; select * from `article` order by `update_at` desc limit 3 offset 0

 execution time: 0.22ms; select count(*) as aggregate from `article`

 execution time: 0.29ms; select * from `article` order by `update_at` desc limit 6 offset 0

 execution time: 0.26ms; select count(*) as aggregate from `article`

 execution time: 0.24ms; select * from `article` order by `create_at` desc limit 6 offset 0

 execution time: 0.19ms; select count(*) as aggregate from `article`

 execution time: 0.32ms; select * from `article` order by `browse` desc limit 6 offset 0

 execution time: 1.95ms; select count(*) as aggregate from `article`

 execution time: 0.4ms; select * from `article` order by `update_at` desc limit 3 offset 0

 execution time: 0.33ms; select count(*) as aggregate from `article`

 execution time: 0.32ms; select * from `article` order by `update_at` desc limit 6 offset 0

 execution time: 0.25ms; select count(*) as aggregate from `article`

 execution time: 0.25ms; select * from `article` order by `create_at` desc limit 6 offset 0

 execution time: 0.19ms; select count(*) as aggregate from `article`

 execution time: 0.32ms; select * from `article` order by `browse` desc limit 6 offset 0

 execution time: 1.19ms; select count(*) as aggregate from `article`

 execution time: 0.44ms; select * from `article` order by `update_at` desc limit 3 offset 0

 execution time: 0.23ms; select count(*) as aggregate from `article`

 execution time: 0.29ms; select * from `article` order by `update_at` desc limit 6 offset 0

 execution time: 0.2ms; select count(*) as aggregate from `article`

 execution time: 0.29ms; select * from `article` order by `create_at` desc limit 6 offset 0

 execution time: 0.21ms; select count(*) as aggregate from `article`

 execution time: 0.25ms; select * from `article` order by `browse` desc limit 6 offset 0

 execution time: 1.14ms; select count(*) as aggregate from `article`

 execution time: 0.33ms; select * from `article` order by `update_at` desc limit 3 offset 0

 execution time: 0.32ms; select count(*) as aggregate from `article`

 execution time: 0.28ms; select * from `article` order by `update_at` desc limit 6 offset 0

 execution time: 0.21ms; select count(*) as aggregate from `article`

 execution time: 0.29ms; select * from `article` order by `create_at` desc limit 6 offset 0

 execution time: 0.3ms; select count(*) as aggregate from `article`

 execution time: 0.31ms; select * from `article` order by `browse` desc limit 6 offset 0

