 execution time: 1.56ms; select count(*) as aggregate from `article`

 execution time: 0.52ms; select * from `article` order by `update_at` desc limit 3 offset 0

 execution time: 0.3ms; select count(*) as aggregate from `article`

 execution time: 0.33ms; select * from `article` order by `update_at` desc limit 6 offset 0

 execution time: 0.23ms; select count(*) as aggregate from `article`

 execution time: 0.37ms; select * from `article` order by `create_at` desc limit 6 offset 0

 execution time: 0.24ms; select count(*) as aggregate from `article`

 execution time: 0.31ms; select * from `article` order by `browse` desc limit 6 offset 0

 execution time: 1.39ms; select count(*) as aggregate from `article`

 execution time: 0.47ms; select * from `article` order by `update_at` desc limit 3 offset 0

 execution time: 0.22ms; select count(*) as aggregate from `article`

 execution time: 0.37ms; select * from `article` order by `update_at` desc limit 6 offset 0

 execution time: 0.22ms; select count(*) as aggregate from `article`

 execution time: 0.27ms; select * from `article` order by `create_at` desc limit 6 offset 0

 execution time: 0.27ms; select count(*) as aggregate from `article`

 execution time: 0.27ms; select * from `article` order by `browse` desc limit 6 offset 0

 execution time: 1.23ms; select count(*) as aggregate from `article`

 execution time: 0.48ms; select * from `article` order by `update_at` desc limit 3 offset 0

 execution time: 0.21ms; select count(*) as aggregate from `article`

 execution time: 0.33ms; select * from `article` order by `update_at` desc limit 6 offset 0

 execution time: 0.21ms; select count(*) as aggregate from `article`

 execution time: 0.24ms; select * from `article` order by `create_at` desc limit 6 offset 0

 execution time: 0.27ms; select count(*) as aggregate from `article`

 execution time: 0.26ms; select * from `article` order by `browse` desc limit 6 offset 0

 execution time: 1.3ms; select count(*) as aggregate from `article`

 execution time: 0.46ms; select * from `article` order by `update_at` desc limit 3 offset 0

 execution time: 0.21ms; select count(*) as aggregate from `article`

 execution time: 0.36ms; select * from `article` order by `update_at` desc limit 6 offset 0

 execution time: 0.21ms; select count(*) as aggregate from `article`

 execution time: 0.24ms; select * from `article` order by `create_at` desc limit 6 offset 0

 execution time: 0.28ms; select count(*) as aggregate from `article`

 execution time: 0.26ms; select * from `article` order by `browse` desc limit 6 offset 0

 execution time: 1.28ms; select count(*) as aggregate from `article`

 execution time: 0.48ms; select * from `article` order by `update_at` desc limit 3 offset 0

 execution time: 0.23ms; select count(*) as aggregate from `article`

 execution time: 0.35ms; select * from `article` order by `update_at` desc limit 6 offset 0

 execution time: 0.23ms; select count(*) as aggregate from `article`

 execution time: 0.24ms; select * from `article` order by `create_at` desc limit 6 offset 0

 execution time: 0.25ms; select count(*) as aggregate from `article`

 execution time: 0.26ms; select * from `article` order by `browse` desc limit 6 offset 0

 execution time: 1.38ms; select * from `admins` where `name` = "admin" limit 1

 execution time: 1.39ms; select * from `admins` where `id` = "2" limit 1

 execution time: 0.36ms; select * from `role_privilege` where `role_id` = "3"

 execution time: 0.32ms; select * from `privileges` where `id` in ("1", "2", "3", "4", "5", "6", "9", "10", "11", "12", "13", "14", "15") and `type` = "2"

 execution time: 0.22ms; select * from `privilege_group`

 execution time: 1.47ms; select * from `admins` where `id` = "2" limit 1

 execution time: 1.31ms; select * from `admins` where `id` = "2" limit 1

 execution time: 0.56ms; select exists(select * from `consume` where `month` = "2019-10") as `exists`

 execution time: 0.23ms; select exists(select * from `consume_detail` where `date` like "%2019-10%") as `exists`

 execution time: 0.46ms; select `category_id`, `month`, `id`, `real_amount` from `consume` where `month` = "2019-10"

 execution time: 0.6ms; select `id`, SUM(real_amount) as real_amount, `month` from `consume` where `month` like "%2019%" group by `month`

 execution time: 0.3ms; select `name`, `id` from `consume_category`

 execution time: 0.27ms; select `id`, SUM(amount) as amount, `date` from `consume_detail` where `date` like "%2019-10%" group by `date`

 execution time: 1.29ms; select * from `admins` where `id` = "2" limit 1

 execution time: 1.31ms; select * from `admins` where `id` = "2" limit 1

 execution time: 8.47ms; select * from `admins` where `id` = "2" limit 1

 execution time: 1.34ms; select * from `admins` where `id` = "2" limit 1

 execution time: 1.44ms; select * from `admins` where `id` = "2" limit 1

 execution time: 2.43ms; select * from `admins` where `id` = "2" limit 1

 execution time: 1.3ms; select * from `admins` where `id` = "2" limit 1

 execution time: 1.95ms; select * from `admins` where `id` = "2" limit 1

 execution time: 1.31ms; select * from `admins` where `id` = "2" limit 1

 execution time: 1.36ms; select * from `admins` where `id` = "2" limit 1

 execution time: 1.46ms; select * from `admins` where `id` = "2" limit 1

 execution time: 10.55ms; select * from `admins` where `id` = "2" limit 1

 execution time: 1.92ms; select count(*) as aggregate from `article`

 execution time: 0.35ms; select * from `article` order by `update_at` desc limit 3 offset 0

 execution time: 0.34ms; select count(*) as aggregate from `article`

 execution time: 0.29ms; select * from `article` order by `update_at` desc limit 6 offset 0

 execution time: 0.24ms; select count(*) as aggregate from `article`

 execution time: 0.34ms; select * from `article` order by `create_at` desc limit 6 offset 0

 execution time: 0.23ms; select count(*) as aggregate from `article`

 execution time: 0.26ms; select * from `article` order by `browse` desc limit 6 offset 0

 execution time: 1.33ms; select * from `admins` where `id` = "2" limit 1

 execution time: 2.06ms; select * from `admins` where `id` = "2" limit 1

 execution time: 1.55ms; select * from `admins` where `id` = "2" limit 1

 execution time: 1.39ms; select * from `admins` where `id` = "2" limit 1

 execution time: 2.23ms; select * from `admins` where `id` = "2" limit 1

 execution time: 2.36ms; select * from `admins` where `id` = "2" limit 1

 execution time: 1.39ms; select * from `admins` where `id` = "2" limit 1

 execution time: 1.3ms; select * from `admins` where `id` = "2" limit 1

 execution time: 1.49ms; select * from `admins` where `id` = "2" limit 1

 execution time: 2.13ms; select * from `admins` where `id` = "2" limit 1

 execution time: 1.25ms; select * from `admins` where `id` = "2" limit 1

 execution time: 1.26ms; select * from `admins` where `id` = "2" limit 1

 execution time: 1.49ms; select * from `admins` where `id` = "2" limit 1

 execution time: 2.41ms; select * from `admins` where `id` = "2" limit 1

 execution time: 1.48ms; select * from `admins` where `id` = "2" limit 1

 execution time: 3.08ms; select * from `admins` where `id` = "2" limit 1

 execution time: 1.47ms; select * from `admins` where `id` = "2" limit 1

 execution time: 2.05ms; select * from `admins` where `id` = "2" limit 1

 execution time: 2.57ms; select * from `admins` where `id` = "2" limit 1

 execution time: 1.21ms; select * from `admins` where `id` = "2" limit 1

 execution time: 1.49ms; select * from `admins` where `id` = "2" limit 1

 execution time: 1.88ms; select * from `admins` where `id` = "2" limit 1

 execution time: 1.57ms; select * from `admins` where `id` = "2" limit 1

 execution time: 1.39ms; select * from `admins` where `id` = "2" limit 1

 execution time: 1.42ms; select * from `admins` where `id` = "2" limit 1

 execution time: 1.31ms; select * from `admins` where `id` = "2" limit 1

 execution time: 1.78ms; select count(*) as aggregate from `article`

 execution time: 0.35ms; select * from `article` order by `update_at` desc limit 3 offset 0

 execution time: 0.42ms; select count(*) as aggregate from `article`

 execution time: 0.31ms; select * from `article` order by `update_at` desc limit 6 offset 0

 execution time: 0.22ms; select count(*) as aggregate from `article`

 execution time: 0.29ms; select * from `article` order by `create_at` desc limit 6 offset 0

 execution time: 0.81ms; select count(*) as aggregate from `article`

 execution time: 0.26ms; select * from `article` order by `browse` desc limit 6 offset 0

 execution time: 1.44ms; select count(*) as aggregate from `article`

 execution time: 0.59ms; select * from `article` order by `update_at` desc limit 3 offset 0

 execution time: 0.35ms; select count(*) as aggregate from `article`

 execution time: 0.42ms; select * from `article` order by `update_at` desc limit 6 offset 0

 execution time: 0.27ms; select count(*) as aggregate from `article`

 execution time: 0.3ms; select * from `article` order by `create_at` desc limit 6 offset 0

 execution time: 0.21ms; select count(*) as aggregate from `article`

 execution time: 0.37ms; select * from `article` order by `browse` desc limit 6 offset 0

 execution time: 1.22ms; select count(*) as aggregate from `article`

 execution time: 0.49ms; select * from `article` order by `update_at` desc limit 3 offset 0

 execution time: 0.21ms; select count(*) as aggregate from `article`

 execution time: 0.36ms; select * from `article` order by `update_at` desc limit 6 offset 0

 execution time: 0.2ms; select count(*) as aggregate from `article`

 execution time: 0.24ms; select * from `article` order by `create_at` desc limit 6 offset 0

 execution time: 0.25ms; select count(*) as aggregate from `article`

 execution time: 0.29ms; select * from `article` order by `browse` desc limit 6 offset 0

 execution time: 1.36ms; select count(*) as aggregate from `article`

 execution time: 0.47ms; select * from `article` order by `update_at` desc limit 3 offset 0

 execution time: 0.22ms; select count(*) as aggregate from `article`

 execution time: 0.33ms; select * from `article` order by `update_at` desc limit 6 offset 0

 execution time: 0.22ms; select count(*) as aggregate from `article`

 execution time: 0.24ms; select * from `article` order by `create_at` desc limit 6 offset 0

 execution time: 0.27ms; select count(*) as aggregate from `article`

 execution time: 0.26ms; select * from `article` order by `browse` desc limit 6 offset 0

 execution time: 2.17ms; select count(*) as aggregate from `article`

 execution time: 0.45ms; select * from `article` order by `update_at` desc limit 3 offset 0

 execution time: 0.21ms; select count(*) as aggregate from `article`

 execution time: 0.34ms; select * from `article` order by `update_at` desc limit 6 offset 0

 execution time: 0.23ms; select count(*) as aggregate from `article`

 execution time: 0.24ms; select * from `article` order by `create_at` desc limit 6 offset 0

 execution time: 0.28ms; select count(*) as aggregate from `article`

 execution time: 0.26ms; select * from `article` order by `browse` desc limit 6 offset 0

 execution time: 1.32ms; select * from `admins` where `id` = "2" limit 1

 execution time: 1.29ms; select * from `admins` where `id` = "2" limit 1

 execution time: 1.42ms; select * from `admins` where `id` = "2" limit 1

 execution time: 1.3ms; select * from `admins` where `id` = "2" limit 1

 execution time: 1.38ms; select * from `admins` where `id` = "2" limit 1

 execution time: 2.15ms; select * from `admins` where `id` = "2" limit 1

 execution time: 1.28ms; select * from `admins` where `id` = "2" limit 1

 execution time: 1.3ms; select * from `admins` where `id` = "2" limit 1

 execution time: 1.23ms; select * from `admins` where `id` = "2" limit 1

 execution time: 2.36ms; select * from `admins` where `id` = "2" limit 1

 execution time: 1.34ms; select count(*) as aggregate from `article`

 execution time: 0.5ms; select * from `article` order by `update_at` desc limit 3 offset 0

 execution time: 0.21ms; select count(*) as aggregate from `article`

 execution time: 0.38ms; select * from `article` order by `update_at` desc limit 6 offset 0

 execution time: 0.2ms; select count(*) as aggregate from `article`

 execution time: 0.29ms; select * from `article` order by `create_at` desc limit 6 offset 0

 execution time: 0.26ms; select count(*) as aggregate from `article`

 execution time: 0.3ms; select * from `article` order by `browse` desc limit 6 offset 0

 execution time: 1.42ms; select * from `admins` where `id` = "2" limit 1

 execution time: 2.04ms; select * from `admins` where `id` = "2" limit 1

 execution time: 1.27ms; select * from `admins` where `id` = "2" limit 1

 execution time: 2.27ms; select * from `admins` where `id` = "2" limit 1

 execution time: 1.34ms; select * from `admins` where `id` = "2" limit 1

 execution time: 2.42ms; select * from `admins` where `id` = "2" limit 1

 execution time: 1.39ms; select count(*) as aggregate from `article`

 execution time: 0.58ms; select * from `article` order by `update_at` desc limit 3 offset 0

 execution time: 0.23ms; select count(*) as aggregate from `article`

 execution time: 0.34ms; select * from `article` order by `update_at` desc limit 6 offset 0

 execution time: 0.35ms; select count(*) as aggregate from `article`

 execution time: 0.31ms; select * from `article` order by `create_at` desc limit 6 offset 0

 execution time: 0.21ms; select count(*) as aggregate from `article`

 execution time: 0.26ms; select * from `article` order by `browse` desc limit 6 offset 0

 execution time: 1.41ms; select count(*) as aggregate from `article`

 execution time: 0.45ms; select * from `article` order by `update_at` desc limit 3 offset 0

 execution time: 0.22ms; select count(*) as aggregate from `article`

 execution time: 0.38ms; select * from `article` order by `update_at` desc limit 6 offset 0

 execution time: 0.22ms; select count(*) as aggregate from `article`

 execution time: 0.27ms; select * from `article` order by `create_at` desc limit 6 offset 0

 execution time: 0.26ms; select count(*) as aggregate from `article`

 execution time: 0.27ms; select * from `article` order by `browse` desc limit 6 offset 0

 execution time: 1.42ms; select count(*) as aggregate from `article`

 execution time: 0.48ms; select * from `article` order by `update_at` desc limit 3 offset 0

 execution time: 0.22ms; select count(*) as aggregate from `article`

 execution time: 0.35ms; select * from `article` order by `update_at` desc limit 6 offset 0

 execution time: 0.21ms; select count(*) as aggregate from `article`

 execution time: 0.27ms; select * from `article` order by `create_at` desc limit 6 offset 0

 execution time: 0.26ms; select count(*) as aggregate from `article`

 execution time: 0.28ms; select * from `article` order by `browse` desc limit 6 offset 0

 execution time: 1.94ms; select count(*) as aggregate from `article`

 execution time: 0.36ms; select * from `article` order by `update_at` desc limit 3 offset 0

 execution time: 0.33ms; select count(*) as aggregate from `article`

 execution time: 0.29ms; select * from `article` order by `update_at` desc limit 6 offset 0

 execution time: 0.23ms; select count(*) as aggregate from `article`

 execution time: 0.3ms; select * from `article` order by `create_at` desc limit 6 offset 0

 execution time: 0.23ms; select count(*) as aggregate from `article`

 execution time: 0.28ms; select * from `article` order by `browse` desc limit 6 offset 0

 execution time: 1.47ms; select count(*) as aggregate from `article`

 execution time: 0.46ms; select * from `article` order by `update_at` desc limit 3 offset 0

 execution time: 0.22ms; select count(*) as aggregate from `article`

 execution time: 0.38ms; select * from `article` order by `update_at` desc limit 6 offset 0

 execution time: 0.21ms; select count(*) as aggregate from `article`

 execution time: 0.27ms; select * from `article` order by `create_at` desc limit 6 offset 0

 execution time: 0.26ms; select count(*) as aggregate from `article`

 execution time: 0.27ms; select * from `article` order by `browse` desc limit 6 offset 0

 execution time: 1.4ms; select * from `admins` where `name` = "admin" limit 1

 execution time: 1.61ms; select * from `admins` where `id` = "2" limit 1

 execution time: 0.3ms; select * from `role_privilege` where `role_id` = "3"

 execution time: 0.33ms; select * from `privileges` where `id` in ("1", "2", "3", "4", "5", "6", "9", "10", "11", "12", "13", "14", "15") and `type` = "2"

 execution time: 0.23ms; select * from `privilege_group`

 execution time: 1.63ms; select * from `admins` where `id` = "2" limit 1

 execution time: 1.81ms; select * from `admins` where `id` = "2" limit 1

 execution time: 0.25ms; select exists(select * from `consume` where `month` = "2019-10") as `exists`

 execution time: 0.33ms; select exists(select * from `consume_detail` where `date` like "%2019-10%") as `exists`

 execution time: 0.26ms; select `category_id`, `month`, `id`, `real_amount` from `consume` where `month` = "2019-10"

 execution time: 0.35ms; select `id`, SUM(real_amount) as real_amount, `month` from `consume` where `month` like "%2019%" group by `month`

 execution time: 0.26ms; select `name`, `id` from `consume_category`

 execution time: 0.34ms; select `id`, SUM(amount) as amount, `date` from `consume_detail` where `date` like "%2019-10%" group by `date`

 execution time: 2.32ms; select * from `admins` where `id` = "2" limit 1

 execution time: 1.86ms; select * from `admins` where `id` = "2" limit 1

 execution time: 2.17ms; select * from `admins` where `id` = "2" limit 1

 execution time: 1.29ms; select * from `admins` where `id` = "2" limit 1

 execution time: 1.68ms; select * from `admins` where `id` = "2" limit 1

 execution time: 1.88ms; select * from `admins` where `id` = "2" limit 1

 execution time: 1.68ms; select * from `admins` where `id` = "2" limit 1

 execution time: 1.66ms; select * from `admins` where `id` = "2" limit 1

 execution time: 1.38ms; select * from `admins` where `id` = "2" limit 1

 execution time: 2.44ms; select * from `admins` where `id` = "2" limit 1

 execution time: 1.24ms; select * from `admins` where `id` = "2" limit 1

 execution time: 2.41ms; select * from `admins` where `id` = "2" limit 1

 execution time: 1.38ms; select * from `admins` where `id` = "2" limit 1

 execution time: 1.47ms; select * from `admins` where `id` = "2" limit 1

 execution time: 1.23ms; select * from `admins` where `id` = "2" limit 1

 execution time: 1.83ms; select * from `admins` where `id` = "2" limit 1

 execution time: 1.52ms; select * from `admins` where `id` = "2" limit 1

 execution time: 2.09ms; select * from `admins` where `id` = "2" limit 1

 execution time: 12.91ms; select * from `admins` where `id` = "2" limit 1

 execution time: 2.23ms; select * from `admins` where `id` = "2" limit 1

 execution time: 1.29ms; select * from `admins` where `id` = "2" limit 1

 execution time: 1.32ms; select * from `admins` where `id` = "2" limit 1

 execution time: 1.33ms; select * from `admins` where `id` = "2" limit 1

 execution time: 2.2ms; select * from `admins` where `id` = "2" limit 1

 execution time: 1.49ms; select * from `admins` where `id` = "2" limit 1

 execution time: 2.15ms; select * from `admins` where `id` = "2" limit 1

 execution time: 1.36ms; select * from `admins` where `id` = "2" limit 1

 execution time: 1.88ms; select * from `admins` where `id` = "2" limit 1

 execution time: 1.37ms; select * from `admins` where `id` = "2" limit 1

 execution time: 1.98ms; select * from `admins` where `id` = "2" limit 1

 execution time: 1.74ms; select * from `admins` where `id` = "2" limit 1

 execution time: 1.34ms; select * from `admins` where `id` = "2" limit 1

 execution time: 2.53ms; select * from `admins` where `id` = "2" limit 1

 execution time: 2.11ms; select * from `admins` where `id` = "2" limit 1

 execution time: 1.3ms; select count(*) as aggregate from `article`

 execution time: 0.47ms; select * from `article` order by `update_at` desc limit 3 offset 0

 execution time: 0.22ms; select count(*) as aggregate from `article`

 execution time: 0.36ms; select * from `article` order by `update_at` desc limit 6 offset 0

 execution time: 0.21ms; select count(*) as aggregate from `article`

 execution time: 0.26ms; select * from `article` order by `create_at` desc limit 6 offset 0

 execution time: 0.27ms; select count(*) as aggregate from `article`

 execution time: 0.27ms; select * from `article` order by `browse` desc limit 6 offset 0

 execution time: 1.3ms; select count(*) as aggregate from `article`

 execution time: 0.49ms; select * from `article` order by `update_at` desc limit 3 offset 0

 execution time: 0.23ms; select count(*) as aggregate from `article`

 execution time: 0.39ms; select * from `article` order by `update_at` desc limit 6 offset 0

 execution time: 0.22ms; select count(*) as aggregate from `article`

 execution time: 0.29ms; select * from `article` order by `create_at` desc limit 6 offset 0

 execution time: 0.27ms; select count(*) as aggregate from `article`

 execution time: 0.29ms; select * from `article` order by `browse` desc limit 6 offset 0

 execution time: 1.29ms; select count(*) as aggregate from `article`

 execution time: 0.45ms; select * from `article` order by `update_at` desc limit 3 offset 0

 execution time: 0.21ms; select count(*) as aggregate from `article`

 execution time: 0.36ms; select * from `article` order by `update_at` desc limit 6 offset 0

 execution time: 0.21ms; select count(*) as aggregate from `article`

 execution time: 0.24ms; select * from `article` order by `create_at` desc limit 6 offset 0

 execution time: 0.27ms; select count(*) as aggregate from `article`

 execution time: 0.26ms; select * from `article` order by `browse` desc limit 6 offset 0

 execution time: 1.44ms; select count(*) as aggregate from `article`

 execution time: 0.46ms; select * from `article` order by `update_at` desc limit 3 offset 0

 execution time: 0.21ms; select count(*) as aggregate from `article`

 execution time: 0.35ms; select * from `article` order by `update_at` desc limit 6 offset 0

 execution time: 0.21ms; select count(*) as aggregate from `article`

 execution time: 0.24ms; select * from `article` order by `create_at` desc limit 6 offset 0

 execution time: 0.25ms; select count(*) as aggregate from `article`

 execution time: 0.26ms; select * from `article` order by `browse` desc limit 6 offset 0

 execution time: 1.39ms; select count(*) as aggregate from `article`

 execution time: 0.45ms; select * from `article` order by `update_at` desc limit 3 offset 0

 execution time: 0.22ms; select count(*) as aggregate from `article`

 execution time: 0.4ms; select * from `article` order by `update_at` desc limit 6 offset 0

 execution time: 0.21ms; select count(*) as aggregate from `article`

 execution time: 0.24ms; select * from `article` order by `create_at` desc limit 6 offset 0

 execution time: 0.27ms; select count(*) as aggregate from `article`

 execution time: 0.26ms; select * from `article` order by `browse` desc limit 6 offset 0

 execution time: 1.53ms; select count(*) as aggregate from `article`

 execution time: 0.53ms; select * from `article` order by `update_at` desc limit 3 offset 0

 execution time: 0.28ms; select count(*) as aggregate from `article`

 execution time: 0.4ms; select * from `article` order by `update_at` desc limit 6 offset 0

 execution time: 0.38ms; select count(*) as aggregate from `article`

 execution time: 0.34ms; select * from `article` order by `create_at` desc limit 6 offset 0

 execution time: 0.28ms; select count(*) as aggregate from `article`

 execution time: 0.4ms; select * from `article` order by `browse` desc limit 6 offset 0

 execution time: 1.23ms; select count(*) as aggregate from `article`

 execution time: 0.46ms; select * from `article` order by `update_at` desc limit 3 offset 0

 execution time: 0.22ms; select count(*) as aggregate from `article`

 execution time: 0.37ms; select * from `article` order by `update_at` desc limit 6 offset 0

 execution time: 0.2ms; select count(*) as aggregate from `article`

 execution time: 0.26ms; select * from `article` order by `create_at` desc limit 6 offset 0

 execution time: 0.27ms; select count(*) as aggregate from `article`

 execution time: 0.27ms; select * from `article` order by `browse` desc limit 6 offset 0

 execution time: 1.34ms; select exists(select * from `article` where `title` like "%自律%") as `exists`

 execution time: 0.44ms; select count(*) as aggregate from `article` where `title` like "%自律%"

 execution time: 0.63ms; select * from `article` where `title` like "%自律%" limit 15 offset 0

 execution time: 1.82ms; select exists(select * from `article` where `title` like "%美食%") as `exists`

 execution time: 2.11ms; select exists(select * from `article` where `title` like "%习惯%") as `exists`

 execution time: 0.24ms; select count(*) as aggregate from `article` where `title` like "%习惯%"

 execution time: 0.45ms; select * from `article` where `title` like "%习惯%" limit 15 offset 0

 execution time: 2.35ms; select exists(select * from `article` where `title` like "%随心记录%") as `exists`

 execution time: 1.45ms; select exists(select * from `article` where `title` like "%心得笔记%") as `exists`

 execution time: 2.53ms; select exists(select * from `article` where `title` like "%读后感%") as `exists`

 execution time: 1.13ms; select count(*) as aggregate from `article`

 execution time: 0.43ms; select * from `article` order by `update_at` desc limit 3 offset 0

 execution time: 0.23ms; select count(*) as aggregate from `article`

 execution time: 0.38ms; select * from `article` order by `update_at` desc limit 6 offset 0

 execution time: 0.21ms; select count(*) as aggregate from `article`

 execution time: 0.25ms; select * from `article` order by `create_at` desc limit 6 offset 0

 execution time: 0.28ms; select count(*) as aggregate from `article`

 execution time: 0.27ms; select * from `article` order by `browse` desc limit 6 offset 0

 execution time: 1.37ms; select exists(select * from `article` where `title` like "%Linux%") as `exists`

 execution time: 1.43ms; select exists(select * from `article` where `title` like "%MYSQL%") as `exists`

 execution time: 1.22ms; select exists(select * from `article` where `title` like "%PHP%") as `exists`

 execution time: 0.34ms; select count(*) as aggregate from `article` where `title` like "%PHP%"

 execution time: 0.32ms; select * from `article` where `title` like "%PHP%" limit 15 offset 0

 execution time: 1.69ms; select exists(select * from `article` where `title` like "%框架%") as `exists`

 execution time: 2.2ms; select exists(select * from `article` where `id` = "2") as `exists`

 execution time: 0.49ms; select * from `article` where `id` = "2" limit 1

 execution time: 0.53ms; update `article` set `browse` = `browse` + 1 where `id` = "2"

 execution time: 0.48ms; select max(`id`) as aggregate from `article` where `id` < "2"

 execution time: 0.31ms; select `id`, `title` from `article` where `id` = "1" limit 1

 execution time: 0.46ms; select min(`id`) as aggregate from `article` where `id` > "2"

 execution time: 0.3ms; select `id`, `title` from `article` where `id` = "3" limit 1

 execution time: 0.38ms; select count(*) as aggregate from `article` where `category_id` = "3"

 execution time: 0.46ms; select * from `article` where `category_id` = "3" limit 6 offset 0

 execution time: 1.51ms; select exists(select * from `article` where `id` = "14") as `exists`

 execution time: 0.56ms; select * from `article` where `id` = "14" limit 1

 execution time: 0.5ms; update `article` set `browse` = `browse` + 1 where `id` = "14"

 execution time: 0.41ms; select max(`id`) as aggregate from `article` where `id` < "14"

 execution time: 0.32ms; select `id`, `title` from `article` where `id` = "13" limit 1

 execution time: 0.35ms; select min(`id`) as aggregate from `article` where `id` > "14"

 execution time: 0.31ms; select `id`, `title` from `article` where `id` = "15" limit 1

 execution time: 0.39ms; select count(*) as aggregate from `article` where `category_id` = "2"

 execution time: 0.45ms; select * from `article` where `category_id` = "2" limit 6 offset 0

 execution time: 1.6ms; select count(*) as aggregate from `article`

 execution time: 0.76ms; select * from `article` order by `update_at` desc limit 3 offset 0

 execution time: 0.29ms; select count(*) as aggregate from `article`

 execution time: 0.52ms; select * from `article` order by `update_at` desc limit 6 offset 0

 execution time: 0.29ms; select count(*) as aggregate from `article`

 execution time: 0.42ms; select * from `article` order by `create_at` desc limit 6 offset 0

 execution time: 0.32ms; select count(*) as aggregate from `article`

 execution time: 0.46ms; select * from `article` order by `browse` desc limit 6 offset 0

 execution time: 2.71ms; select `id`, SUM(amount) as amount, `consume_id`, `date` from `consume_detail` group by `consume_id`

 execution time: 0.65ms; select * from `consume` where `consume`.`id` = "1" limit 1

 execution time: 0.48ms; update `consume` set `update_at` = "1572535382" where `id` = "1"

 execution time: 0.57ms; select * from `consume` where `consume`.`id` = "2" limit 1

 execution time: 1.74ms; update `consume` set `update_at` = "1572535382" where `id` = "2"

 execution time: 0.42ms; select * from `consume` where `consume`.`id` = "8" limit 1

 execution time: 0.46ms; update `consume` set `update_at` = "1572535382" where `id` = "8"

 execution time: 0.42ms; select * from `consume` where `consume`.`id` = "19" limit 1

 execution time: 11.43ms; update `consume` set `update_at` = "1572535382" where `id` = "19"

 execution time: 0.57ms; select * from `consume` where `consume`.`id` = "27" limit 1

 execution time: 0.58ms; update `consume` set `update_at` = "1572535382" where `id` = "27"

 execution time: 0.43ms; select * from `consume` where `consume`.`id` = "31" limit 1

 execution time: 0.46ms; update `consume` set `update_at` = "1572535382" where `id` = "31"

 execution time: 0.41ms; select * from `consume` where `consume`.`id` = "33" limit 1

 execution time: 0.46ms; update `consume` set `update_at` = "1572535382" where `id` = "33"

 execution time: 0.4ms; select * from `consume` where `consume`.`id` = "126" limit 1

 execution time: 0.44ms; update `consume` set `update_at` = "1572535382" where `id` = "126"

 execution time: 0.52ms; select * from `consume` where `consume`.`id` = "128" limit 1

 execution time: 0.51ms; update `consume` set `update_at` = "1572535382" where `id` = "128"

 execution time: 0.4ms; select * from `consume` where `consume`.`id` = "164" limit 1

 execution time: 0.48ms; update `consume` set `update_at` = "1572535382" where `id` = "164"

 execution time: 0.42ms; select * from `consume` where `consume`.`id` = "190" limit 1

 execution time: 0.45ms; update `consume` set `update_at` = "1572535382" where `id` = "190"

 execution time: 0.39ms; select * from `consume` where `consume`.`id` = "202" limit 1

 execution time: 0.46ms; update `consume` set `update_at` = "1572535382" where `id` = "202"

 execution time: 0.41ms; select * from `consume` where `consume`.`id` = "209" limit 1

 execution time: 0.47ms; update `consume` set `update_at` = "1572535382" where `id` = "209"

 execution time: 0.41ms; select * from `consume` where `consume`.`id` = "210" limit 1

 execution time: 1.55ms; update `consume` set `update_at` = "1572535382" where `id` = "210"

 execution time: 0.45ms; select * from `consume` where `consume`.`id` = "211" limit 1

 execution time: 0.46ms; update `consume` set `update_at` = "1572535382" where `id` = "211"

 execution time: 0.43ms; select * from `consume` where `consume`.`id` = "213" limit 1

 execution time: 0.45ms; update `consume` set `update_at` = "1572535382" where `id` = "213"

 execution time: 0.42ms; select * from `consume` where `consume`.`id` = "214" limit 1

 execution time: 0.46ms; update `consume` set `update_at` = "1572535382" where `id` = "214"

 execution time: 0.4ms; select * from `consume` where `consume`.`id` = "215" limit 1

 execution time: 0.45ms; update `consume` set `update_at` = "1572535382" where `id` = "215"

 execution time: 0.41ms; select * from `consume` where `consume`.`id` = "219" limit 1

 execution time: 0.46ms; update `consume` set `update_at` = "1572535382" where `id` = "219"

 execution time: 0.43ms; select * from `consume` where `consume`.`id` = "221" limit 1

 execution time: 0.47ms; update `consume` set `update_at` = "1572535382" where `id` = "221"

 execution time: 0.41ms; select * from `consume` where `consume`.`id` = "223" limit 1

 execution time: 0.46ms; update `consume` set `update_at` = "1572535382" where `id` = "223"

 execution time: 0.73ms; select * from `consume` where `consume`.`id` = "236" limit 1

 execution time: 0.35ms; update `consume` set `update_at` = "1572535382" where `id` = "236"

 execution time: 0.53ms; select * from `consume` where `consume`.`id` = "255" limit 1

 execution time: 1.87ms; update `consume` set `update_at` = "1572535382" where `id` = "255"

 execution time: 0.44ms; select * from `consume` where `consume`.`id` = "381" limit 1

 execution time: 0.46ms; update `consume` set `update_at` = "1572535382" where `id` = "381"

 execution time: 0.4ms; select * from `consume` where `consume`.`id` = "391" limit 1

 execution time: 0.44ms; update `consume` set `update_at` = "1572535382" where `id` = "391"

 execution time: 0.42ms; select * from `consume` where `consume`.`id` = "535" limit 1

 execution time: 0.48ms; update `consume` set `update_at` = "1572535382" where `id` = "535"

 execution time: 0.39ms; select * from `consume` where `consume`.`id` = "545" limit 1

 execution time: 0.5ms; update `consume` set `update_at` = "1572535382" where `id` = "545"

 execution time: 0.41ms; select * from `consume` where `consume`.`id` = "546" limit 1

 execution time: 0.49ms; update `consume` set `update_at` = "1572535382" where `id` = "546"

 execution time: 0.43ms; select * from `consume` where `consume`.`id` = "547" limit 1

 execution time: 0.46ms; update `consume` set `update_at` = "1572535382" where `id` = "547"

 execution time: 0.48ms; select * from `consume` where `consume`.`id` = "548" limit 1

 execution time: 0.44ms; update `consume` set `update_at` = "1572535382" where `id` = "548"

 execution time: 0.41ms; select * from `consume` where `consume`.`id` = "549" limit 1

 execution time: 0.45ms; update `consume` set `update_at` = "1572535382" where `id` = "549"

 execution time: 0.4ms; select * from `consume` where `consume`.`id` = "550" limit 1

 execution time: 0.46ms; update `consume` set `update_at` = "1572535382" where `id` = "550"

 execution time: 0.4ms; select * from `consume` where `consume`.`id` = "551" limit 1

 execution time: 1.3ms; update `consume` set `update_at` = "1572535382" where `id` = "551"

 execution time: 0.43ms; select * from `consume` where `consume`.`id` = "552" limit 1

 execution time: 0.46ms; update `consume` set `update_at` = "1572535382" where `id` = "552"

 execution time: 0.42ms; select * from `consume` where `consume`.`id` = "553" limit 1

 execution time: 0.47ms; update `consume` set `update_at` = "1572535382" where `id` = "553"

 execution time: 0.41ms; select * from `consume` where `consume`.`id` = "554" limit 1

 execution time: 0.45ms; update `consume` set `update_at` = "1572535382" where `id` = "554"

 execution time: 0.43ms; select * from `consume` where `consume`.`id` = "555" limit 1

 execution time: 0.45ms; update `consume` set `update_at` = "1572535382" where `id` = "555"

 execution time: 0.4ms; select * from `consume` where `consume`.`id` = "556" limit 1

 execution time: 0.45ms; update `consume` set `update_at` = "1572535382" where `id` = "556"

 execution time: 0.4ms; select * from `consume` where `consume`.`id` = "557" limit 1

 execution time: 1.32ms; update `consume` set `update_at` = "1572535382" where `id` = "557"

 execution time: 0.57ms; select * from `consume` where `consume`.`id` = "560" limit 1

 execution time: 0.51ms; update `consume` set `update_at` = "1572535382" where `id` = "560"

 execution time: 0.39ms; select * from `consume` where `consume`.`id` = "561" limit 1

 execution time: 0.44ms; update `consume` set `update_at` = "1572535382" where `id` = "561"

 execution time: 0.42ms; select * from `consume` where `consume`.`id` = "563" limit 1

 execution time: 0.47ms; update `consume` set `update_at` = "1572535382" where `id` = "563"

 execution time: 0.41ms; select * from `consume` where `consume`.`id` = "566" limit 1

 execution time: 1.68ms; update `consume` set `update_at` = "1572535382" where `id` = "566"

 execution time: 0.41ms; select * from `consume` where `consume`.`id` = "567" limit 1

 execution time: 0.46ms; update `consume` set `update_at` = "1572535382" where `id` = "567"

 execution time: 0.41ms; select * from `consume` where `consume`.`id` = "568" limit 1

 execution time: 0.45ms; update `consume` set `update_at` = "1572535382" where `id` = "568"

 execution time: 1.31ms; select count(*) as aggregate from `article`

 execution time: 0.47ms; select * from `article` order by `update_at` desc limit 3 offset 0

 execution time: 0.28ms; select count(*) as aggregate from `article`

 execution time: 0.37ms; select * from `article` order by `update_at` desc limit 6 offset 0

 execution time: 0.22ms; select count(*) as aggregate from `article`

 execution time: 0.27ms; select * from `article` order by `create_at` desc limit 6 offset 0

 execution time: 0.27ms; select count(*) as aggregate from `article`

 execution time: 0.3ms; select * from `article` order by `browse` desc limit 6 offset 0

 execution time: 1.33ms; select count(*) as aggregate from `article`

 execution time: 0.47ms; select * from `article` order by `update_at` desc limit 3 offset 0

 execution time: 0.23ms; select count(*) as aggregate from `article`

 execution time: 0.37ms; select * from `article` order by `update_at` desc limit 6 offset 0

 execution time: 0.24ms; select count(*) as aggregate from `article`

 execution time: 0.25ms; select * from `article` order by `create_at` desc limit 6 offset 0

 execution time: 0.26ms; select count(*) as aggregate from `article`

 execution time: 0.27ms; select * from `article` order by `browse` desc limit 6 offset 0

 execution time: 1.55ms; select count(*) as aggregate from `article`

 execution time: 0.49ms; select * from `article` order by `update_at` desc limit 3 offset 0

 execution time: 0.28ms; select count(*) as aggregate from `article`

 execution time: 0.34ms; select * from `article` order by `update_at` desc limit 6 offset 0

 execution time: 0.22ms; select count(*) as aggregate from `article`

 execution time: 0.33ms; select * from `article` order by `create_at` desc limit 6 offset 0

 execution time: 0.21ms; select count(*) as aggregate from `article`

 execution time: 0.28ms; select * from `article` order by `browse` desc limit 6 offset 0

 execution time: 1.19ms; select count(*) as aggregate from `article`

 execution time: 0.46ms; select * from `article` order by `update_at` desc limit 3 offset 0

 execution time: 0.21ms; select count(*) as aggregate from `article`

 execution time: 0.37ms; select * from `article` order by `update_at` desc limit 6 offset 0

 execution time: 0.24ms; select count(*) as aggregate from `article`

 execution time: 0.26ms; select * from `article` order by `create_at` desc limit 6 offset 0

 execution time: 0.26ms; select count(*) as aggregate from `article`

 execution time: 0.27ms; select * from `article` order by `browse` desc limit 6 offset 0

 execution time: 1.26ms; select count(*) as aggregate from `article`

 execution time: 0.48ms; select * from `article` order by `update_at` desc limit 3 offset 0

 execution time: 0.24ms; select count(*) as aggregate from `article`

 execution time: 0.34ms; select * from `article` order by `update_at` desc limit 6 offset 0

 execution time: 0.23ms; select count(*) as aggregate from `article`

 execution time: 0.25ms; select * from `article` order by `create_at` desc limit 6 offset 0

 execution time: 0.26ms; select count(*) as aggregate from `article`

 execution time: 0.29ms; select * from `article` order by `browse` desc limit 6 offset 0

 execution time: 1.19ms; select count(*) as aggregate from `article`

 execution time: 0.46ms; select * from `article` order by `update_at` desc limit 3 offset 0

 execution time: 0.22ms; select count(*) as aggregate from `article`

 execution time: 0.38ms; select * from `article` order by `update_at` desc limit 6 offset 0

 execution time: 0.24ms; select count(*) as aggregate from `article`

 execution time: 0.28ms; select * from `article` order by `create_at` desc limit 6 offset 0

 execution time: 0.26ms; select count(*) as aggregate from `article`

 execution time: 0.28ms; select * from `article` order by `browse` desc limit 6 offset 0

 execution time: 1.53ms; select count(*) as aggregate from `article`

 execution time: 0.43ms; select * from `article` order by `update_at` desc limit 3 offset 0

 execution time: 0.22ms; select count(*) as aggregate from `article`

 execution time: 0.33ms; select * from `article` order by `update_at` desc limit 6 offset 0

 execution time: 0.22ms; select count(*) as aggregate from `article`

 execution time: 0.24ms; select * from `article` order by `create_at` desc limit 6 offset 0

 execution time: 0.27ms; select count(*) as aggregate from `article`

 execution time: 0.27ms; select * from `article` order by `browse` desc limit 6 offset 0

 execution time: 1.12ms; select count(*) as aggregate from `article`

 execution time: 0.47ms; select * from `article` order by `update_at` desc limit 3 offset 0

 execution time: 0.25ms; select count(*) as aggregate from `article`

 execution time: 0.35ms; select * from `article` order by `update_at` desc limit 6 offset 0

 execution time: 0.21ms; select count(*) as aggregate from `article`

 execution time: 0.24ms; select * from `article` order by `create_at` desc limit 6 offset 0

 execution time: 0.27ms; select count(*) as aggregate from `article`

 execution time: 0.33ms; select * from `article` order by `browse` desc limit 6 offset 0

 execution time: 1.2ms; select count(*) as aggregate from `article`

 execution time: 0.47ms; select * from `article` order by `update_at` desc limit 3 offset 0

 execution time: 0.21ms; select count(*) as aggregate from `article`

 execution time: 0.35ms; select * from `article` order by `update_at` desc limit 6 offset 0

 execution time: 0.21ms; select count(*) as aggregate from `article`

 execution time: 0.24ms; select * from `article` order by `create_at` desc limit 6 offset 0

 execution time: 0.27ms; select count(*) as aggregate from `article`

 execution time: 0.28ms; select * from `article` order by `browse` desc limit 6 offset 0

 execution time: 1.17ms; select count(*) as aggregate from `article`

 execution time: 0.46ms; select * from `article` order by `update_at` desc limit 3 offset 0

 execution time: 0.21ms; select count(*) as aggregate from `article`

 execution time: 0.35ms; select * from `article` order by `update_at` desc limit 6 offset 0

 execution time: 0.27ms; select count(*) as aggregate from `article`

 execution time: 0.3ms; select * from `article` order by `create_at` desc limit 6 offset 0

 execution time: 0.21ms; select count(*) as aggregate from `article`

 execution time: 0.28ms; select * from `article` order by `browse` desc limit 6 offset 0

 execution time: 1.25ms; select count(*) as aggregate from `article`

 execution time: 0.45ms; select * from `article` order by `update_at` desc limit 3 offset 0

 execution time: 0.23ms; select count(*) as aggregate from `article`

 execution time: 0.34ms; select * from `article` order by `update_at` desc limit 6 offset 0

 execution time: 0.23ms; select count(*) as aggregate from `article`

 execution time: 0.24ms; select * from `article` order by `create_at` desc limit 6 offset 0

 execution time: 0.27ms; select count(*) as aggregate from `article`

 execution time: 0.28ms; select * from `article` order by `browse` desc limit 6 offset 0

 execution time: 1.4ms; select exists(select * from `article` where `id` = "15") as `exists`

 execution time: 0.55ms; select * from `article` where `id` = "15" limit 1

 execution time: 0.49ms; update `article` set `browse` = `browse` + 1 where `id` = "15"

 execution time: 0.4ms; select max(`id`) as aggregate from `article` where `id` < "15"

 execution time: 0.32ms; select `id`, `title` from `article` where `id` = "14" limit 1

 execution time: 0.34ms; select min(`id`) as aggregate from `article` where `id` > "15"

 execution time: 0.29ms; select `id`, `title` from `article` where `id` = "16" limit 1

 execution time: 0.38ms; select count(*) as aggregate from `article` where `category_id` = "1"

 execution time: 0.45ms; select * from `article` where `category_id` = "1" limit 6 offset 0

 execution time: 1.91ms; select count(*) as aggregate from `article`

 execution time: 0.7ms; select * from `article` order by `update_at` desc limit 3 offset 0

 execution time: 0.32ms; select count(*) as aggregate from `article`

 execution time: 0.44ms; select * from `article` order by `update_at` desc limit 6 offset 0

 execution time: 0.28ms; select count(*) as aggregate from `article`

 execution time: 0.38ms; select * from `article` order by `create_at` desc limit 6 offset 0

 execution time: 0.28ms; select count(*) as aggregate from `article`

 execution time: 0.45ms; select * from `article` order by `browse` desc limit 6 offset 0

 execution time: 1.18ms; select count(*) as aggregate from `article`

 execution time: 1.08ms; select * from `article` order by `update_at` desc limit 3 offset 0

 execution time: 0.29ms; select count(*) as aggregate from `article`

 execution time: 0.29ms; select * from `article` order by `update_at` desc limit 6 offset 0

 execution time: 0.21ms; select count(*) as aggregate from `article`

 execution time: 0.32ms; select * from `article` order by `create_at` desc limit 6 offset 0

 execution time: 0.23ms; select count(*) as aggregate from `article`

 execution time: 0.29ms; select * from `article` order by `browse` desc limit 6 offset 0

 execution time: 1.71ms; select count(*) as aggregate from `article`

 execution time: 0.47ms; select * from `article` order by `update_at` desc limit 3 offset 0

 execution time: 0.24ms; select count(*) as aggregate from `article`

 execution time: 0.36ms; select * from `article` order by `update_at` desc limit 6 offset 0

 execution time: 0.22ms; select count(*) as aggregate from `article`

 execution time: 0.27ms; select * from `article` order by `create_at` desc limit 6 offset 0

 execution time: 0.26ms; select count(*) as aggregate from `article`

 execution time: 0.28ms; select * from `article` order by `browse` desc limit 6 offset 0

 execution time: 1.4ms; select exists(select * from `article` where `id` = "50") as `exists`

 execution time: 0.57ms; select * from `article` where `id` = "50" limit 1

 execution time: 0.49ms; update `article` set `browse` = `browse` + 1 where `id` = "50"

 execution time: 0.43ms; select max(`id`) as aggregate from `article` where `id` < "50"

 execution time: 0.32ms; select `id`, `title` from `article` where `id` = "49" limit 1

 execution time: 0.37ms; select min(`id`) as aggregate from `article` where `id` > "50"

 execution time: 0.34ms; select `id`, `title` from `article` where `id` = "51" limit 1

 execution time: 0.44ms; select count(*) as aggregate from `article` where `category_id` = "1"

 execution time: 0.46ms; select * from `article` where `category_id` = "1" limit 6 offset 0

 execution time: 2.82ms; select count(*) as aggregate from `article`

 execution time: 0.67ms; select * from `article` order by `update_at` desc limit 3 offset 0

 execution time: 0.36ms; select count(*) as aggregate from `article`

 execution time: 0.53ms; select * from `article` order by `update_at` desc limit 6 offset 0

 execution time: 0.28ms; select count(*) as aggregate from `article`

 execution time: 0.47ms; select * from `article` order by `create_at` desc limit 6 offset 0

 execution time: 0.32ms; select count(*) as aggregate from `article`

 execution time: 0.43ms; select * from `article` order by `browse` desc limit 6 offset 0

 execution time: 1.23ms; select count(*) as aggregate from `article`

 execution time: 0.48ms; select * from `article` order by `update_at` desc limit 3 offset 0

 execution time: 0.22ms; select count(*) as aggregate from `article`

 execution time: 0.35ms; select * from `article` order by `update_at` desc limit 6 offset 0

 execution time: 0.23ms; select count(*) as aggregate from `article`

 execution time: 0.26ms; select * from `article` order by `create_at` desc limit 6 offset 0

 execution time: 0.32ms; select count(*) as aggregate from `article`

 execution time: 0.27ms; select * from `article` order by `browse` desc limit 6 offset 0

 execution time: 1.26ms; select count(*) as aggregate from `article`

 execution time: 0.55ms; select * from `article` order by `update_at` desc limit 3 offset 0

 execution time: 0.46ms; select count(*) as aggregate from `article`

 execution time: 0.37ms; select * from `article` order by `update_at` desc limit 6 offset 0

 execution time: 0.28ms; select count(*) as aggregate from `article`

 execution time: 0.3ms; select * from `article` order by `create_at` desc limit 6 offset 0

 execution time: 0.22ms; select count(*) as aggregate from `article`

 execution time: 0.34ms; select * from `article` order by `browse` desc limit 6 offset 0

 execution time: 1.77ms; select count(*) as aggregate from `article`

 execution time: 0.48ms; select * from `article` order by `update_at` desc limit 3 offset 0

 execution time: 0.22ms; select count(*) as aggregate from `article`

 execution time: 0.37ms; select * from `article` order by `update_at` desc limit 6 offset 0

 execution time: 0.21ms; select count(*) as aggregate from `article`

 execution time: 0.27ms; select * from `article` order by `create_at` desc limit 6 offset 0

 execution time: 0.26ms; select count(*) as aggregate from `article`

 execution time: 0.27ms; select * from `article` order by `browse` desc limit 6 offset 0

 execution time: 1.32ms; select count(*) as aggregate from `article`

 execution time: 0.47ms; select * from `article` order by `update_at` desc limit 3 offset 0

 execution time: 0.23ms; select count(*) as aggregate from `article`

 execution time: 0.34ms; select * from `article` order by `update_at` desc limit 6 offset 0

 execution time: 0.23ms; select count(*) as aggregate from `article`

 execution time: 0.24ms; select * from `article` order by `create_at` desc limit 6 offset 0

 execution time: 0.26ms; select count(*) as aggregate from `article`

 execution time: 0.26ms; select * from `article` order by `browse` desc limit 6 offset 0

